<?xml version="1.0" encoding="utf-8"?><testsuites name="pytest tests"><testsuite name="pytest" errors="0" failures="0" skipped="0" tests="78" time="51.322" timestamp="2026-01-12T12:00:00.404389+05:30" hostname="programmer-Default-string"><testcase classname="tests.test_advanced_features" name="test_conditional_required" time="1.089"><system-out>--------------------------------- Captured Log ---------------------------------
#x1B[32mINFO    #x1B[0m app:__init__.py:36 Logging configured.
#x1B[32mINFO    #x1B[0m app:__init__.py:47 Using config: TestingConfig
#x1B[32mINFO    #x1B[0m app:__init__.py:62 MongoDB connected via MOCK
#x1B[32mINFO    #x1B[0m app:__init__.py:84 Middleware loaded: Compress, CORS
#x1B[32mINFO    #x1B[0m app:__init__.py:18 Blueprints registered: form, user, auth, ai, dashboards, workflows
#x1B[32mINFO    #x1B[0m app:__init__.py:88 Blueprints registered.
#x1B[32mINFO    #x1B[0m app:__init__.py:92 ✅ Flask app created successfully.
#x1B[32mINFO    #x1B[0m app:auth_route.py:25 Received registration data: {'email': 'admin_b0fd80@ex.com', 'employee_id': 'A_b0fd80', 'mobile': '2547555970', 'roles': ['admin'], 'user_type': 'employee', 'username': 'admin_b0fd80'}
#x1B[32mINFO    #x1B[0m app:auth_route.py:46 #x1F512 Password set for user: admin_b0fd80
#x1B[32mINFO    #x1B[0m app:auth_route.py:50 ✅ User registered successfully: admin_b0fd80 (admin_b0fd80@ex.com)
#x1B[32mINFO    #x1B[0m app:auth_route.py:59 Received login request
#x1B[35mDEBUG   #x1B[0m app:auth_route.py:62 Request JSON data: {'email': 'admin_b0fd80@ex.com', 'password': 'Pass'}
#x1B[32mINFO    #x1B[0m app:auth_route.py:77 Employee login attempt with identifier: admin_b0fd80@ex.com
#x1B[32mINFO    #x1B[0m app:auth_route.py:104 Login successful for employee user admin_b0fd80@ex.com
#x1B[32mINFO    #x1B[0m app:auth_route.py:137 Issued JWT for user admin_b0fd80 (ID: 18051c0c-adb1-49ee-9f48-53af39651ddd), roles: ['admin']
#x1B[32mINFO    #x1B[0m app:auth_route.py:175 Returning JSON response for user admin_b0fd80
#x1B[32mINFO    #x1B[0m app:auth_route.py:25 Received registration data: {'email': 'sub_abdb72@ex.com', 'employee_id': 'S_abdb72', 'mobile': '1561096438', 'roles': ['user'], 'user_type': 'employee', 'username': 'sub_abdb72'}
#x1B[32mINFO    #x1B[0m app:auth_route.py:46 #x1F512 Password set for user: sub_abdb72
#x1B[32mINFO    #x1B[0m app:auth_route.py:50 ✅ User registered successfully: sub_abdb72 (sub_abdb72@ex.com)
#x1B[32mINFO    #x1B[0m app:auth_route.py:59 Received login request
#x1B[35mDEBUG   #x1B[0m app:auth_route.py:62 Request JSON data: {'email': 'sub_abdb72@ex.com', 'password': 'Pass'}
#x1B[32mINFO    #x1B[0m app:auth_route.py:77 Employee login attempt with identifier: sub_abdb72@ex.com
#x1B[32mINFO    #x1B[0m app:auth_route.py:104 Login successful for employee user sub_abdb72@ex.com
#x1B[32mINFO    #x1B[0m app:auth_route.py:137 Issued JWT for user sub_abdb72 (ID: 2c88706a-7bc1-4595-923e-e29d1c4ba733), roles: ['user']
#x1B[32mINFO    #x1B[0m app:auth_route.py:175 Returning JSON response for user sub_abdb72
#x1B[35mDEBUG   #x1B[0m app:decorator.py:23 Checking access for roles: ('creator', 'admin'), require_all: False
#x1B[32mINFO    #x1B[0m app:form.py:29 User admin_b0fd80 (ID: 18051c0c-adb1-49ee-9f48-53af39651ddd) is attempting to create a form with data: {'is_public': True, 'slug': 'cond-eb6c91', 'status': 'published', 'title': 'Cond Form', 'versions': [{'sections': [{'id': 'ba6acec7-02b6-4309-9a5b-bdb2124b9964', 'questions': [{'field_type': 'input', 'id': 'cac54651-0015-4af4-97b1-2dfed58dc60e', 'label': 'Q1'}, {'field_type': 'input', 'id': '86c0e62e-4e27-4f2a-af8a-a1cdd71b77da', 'label': 'Q2', 'required_condition': "cac54651-0015-4af4-97b1-2dfed58dc60e == 'yes'"}], 'title': 'S1'}], 'version': '1.0'}]}
#x1B[32mINFO    #x1B[0m app:form.py:46 Form 79111db3-ae4b-43af-b2d2-80065c84c105 created successfully by user admin_b0fd80 (ID: 18051c0c-adb1-49ee-9f48-53af39651ddd)
#x1B[32mINFO    #x1B[0m app:responses.py:26 Received submission for form_id: 79111db3-ae4b-43af-b2d2-80065c84c105
#x1B[32mINFO    #x1B[0m app:responses.py:61 Parsed JSON submission: {'ba6acec7-02b6-4309-9a5b-bdb2124b9964': {'cac54651-0015-4af4-97b1-2dfed58dc60e': 'no'}}
#x1B[32mINFO    #x1B[0m app:responses.py:98 Current user: 2c88706a-7bc1-4595-923e-e29d1c4ba733, Form title: Cond Form
#x1B[32mINFO    #x1B[0m app:validation.py:78 Processing section: ba6acec7-02b6-4309-9a5b-bdb2124b9964, repeatable=False
#x1B[35mDEBUG   #x1B[0m app:validation.py:126 Checking question cac54651-0015-4af4-97b1-2dfed58dc60e, label=Q1
#x1B[35mDEBUG   #x1B[0m app:validation.py:126 Checking question 86c0e62e-4e27-4f2a-af8a-a1cdd71b77da, label=Q2
#x1B[35mDEBUG   #x1B[0m app:validation.py:46 Sanitized condition: cac54651-0015-4af4-97b1-2dfed58dc60e == 'yes' -&gt; v_cac54651_0015_4af4_97b1_2dfed58dc60e == 'yes'
#x1B[32mINFO    #x1B[0m app:responses.py:125 Submission saved: response_id=f72d2a8c-4c10-457d-b2d2-c5f6f305bfdb, is_draft=False
#x1B[32mINFO    #x1B[0m app:responses.py:26 Received submission for form_id: 79111db3-ae4b-43af-b2d2-80065c84c105
#x1B[32mINFO    #x1B[0m app:responses.py:61 Parsed JSON submission: {'ba6acec7-02b6-4309-9a5b-bdb2124b9964': {'cac54651-0015-4af4-97b1-2dfed58dc60e': 'yes'}}
#x1B[32mINFO    #x1B[0m app:responses.py:98 Current user: 2c88706a-7bc1-4595-923e-e29d1c4ba733, Form title: Cond Form
#x1B[32mINFO    #x1B[0m app:validation.py:78 Processing section: ba6acec7-02b6-4309-9a5b-bdb2124b9964, repeatable=False
#x1B[35mDEBUG   #x1B[0m app:validation.py:126 Checking question cac54651-0015-4af4-97b1-2dfed58dc60e, label=Q1
#x1B[35mDEBUG   #x1B[0m app:validation.py:126 Checking question 86c0e62e-4e27-4f2a-af8a-a1cdd71b77da, label=Q2
#x1B[35mDEBUG   #x1B[0m app:validation.py:46 Sanitized condition: cac54651-0015-4af4-97b1-2dfed58dc60e == 'yes' -&gt; v_cac54651_0015_4af4_97b1_2dfed58dc60e == 'yes'
#x1B[35mDEBUG   #x1B[0m app:validation.py:143 Field 86c0e62e-4e27-4f2a-af8a-a1cdd71b77da is mandatory due to condition: cac54651-0015-4af4-97b1-2dfed58dc60e == 'yes'
#x1B[33mWARNING #x1B[0m app:validation.py:186 86c0e62e-4e27-4f2a-af8a-a1cdd71b77da: Required field missing
#x1B[33mWARNING #x1B[0m app:responses.py:112 Validation failed with errors: [{'id': '86c0e62e-4e27-4f2a-af8a-a1cdd71b77da', 'error': 'Required field missing'}]
#x1B[32mINFO    #x1B[0m app:responses.py:26 Received submission for form_id: 79111db3-ae4b-43af-b2d2-80065c84c105
#x1B[32mINFO    #x1B[0m app:responses.py:61 Parsed JSON submission: {'ba6acec7-02b6-4309-9a5b-bdb2124b9964': {'86c0e62e-4e27-4f2a-af8a-a1cdd71b77da': 'val', 'cac54651-0015-4af4-97b1-2dfed58dc60e': 'yes'}}
#x1B[32mINFO    #x1B[0m app:responses.py:98 Current user: 2c88706a-7bc1-4595-923e-e29d1c4ba733, Form title: Cond Form
#x1B[32mINFO    #x1B[0m app:validation.py:78 Processing section: ba6acec7-02b6-4309-9a5b-bdb2124b9964, repeatable=False
#x1B[35mDEBUG   #x1B[0m app:validation.py:126 Checking question cac54651-0015-4af4-97b1-2dfed58dc60e, label=Q1
#x1B[35mDEBUG   #x1B[0m app:validation.py:126 Checking question 86c0e62e-4e27-4f2a-af8a-a1cdd71b77da, label=Q2
#x1B[35mDEBUG   #x1B[0m app:validation.py:46 Sanitized condition: cac54651-0015-4af4-97b1-2dfed58dc60e == 'yes' -&gt; v_cac54651_0015_4af4_97b1_2dfed58dc60e == 'yes'
#x1B[35mDEBUG   #x1B[0m app:validation.py:143 Field 86c0e62e-4e27-4f2a-af8a-a1cdd71b77da is mandatory due to condition: cac54651-0015-4af4-97b1-2dfed58dc60e == 'yes'
#x1B[32mINFO    #x1B[0m app:responses.py:125 Submission saved: response_id=af00875a-1e20-4d40-b2af-d077f0424903, is_draft=False
--------------------------------- Captured Out ---------------------------------

</system-out><system-err>--------------------------------- Captured Err ---------------------------------
INFO:app:Logging configured.
INFO:app:Using config: TestingConfig
INFO:app:MongoDB connected via MOCK
INFO:app:Middleware loaded: Compress, CORS
INFO:app:Blueprints registered: form, user, auth, ai, dashboards, workflows
INFO:app:Blueprints registered.
INFO:app:✅ Flask app created successfully.
INFO:app:Received registration data: {'email': 'admin_b0fd80@ex.com', 'employee_id': 'A_b0fd80', 'mobile': '2547555970', 'roles': ['admin'], 'user_type': 'employee', 'username': 'admin_b0fd80'}
INFO:app:#x1F512 Password set for user: admin_b0fd80
INFO:app:✅ User registered successfully: admin_b0fd80 (admin_b0fd80@ex.com)
INFO:app:Received login request
DEBUG:app:Request JSON data: {'email': 'admin_b0fd80@ex.com', 'password': 'Pass'}
INFO:app:Employee login attempt with identifier: admin_b0fd80@ex.com
INFO:app:Login successful for employee user admin_b0fd80@ex.com
INFO:app:Issued JWT for user admin_b0fd80 (ID: 18051c0c-adb1-49ee-9f48-53af39651ddd), roles: ['admin']
INFO:app:Returning JSON response for user admin_b0fd80
INFO:app:Received registration data: {'email': 'sub_abdb72@ex.com', 'employee_id': 'S_abdb72', 'mobile': '1561096438', 'roles': ['user'], 'user_type': 'employee', 'username': 'sub_abdb72'}
INFO:app:#x1F512 Password set for user: sub_abdb72
INFO:app:✅ User registered successfully: sub_abdb72 (sub_abdb72@ex.com)
INFO:app:Received login request
DEBUG:app:Request JSON data: {'email': 'sub_abdb72@ex.com', 'password': 'Pass'}
INFO:app:Employee login attempt with identifier: sub_abdb72@ex.com
INFO:app:Login successful for employee user sub_abdb72@ex.com
INFO:app:Issued JWT for user sub_abdb72 (ID: 2c88706a-7bc1-4595-923e-e29d1c4ba733), roles: ['user']
INFO:app:Returning JSON response for user sub_abdb72
DEBUG:app:Checking access for roles: ('creator', 'admin'), require_all: False
INFO:app:User admin_b0fd80 (ID: 18051c0c-adb1-49ee-9f48-53af39651ddd) is attempting to create a form with data: {'is_public': True, 'slug': 'cond-eb6c91', 'status': 'published', 'title': 'Cond Form', 'versions': [{'sections': [{'id': 'ba6acec7-02b6-4309-9a5b-bdb2124b9964', 'questions': [{'field_type': 'input', 'id': 'cac54651-0015-4af4-97b1-2dfed58dc60e', 'label': 'Q1'}, {'field_type': 'input', 'id': '86c0e62e-4e27-4f2a-af8a-a1cdd71b77da', 'label': 'Q2', 'required_condition': "cac54651-0015-4af4-97b1-2dfed58dc60e == 'yes'"}], 'title': 'S1'}], 'version': '1.0'}]}
INFO:app:Form 79111db3-ae4b-43af-b2d2-80065c84c105 created successfully by user admin_b0fd80 (ID: 18051c0c-adb1-49ee-9f48-53af39651ddd)
INFO:app:Received submission for form_id: 79111db3-ae4b-43af-b2d2-80065c84c105
INFO:app:Parsed JSON submission: {'ba6acec7-02b6-4309-9a5b-bdb2124b9964': {'cac54651-0015-4af4-97b1-2dfed58dc60e': 'no'}}
INFO:app:Current user: 2c88706a-7bc1-4595-923e-e29d1c4ba733, Form title: Cond Form
INFO:app:Processing section: ba6acec7-02b6-4309-9a5b-bdb2124b9964, repeatable=False
DEBUG:app:Checking question cac54651-0015-4af4-97b1-2dfed58dc60e, label=Q1
DEBUG:app:Checking question 86c0e62e-4e27-4f2a-af8a-a1cdd71b77da, label=Q2
DEBUG:app:Sanitized condition: cac54651-0015-4af4-97b1-2dfed58dc60e == 'yes' -&gt; v_cac54651_0015_4af4_97b1_2dfed58dc60e == 'yes'
INFO:app:Submission saved: response_id=f72d2a8c-4c10-457d-b2d2-c5f6f305bfdb, is_draft=False
INFO:app:Received submission for form_id: 79111db3-ae4b-43af-b2d2-80065c84c105
INFO:app:Parsed JSON submission: {'ba6acec7-02b6-4309-9a5b-bdb2124b9964': {'cac54651-0015-4af4-97b1-2dfed58dc60e': 'yes'}}
INFO:app:Current user: 2c88706a-7bc1-4595-923e-e29d1c4ba733, Form title: Cond Form
INFO:app:Processing section: ba6acec7-02b6-4309-9a5b-bdb2124b9964, repeatable=False
DEBUG:app:Checking question cac54651-0015-4af4-97b1-2dfed58dc60e, label=Q1
DEBUG:app:Checking question 86c0e62e-4e27-4f2a-af8a-a1cdd71b77da, label=Q2
DEBUG:app:Sanitized condition: cac54651-0015-4af4-97b1-2dfed58dc60e == 'yes' -&gt; v_cac54651_0015_4af4_97b1_2dfed58dc60e == 'yes'
DEBUG:app:Field 86c0e62e-4e27-4f2a-af8a-a1cdd71b77da is mandatory due to condition: cac54651-0015-4af4-97b1-2dfed58dc60e == 'yes'
WARNING:app:86c0e62e-4e27-4f2a-af8a-a1cdd71b77da: Required field missing
WARNING:app:Validation failed with errors: [{'id': '86c0e62e-4e27-4f2a-af8a-a1cdd71b77da', 'error': 'Required field missing'}]
INFO:app:Received submission for form_id: 79111db3-ae4b-43af-b2d2-80065c84c105
INFO:app:Parsed JSON submission: {'ba6acec7-02b6-4309-9a5b-bdb2124b9964': {'86c0e62e-4e27-4f2a-af8a-a1cdd71b77da': 'val', 'cac54651-0015-4af4-97b1-2dfed58dc60e': 'yes'}}
INFO:app:Current user: 2c88706a-7bc1-4595-923e-e29d1c4ba733, Form title: Cond Form
INFO:app:Processing section: ba6acec7-02b6-4309-9a5b-bdb2124b9964, repeatable=False
DEBUG:app:Checking question cac54651-0015-4af4-97b1-2dfed58dc60e, label=Q1
DEBUG:app:Checking question 86c0e62e-4e27-4f2a-af8a-a1cdd71b77da, label=Q2
DEBUG:app:Sanitized condition: cac54651-0015-4af4-97b1-2dfed58dc60e == 'yes' -&gt; v_cac54651_0015_4af4_97b1_2dfed58dc60e == 'yes'
DEBUG:app:Field 86c0e62e-4e27-4f2a-af8a-a1cdd71b77da is mandatory due to condition: cac54651-0015-4af4-97b1-2dfed58dc60e == 'yes'
INFO:app:Submission saved: response_id=af00875a-1e20-4d40-b2af-d077f0424903, is_draft=False

</system-err></testcase><testcase classname="tests.test_advanced_features" name="test_history_tracking" time="0.988"><system-out>--------------------------------- Captured Log ---------------------------------
#x1B[32mINFO    #x1B[0m app:auth_route.py:25 Received registration data: {'email': 'admin_d70815@ex.com', 'employee_id': 'A_d70815', 'mobile': '2509668461', 'roles': ['admin'], 'user_type': 'employee', 'username': 'admin_d70815'}
#x1B[32mINFO    #x1B[0m app:auth_route.py:46 #x1F512 Password set for user: admin_d70815
#x1B[32mINFO    #x1B[0m app:auth_route.py:50 ✅ User registered successfully: admin_d70815 (admin_d70815@ex.com)
#x1B[32mINFO    #x1B[0m app:auth_route.py:59 Received login request
#x1B[35mDEBUG   #x1B[0m app:auth_route.py:62 Request JSON data: {'email': 'admin_d70815@ex.com', 'password': 'Pass'}
#x1B[32mINFO    #x1B[0m app:auth_route.py:77 Employee login attempt with identifier: admin_d70815@ex.com
#x1B[32mINFO    #x1B[0m app:auth_route.py:104 Login successful for employee user admin_d70815@ex.com
#x1B[32mINFO    #x1B[0m app:auth_route.py:137 Issued JWT for user admin_d70815 (ID: 67802fc3-1f87-4a47-bbe6-59b15e585ae9), roles: ['admin']
#x1B[32mINFO    #x1B[0m app:auth_route.py:175 Returning JSON response for user admin_d70815
#x1B[32mINFO    #x1B[0m app:auth_route.py:25 Received registration data: {'email': 'sub_60ecfa@ex.com', 'employee_id': 'S_60ecfa', 'mobile': '4754209783', 'roles': ['user'], 'user_type': 'employee', 'username': 'sub_60ecfa'}
#x1B[32mINFO    #x1B[0m app:auth_route.py:46 #x1F512 Password set for user: sub_60ecfa
#x1B[32mINFO    #x1B[0m app:auth_route.py:50 ✅ User registered successfully: sub_60ecfa (sub_60ecfa@ex.com)
#x1B[32mINFO    #x1B[0m app:auth_route.py:59 Received login request
#x1B[35mDEBUG   #x1B[0m app:auth_route.py:62 Request JSON data: {'email': 'sub_60ecfa@ex.com', 'password': 'Pass'}
#x1B[32mINFO    #x1B[0m app:auth_route.py:77 Employee login attempt with identifier: sub_60ecfa@ex.com
#x1B[32mINFO    #x1B[0m app:auth_route.py:104 Login successful for employee user sub_60ecfa@ex.com
#x1B[32mINFO    #x1B[0m app:auth_route.py:137 Issued JWT for user sub_60ecfa (ID: 3e38c90e-8e3a-44c9-af7e-8d952490e951), roles: ['user']
#x1B[32mINFO    #x1B[0m app:auth_route.py:175 Returning JSON response for user sub_60ecfa
#x1B[35mDEBUG   #x1B[0m app:decorator.py:23 Checking access for roles: ('creator', 'admin'), require_all: False
#x1B[32mINFO    #x1B[0m app:form.py:29 User admin_d70815 (ID: 67802fc3-1f87-4a47-bbe6-59b15e585ae9) is attempting to create a form with data: {'is_public': True, 'slug': 'hist-58ac92', 'status': 'published', 'title': 'Hist Form', 'versions': [{'sections': [{'id': '0a0411df-e015-4add-98b6-ad1257f007d9', 'questions': [], 'title': 'S1'}], 'version': '1.0'}]}
#x1B[32mINFO    #x1B[0m app:form.py:46 Form 19d3c7a4-fc2d-4ad1-82cf-f1b178af58ef created successfully by user admin_d70815 (ID: 67802fc3-1f87-4a47-bbe6-59b15e585ae9)
#x1B[32mINFO    #x1B[0m app:responses.py:26 Received submission for form_id: 19d3c7a4-fc2d-4ad1-82cf-f1b178af58ef
#x1B[32mINFO    #x1B[0m app:responses.py:61 Parsed JSON submission: {'foo': 'bar'}
#x1B[32mINFO    #x1B[0m app:responses.py:98 Current user: 3e38c90e-8e3a-44c9-af7e-8d952490e951, Form title: Hist Form
#x1B[32mINFO    #x1B[0m app:validation.py:78 Processing section: 0a0411df-e015-4add-98b6-ad1257f007d9, repeatable=False
#x1B[32mINFO    #x1B[0m app:responses.py:125 Submission saved: response_id=c4bbaa93-ac38-4dc7-94aa-46cd2858bb66, is_draft=False
#x1B[32mINFO    #x1B[0m app:responses.py:306 Updating submission form=19d3c7a4-fc2d-4ad1-82cf-f1b178af58ef resp=c4bbaa93-ac38-4dc7-94aa-46cd2858bb66
#x1B[32mINFO    #x1B[0m app:validation.py:78 Processing section: 0a0411df-e015-4add-98b6-ad1257f007d9, repeatable=False
--------------------------------- Captured Out ---------------------------------

</system-out><system-err>--------------------------------- Captured Err ---------------------------------
INFO:app:Received registration data: {'email': 'admin_d70815@ex.com', 'employee_id': 'A_d70815', 'mobile': '2509668461', 'roles': ['admin'], 'user_type': 'employee', 'username': 'admin_d70815'}
INFO:app:#x1F512 Password set for user: admin_d70815
INFO:app:✅ User registered successfully: admin_d70815 (admin_d70815@ex.com)
INFO:app:Received login request
DEBUG:app:Request JSON data: {'email': 'admin_d70815@ex.com', 'password': 'Pass'}
INFO:app:Employee login attempt with identifier: admin_d70815@ex.com
INFO:app:Login successful for employee user admin_d70815@ex.com
INFO:app:Issued JWT for user admin_d70815 (ID: 67802fc3-1f87-4a47-bbe6-59b15e585ae9), roles: ['admin']
INFO:app:Returning JSON response for user admin_d70815
INFO:app:Received registration data: {'email': 'sub_60ecfa@ex.com', 'employee_id': 'S_60ecfa', 'mobile': '4754209783', 'roles': ['user'], 'user_type': 'employee', 'username': 'sub_60ecfa'}
INFO:app:#x1F512 Password set for user: sub_60ecfa
INFO:app:✅ User registered successfully: sub_60ecfa (sub_60ecfa@ex.com)
INFO:app:Received login request
DEBUG:app:Request JSON data: {'email': 'sub_60ecfa@ex.com', 'password': 'Pass'}
INFO:app:Employee login attempt with identifier: sub_60ecfa@ex.com
INFO:app:Login successful for employee user sub_60ecfa@ex.com
INFO:app:Issued JWT for user sub_60ecfa (ID: 3e38c90e-8e3a-44c9-af7e-8d952490e951), roles: ['user']
INFO:app:Returning JSON response for user sub_60ecfa
DEBUG:app:Checking access for roles: ('creator', 'admin'), require_all: False
INFO:app:User admin_d70815 (ID: 67802fc3-1f87-4a47-bbe6-59b15e585ae9) is attempting to create a form with data: {'is_public': True, 'slug': 'hist-58ac92', 'status': 'published', 'title': 'Hist Form', 'versions': [{'sections': [{'id': '0a0411df-e015-4add-98b6-ad1257f007d9', 'questions': [], 'title': 'S1'}], 'version': '1.0'}]}
INFO:app:Form 19d3c7a4-fc2d-4ad1-82cf-f1b178af58ef created successfully by user admin_d70815 (ID: 67802fc3-1f87-4a47-bbe6-59b15e585ae9)
INFO:app:Received submission for form_id: 19d3c7a4-fc2d-4ad1-82cf-f1b178af58ef
INFO:app:Parsed JSON submission: {'foo': 'bar'}
INFO:app:Current user: 3e38c90e-8e3a-44c9-af7e-8d952490e951, Form title: Hist Form
INFO:app:Processing section: 0a0411df-e015-4add-98b6-ad1257f007d9, repeatable=False
INFO:app:Submission saved: response_id=c4bbaa93-ac38-4dc7-94aa-46cd2858bb66, is_draft=False
INFO:app:Updating submission form=19d3c7a4-fc2d-4ad1-82cf-f1b178af58ef resp=c4bbaa93-ac38-4dc7-94aa-46cd2858bb66
INFO:app:Processing section: 0a0411df-e015-4add-98b6-ad1257f007d9, repeatable=False

</system-err></testcase><testcase classname="tests.test_advanced_features" name="test_webhooks" time="0.988"><system-out>--------------------------------- Captured Log ---------------------------------
#x1B[32mINFO    #x1B[0m app:auth_route.py:25 Received registration data: {'email': 'admin_c4a5f4@ex.com', 'employee_id': 'A_c4a5f4', 'mobile': '8620007896', 'roles': ['admin'], 'user_type': 'employee', 'username': 'admin_c4a5f4'}
#x1B[32mINFO    #x1B[0m app:auth_route.py:46 #x1F512 Password set for user: admin_c4a5f4
#x1B[32mINFO    #x1B[0m app:auth_route.py:50 ✅ User registered successfully: admin_c4a5f4 (admin_c4a5f4@ex.com)
#x1B[32mINFO    #x1B[0m app:auth_route.py:59 Received login request
#x1B[35mDEBUG   #x1B[0m app:auth_route.py:62 Request JSON data: {'email': 'admin_c4a5f4@ex.com', 'password': 'Pass'}
#x1B[32mINFO    #x1B[0m app:auth_route.py:77 Employee login attempt with identifier: admin_c4a5f4@ex.com
#x1B[32mINFO    #x1B[0m app:auth_route.py:104 Login successful for employee user admin_c4a5f4@ex.com
#x1B[32mINFO    #x1B[0m app:auth_route.py:137 Issued JWT for user admin_c4a5f4 (ID: 767e6e74-3877-4a0b-a2d2-da72f3e54dd9), roles: ['admin']
#x1B[32mINFO    #x1B[0m app:auth_route.py:175 Returning JSON response for user admin_c4a5f4
#x1B[32mINFO    #x1B[0m app:auth_route.py:25 Received registration data: {'email': 'sub_797c13@ex.com', 'employee_id': 'S_797c13', 'mobile': '3036959681', 'roles': ['user'], 'user_type': 'employee', 'username': 'sub_797c13'}
#x1B[32mINFO    #x1B[0m app:auth_route.py:46 #x1F512 Password set for user: sub_797c13
#x1B[32mINFO    #x1B[0m app:auth_route.py:50 ✅ User registered successfully: sub_797c13 (sub_797c13@ex.com)
#x1B[32mINFO    #x1B[0m app:auth_route.py:59 Received login request
#x1B[35mDEBUG   #x1B[0m app:auth_route.py:62 Request JSON data: {'email': 'sub_797c13@ex.com', 'password': 'Pass'}
#x1B[32mINFO    #x1B[0m app:auth_route.py:77 Employee login attempt with identifier: sub_797c13@ex.com
#x1B[32mINFO    #x1B[0m app:auth_route.py:104 Login successful for employee user sub_797c13@ex.com
#x1B[32mINFO    #x1B[0m app:auth_route.py:137 Issued JWT for user sub_797c13 (ID: 7bc55cb9-4230-4c54-9c57-281dcfc00a43), roles: ['user']
#x1B[32mINFO    #x1B[0m app:auth_route.py:175 Returning JSON response for user sub_797c13
#x1B[35mDEBUG   #x1B[0m app:decorator.py:23 Checking access for roles: ('creator', 'admin'), require_all: False
#x1B[32mINFO    #x1B[0m app:form.py:29 User admin_c4a5f4 (ID: 767e6e74-3877-4a0b-a2d2-da72f3e54dd9) is attempting to create a form with data: {'is_public': True, 'slug': 'hook-c53d73', 'status': 'published', 'title': 'Hook Form', 'versions': [{'sections': [{'id': '3250a478-8b33-4f2c-ad1f-3068f5a37e8d', 'questions': [], 'title': 'S1'}], 'version': '1.0'}], 'webhooks': [{'events': ['submitted'], 'secret': 'xyz', 'url': 'http://mock-hook.com'}]}
#x1B[32mINFO    #x1B[0m app:form.py:46 Form 1315894d-c4b3-4c72-9d46-425925d04ab9 created successfully by user admin_c4a5f4 (ID: 767e6e74-3877-4a0b-a2d2-da72f3e54dd9)
#x1B[32mINFO    #x1B[0m app:responses.py:26 Received submission for form_id: 1315894d-c4b3-4c72-9d46-425925d04ab9
#x1B[32mINFO    #x1B[0m app:responses.py:61 Parsed JSON submission: {}
#x1B[32mINFO    #x1B[0m app:responses.py:98 Current user: 7bc55cb9-4230-4c54-9c57-281dcfc00a43, Form title: Hook Form
#x1B[32mINFO    #x1B[0m app:validation.py:78 Processing section: 3250a478-8b33-4f2c-ad1f-3068f5a37e8d, repeatable=False
#x1B[32mINFO    #x1B[0m app:responses.py:125 Submission saved: response_id=75584f8a-9a82-40a2-b5d3-da645050590b, is_draft=False
#x1B[32mINFO    #x1B[0m app:webhooks.py:53 Webhook sent to http://mock-hook.com for event submitted. Status: &lt;MagicMock name='post().status_code' id='139571390399744'&gt;
--------------------------------- Captured Out ---------------------------------

</system-out><system-err>--------------------------------- Captured Err ---------------------------------
INFO:app:Received registration data: {'email': 'admin_c4a5f4@ex.com', 'employee_id': 'A_c4a5f4', 'mobile': '8620007896', 'roles': ['admin'], 'user_type': 'employee', 'username': 'admin_c4a5f4'}
INFO:app:#x1F512 Password set for user: admin_c4a5f4
INFO:app:✅ User registered successfully: admin_c4a5f4 (admin_c4a5f4@ex.com)
INFO:app:Received login request
DEBUG:app:Request JSON data: {'email': 'admin_c4a5f4@ex.com', 'password': 'Pass'}
INFO:app:Employee login attempt with identifier: admin_c4a5f4@ex.com
INFO:app:Login successful for employee user admin_c4a5f4@ex.com
INFO:app:Issued JWT for user admin_c4a5f4 (ID: 767e6e74-3877-4a0b-a2d2-da72f3e54dd9), roles: ['admin']
INFO:app:Returning JSON response for user admin_c4a5f4
INFO:app:Received registration data: {'email': 'sub_797c13@ex.com', 'employee_id': 'S_797c13', 'mobile': '3036959681', 'roles': ['user'], 'user_type': 'employee', 'username': 'sub_797c13'}
INFO:app:#x1F512 Password set for user: sub_797c13
INFO:app:✅ User registered successfully: sub_797c13 (sub_797c13@ex.com)
INFO:app:Received login request
DEBUG:app:Request JSON data: {'email': 'sub_797c13@ex.com', 'password': 'Pass'}
INFO:app:Employee login attempt with identifier: sub_797c13@ex.com
INFO:app:Login successful for employee user sub_797c13@ex.com
INFO:app:Issued JWT for user sub_797c13 (ID: 7bc55cb9-4230-4c54-9c57-281dcfc00a43), roles: ['user']
INFO:app:Returning JSON response for user sub_797c13
DEBUG:app:Checking access for roles: ('creator', 'admin'), require_all: False
INFO:app:User admin_c4a5f4 (ID: 767e6e74-3877-4a0b-a2d2-da72f3e54dd9) is attempting to create a form with data: {'is_public': True, 'slug': 'hook-c53d73', 'status': 'published', 'title': 'Hook Form', 'versions': [{'sections': [{'id': '3250a478-8b33-4f2c-ad1f-3068f5a37e8d', 'questions': [], 'title': 'S1'}], 'version': '1.0'}], 'webhooks': [{'events': ['submitted'], 'secret': 'xyz', 'url': 'http://mock-hook.com'}]}
INFO:app:Form 1315894d-c4b3-4c72-9d46-425925d04ab9 created successfully by user admin_c4a5f4 (ID: 767e6e74-3877-4a0b-a2d2-da72f3e54dd9)
INFO:app:Received submission for form_id: 1315894d-c4b3-4c72-9d46-425925d04ab9
INFO:app:Parsed JSON submission: {}
INFO:app:Current user: 7bc55cb9-4230-4c54-9c57-281dcfc00a43, Form title: Hook Form
INFO:app:Processing section: 3250a478-8b33-4f2c-ad1f-3068f5a37e8d, repeatable=False
INFO:app:Submission saved: response_id=75584f8a-9a82-40a2-b5d3-da645050590b, is_draft=False
INFO:app:Webhook sent to http://mock-hook.com for event submitted. Status: &lt;MagicMock name='post().status_code' id='139571390399744'&gt;

</system-err></testcase><testcase classname="tests.test_advanced_validation" name="test_global_custom_validation" time="0.496"><system-out>--------------------------------- Captured Log ---------------------------------
#x1B[32mINFO    #x1B[0m app:auth_route.py:25 Received registration data: {'email': 'adv_admin_7184ea@test.com', 'employee_id': 'EMP_1a558b', 'mobile': '7755649901', 'roles': ['admin'], 'user_type': 'employee', 'username': 'adv_admin'}
#x1B[32mINFO    #x1B[0m app:auth_route.py:46 #x1F512 Password set for user: adv_admin
#x1B[32mINFO    #x1B[0m app:auth_route.py:50 ✅ User registered successfully: adv_admin (adv_admin_7184ea@test.com)
#x1B[32mINFO    #x1B[0m app:auth_route.py:59 Received login request
#x1B[35mDEBUG   #x1B[0m app:auth_route.py:62 Request JSON data: {'email': 'adv_admin_7184ea@test.com', 'password': 'SecurePassword123'}
#x1B[32mINFO    #x1B[0m app:auth_route.py:77 Employee login attempt with identifier: adv_admin_7184ea@test.com
#x1B[32mINFO    #x1B[0m app:auth_route.py:104 Login successful for employee user adv_admin_7184ea@test.com
#x1B[32mINFO    #x1B[0m app:auth_route.py:137 Issued JWT for user adv_admin (ID: 0596b89a-f75a-42a1-b7c0-2f113d25f499), roles: ['admin']
#x1B[32mINFO    #x1B[0m app:auth_route.py:175 Returning JSON response for user adv_admin
#x1B[35mDEBUG   #x1B[0m app:decorator.py:23 Checking access for roles: ('creator', 'admin'), require_all: False
#x1B[32mINFO    #x1B[0m app:form.py:29 User adv_admin (ID: 0596b89a-f75a-42a1-b7c0-2f113d25f499) is attempting to create a form with data: {'is_public': True, 'slug': 'cross-val-361ae9', 'status': 'published', 'title': 'Cross Validation Form', 'versions': [{'custom_validations': [{'error_message': 'Start must be before End', 'expression': 'v_0946219c_e43f_493e_872d_afc93ccfb9fd &lt; v_8e18f8be_400e_4c96_a246_cea4b5c27082'}], 'sections': [{'id': '331eebfd-9892-41d9-85ac-30013b64ecec', 'questions': [{'field_type': 'input', 'id': '0946219c-e43f-493e-872d-afc93ccfb9fd', 'is_required': True, 'label': 'Start'}, {'field_type': 'input', 'id': '8e18f8be-400e-4c96-a246-cea4b5c27082', 'is_required': True, 'label': 'End'}], 'title': 'Dates'}], 'version': '1.0'}]}
#x1B[32mINFO    #x1B[0m app:form.py:46 Form 012782bb-f8e2-43e9-a229-d64ff7237c7a created successfully by user adv_admin (ID: 0596b89a-f75a-42a1-b7c0-2f113d25f499)
#x1B[32mINFO    #x1B[0m app:responses.py:26 Received submission for form_id: 012782bb-f8e2-43e9-a229-d64ff7237c7a
#x1B[32mINFO    #x1B[0m app:responses.py:61 Parsed JSON submission: {'331eebfd-9892-41d9-85ac-30013b64ecec': {'0946219c-e43f-493e-872d-afc93ccfb9fd': '2023-01-01', '8e18f8be-400e-4c96-a246-cea4b5c27082': '2023-01-02'}}
#x1B[32mINFO    #x1B[0m app:responses.py:98 Current user: 0596b89a-f75a-42a1-b7c0-2f113d25f499, Form title: Cross Validation Form
#x1B[32mINFO    #x1B[0m app:validation.py:78 Processing section: 331eebfd-9892-41d9-85ac-30013b64ecec, repeatable=False
#x1B[35mDEBUG   #x1B[0m app:validation.py:126 Checking question 0946219c-e43f-493e-872d-afc93ccfb9fd, label=Start
#x1B[35mDEBUG   #x1B[0m app:validation.py:126 Checking question 8e18f8be-400e-4c96-a246-cea4b5c27082, label=End
#x1B[32mINFO    #x1B[0m app:responses.py:125 Submission saved: response_id=7af32164-7358-49b7-a750-b2cc4e945a00, is_draft=False
#x1B[32mINFO    #x1B[0m app:responses.py:26 Received submission for form_id: 012782bb-f8e2-43e9-a229-d64ff7237c7a
#x1B[32mINFO    #x1B[0m app:responses.py:61 Parsed JSON submission: {'331eebfd-9892-41d9-85ac-30013b64ecec': {'0946219c-e43f-493e-872d-afc93ccfb9fd': '2023-02-01', '8e18f8be-400e-4c96-a246-cea4b5c27082': '2023-01-01'}}
#x1B[32mINFO    #x1B[0m app:responses.py:98 Current user: 0596b89a-f75a-42a1-b7c0-2f113d25f499, Form title: Cross Validation Form
#x1B[32mINFO    #x1B[0m app:validation.py:78 Processing section: 331eebfd-9892-41d9-85ac-30013b64ecec, repeatable=False
#x1B[35mDEBUG   #x1B[0m app:validation.py:126 Checking question 0946219c-e43f-493e-872d-afc93ccfb9fd, label=Start
#x1B[35mDEBUG   #x1B[0m app:validation.py:126 Checking question 8e18f8be-400e-4c96-a246-cea4b5c27082, label=End
#x1B[33mWARNING #x1B[0m app:validation.py:285 Global validation failed: v_0946219c_e43f_493e_872d_afc93ccfb9fd &lt; v_8e18f8be_400e_4c96_a246_cea4b5c27082
#x1B[33mWARNING #x1B[0m app:responses.py:112 Validation failed with errors: [{'global': True, 'error': 'Start must be before End'}]
--------------------------------- Captured Out ---------------------------------

</system-out><system-err>--------------------------------- Captured Err ---------------------------------
INFO:app:Received registration data: {'email': 'adv_admin_7184ea@test.com', 'employee_id': 'EMP_1a558b', 'mobile': '7755649901', 'roles': ['admin'], 'user_type': 'employee', 'username': 'adv_admin'}
INFO:app:#x1F512 Password set for user: adv_admin
INFO:app:✅ User registered successfully: adv_admin (adv_admin_7184ea@test.com)
INFO:app:Received login request
DEBUG:app:Request JSON data: {'email': 'adv_admin_7184ea@test.com', 'password': 'SecurePassword123'}
INFO:app:Employee login attempt with identifier: adv_admin_7184ea@test.com
INFO:app:Login successful for employee user adv_admin_7184ea@test.com
INFO:app:Issued JWT for user adv_admin (ID: 0596b89a-f75a-42a1-b7c0-2f113d25f499), roles: ['admin']
INFO:app:Returning JSON response for user adv_admin
DEBUG:app:Checking access for roles: ('creator', 'admin'), require_all: False
INFO:app:User adv_admin (ID: 0596b89a-f75a-42a1-b7c0-2f113d25f499) is attempting to create a form with data: {'is_public': True, 'slug': 'cross-val-361ae9', 'status': 'published', 'title': 'Cross Validation Form', 'versions': [{'custom_validations': [{'error_message': 'Start must be before End', 'expression': 'v_0946219c_e43f_493e_872d_afc93ccfb9fd &lt; v_8e18f8be_400e_4c96_a246_cea4b5c27082'}], 'sections': [{'id': '331eebfd-9892-41d9-85ac-30013b64ecec', 'questions': [{'field_type': 'input', 'id': '0946219c-e43f-493e-872d-afc93ccfb9fd', 'is_required': True, 'label': 'Start'}, {'field_type': 'input', 'id': '8e18f8be-400e-4c96-a246-cea4b5c27082', 'is_required': True, 'label': 'End'}], 'title': 'Dates'}], 'version': '1.0'}]}
INFO:app:Form 012782bb-f8e2-43e9-a229-d64ff7237c7a created successfully by user adv_admin (ID: 0596b89a-f75a-42a1-b7c0-2f113d25f499)
INFO:app:Received submission for form_id: 012782bb-f8e2-43e9-a229-d64ff7237c7a
INFO:app:Parsed JSON submission: {'331eebfd-9892-41d9-85ac-30013b64ecec': {'0946219c-e43f-493e-872d-afc93ccfb9fd': '2023-01-01', '8e18f8be-400e-4c96-a246-cea4b5c27082': '2023-01-02'}}
INFO:app:Current user: 0596b89a-f75a-42a1-b7c0-2f113d25f499, Form title: Cross Validation Form
INFO:app:Processing section: 331eebfd-9892-41d9-85ac-30013b64ecec, repeatable=False
DEBUG:app:Checking question 0946219c-e43f-493e-872d-afc93ccfb9fd, label=Start
DEBUG:app:Checking question 8e18f8be-400e-4c96-a246-cea4b5c27082, label=End
INFO:app:Submission saved: response_id=7af32164-7358-49b7-a750-b2cc4e945a00, is_draft=False
INFO:app:Received submission for form_id: 012782bb-f8e2-43e9-a229-d64ff7237c7a
INFO:app:Parsed JSON submission: {'331eebfd-9892-41d9-85ac-30013b64ecec': {'0946219c-e43f-493e-872d-afc93ccfb9fd': '2023-02-01', '8e18f8be-400e-4c96-a246-cea4b5c27082': '2023-01-01'}}
INFO:app:Current user: 0596b89a-f75a-42a1-b7c0-2f113d25f499, Form title: Cross Validation Form
INFO:app:Processing section: 331eebfd-9892-41d9-85ac-30013b64ecec, repeatable=False
DEBUG:app:Checking question 0946219c-e43f-493e-872d-afc93ccfb9fd, label=Start
DEBUG:app:Checking question 8e18f8be-400e-4c96-a246-cea4b5c27082, label=End
WARNING:app:Global validation failed: v_0946219c_e43f_493e_872d_afc93ccfb9fd &lt; v_8e18f8be_400e_4c96_a246_cea4b5c27082
WARNING:app:Validation failed with errors: [{'global': True, 'error': 'Start must be before End'}]

</system-err></testcase><testcase classname="tests.test_ai_analysis" name="test_ai_analysis" time="0.497"><system-out>--------------------------------- Captured Log ---------------------------------
#x1B[32mINFO    #x1B[0m app:auth_route.py:25 Received registration data: {'email': 'ai@example.com', 'mobile': '1112223334', 'roles': ['admin'], 'user_type': 'employee', 'username': 'ai_tester'}
#x1B[32mINFO    #x1B[0m app:auth_route.py:46 #x1F512 Password set for user: ai_tester
#x1B[32mINFO    #x1B[0m app:auth_route.py:50 ✅ User registered successfully: ai_tester (ai@example.com)
#x1B[32mINFO    #x1B[0m app:auth_route.py:59 Received login request
#x1B[35mDEBUG   #x1B[0m app:auth_route.py:62 Request JSON data: {'email': 'ai@example.com', 'password': 'AdminPassword123'}
#x1B[32mINFO    #x1B[0m app:auth_route.py:77 Employee login attempt with identifier: ai@example.com
#x1B[32mINFO    #x1B[0m app:auth_route.py:104 Login successful for employee user ai@example.com
#x1B[32mINFO    #x1B[0m app:auth_route.py:137 Issued JWT for user ai_tester (ID: 8787622e-25c0-49f9-a590-ce51a93ec16b), roles: ['admin']
#x1B[32mINFO    #x1B[0m app:auth_route.py:175 Returning JSON response for user ai_tester
#x1B[35mDEBUG   #x1B[0m app:decorator.py:23 Checking access for roles: ('creator', 'admin'), require_all: False
#x1B[32mINFO    #x1B[0m app:form.py:29 User ai_tester (ID: 8787622e-25c0-49f9-a590-ce51a93ec16b) is attempting to create a form with data: {'id': '8853d29f-1abe-4286-8a1e-9e30a3e40d65', 'slug': 'ai-test-c11f91', 'status': 'published', 'title': 'AI Test Form', 'versions': [{'sections': [{'id': '6a96540a-1d3b-4239-b1a4-a643032f1214', 'questions': [{'field_type': 'textarea', 'id': '18c67dec-bae3-4df3-b776-b6dea9f0c8ac', 'label': 'Feedback'}], 'title': 'S1'}], 'version': '1.0'}]}
#x1B[32mINFO    #x1B[0m app:form.py:46 Form 8853d29f-1abe-4286-8a1e-9e30a3e40d65 created successfully by user ai_tester (ID: 8787622e-25c0-49f9-a590-ce51a93ec16b)
#x1B[32mINFO    #x1B[0m app:responses.py:26 Received submission for form_id: 8853d29f-1abe-4286-8a1e-9e30a3e40d65
#x1B[32mINFO    #x1B[0m app:responses.py:61 Parsed JSON submission: {'6a96540a-1d3b-4239-b1a4-a643032f1214': {'18c67dec-bae3-4df3-b776-b6dea9f0c8ac': 'This system is amazing! Contact me at test@example.com or 9998887776.'}}
#x1B[32mINFO    #x1B[0m app:responses.py:98 Current user: 8787622e-25c0-49f9-a590-ce51a93ec16b, Form title: AI Test Form
#x1B[32mINFO    #x1B[0m app:validation.py:78 Processing section: 6a96540a-1d3b-4239-b1a4-a643032f1214, repeatable=False
#x1B[35mDEBUG   #x1B[0m app:validation.py:126 Checking question 18c67dec-bae3-4df3-b776-b6dea9f0c8ac, label=Feedback
#x1B[32mINFO    #x1B[0m app:responses.py:125 Submission saved: response_id=5046a2a6-212d-4869-89a1-fac7d30e8346, is_draft=False
--------------------------------- Captured Out ---------------------------------

</system-out><system-err>--------------------------------- Captured Err ---------------------------------
INFO:app:Received registration data: {'email': 'ai@example.com', 'mobile': '1112223334', 'roles': ['admin'], 'user_type': 'employee', 'username': 'ai_tester'}
INFO:app:#x1F512 Password set for user: ai_tester
INFO:app:✅ User registered successfully: ai_tester (ai@example.com)
INFO:app:Received login request
DEBUG:app:Request JSON data: {'email': 'ai@example.com', 'password': 'AdminPassword123'}
INFO:app:Employee login attempt with identifier: ai@example.com
INFO:app:Login successful for employee user ai@example.com
INFO:app:Issued JWT for user ai_tester (ID: 8787622e-25c0-49f9-a590-ce51a93ec16b), roles: ['admin']
INFO:app:Returning JSON response for user ai_tester
DEBUG:app:Checking access for roles: ('creator', 'admin'), require_all: False
INFO:app:User ai_tester (ID: 8787622e-25c0-49f9-a590-ce51a93ec16b) is attempting to create a form with data: {'id': '8853d29f-1abe-4286-8a1e-9e30a3e40d65', 'slug': 'ai-test-c11f91', 'status': 'published', 'title': 'AI Test Form', 'versions': [{'sections': [{'id': '6a96540a-1d3b-4239-b1a4-a643032f1214', 'questions': [{'field_type': 'textarea', 'id': '18c67dec-bae3-4df3-b776-b6dea9f0c8ac', 'label': 'Feedback'}], 'title': 'S1'}], 'version': '1.0'}]}
INFO:app:Form 8853d29f-1abe-4286-8a1e-9e30a3e40d65 created successfully by user ai_tester (ID: 8787622e-25c0-49f9-a590-ce51a93ec16b)
INFO:app:Received submission for form_id: 8853d29f-1abe-4286-8a1e-9e30a3e40d65
INFO:app:Parsed JSON submission: {'6a96540a-1d3b-4239-b1a4-a643032f1214': {'18c67dec-bae3-4df3-b776-b6dea9f0c8ac': 'This system is amazing! Contact me at test@example.com or 9998887776.'}}
INFO:app:Current user: 8787622e-25c0-49f9-a590-ce51a93ec16b, Form title: AI Test Form
INFO:app:Processing section: 6a96540a-1d3b-4239-b1a4-a643032f1214, repeatable=False
DEBUG:app:Checking question 18c67dec-bae3-4df3-b776-b6dea9f0c8ac, label=Feedback
INFO:app:Submission saved: response_id=5046a2a6-212d-4869-89a1-fac7d30e8346, is_draft=False

</system-err></testcase><testcase classname="tests.test_ai_anomalies" name="test_ai_anomaly_detection" time="0.513"><system-out>--------------------------------- Captured Log ---------------------------------
#x1B[32mINFO    #x1B[0m app:auth_route.py:25 Received registration data: {'email': 'anomaly@example.com', 'mobile': '9993334445', 'roles': ['admin'], 'user_type': 'employee', 'username': 'anomaly_tester'}
#x1B[32mINFO    #x1B[0m app:auth_route.py:46 #x1F512 Password set for user: anomaly_tester
#x1B[32mINFO    #x1B[0m app:auth_route.py:50 ✅ User registered successfully: anomaly_tester (anomaly@example.com)
#x1B[32mINFO    #x1B[0m app:auth_route.py:59 Received login request
#x1B[35mDEBUG   #x1B[0m app:auth_route.py:62 Request JSON data: {'email': 'anomaly@example.com', 'password': 'AdminPassword123'}
#x1B[32mINFO    #x1B[0m app:auth_route.py:77 Employee login attempt with identifier: anomaly@example.com
#x1B[32mINFO    #x1B[0m app:auth_route.py:104 Login successful for employee user anomaly@example.com
#x1B[32mINFO    #x1B[0m app:auth_route.py:137 Issued JWT for user anomaly_tester (ID: acd7f596-ebe2-4480-ba2c-75a5cc895b08), roles: ['admin']
#x1B[32mINFO    #x1B[0m app:auth_route.py:175 Returning JSON response for user anomaly_tester
#x1B[35mDEBUG   #x1B[0m app:decorator.py:23 Checking access for roles: ('creator', 'admin'), require_all: False
#x1B[32mINFO    #x1B[0m app:form.py:29 User anomaly_tester (ID: acd7f596-ebe2-4480-ba2c-75a5cc895b08) is attempting to create a form with data: {'id': '9a7e3f94-3598-46ea-b0e4-884bcbcdb023', 'slug': 'anomaly-test-df68bb', 'status': 'published', 'title': 'Anomaly Test Form', 'versions': [{'sections': [{'id': 'ed2dc456-a5a8-49e8-ae32-08615c5806db', 'questions': [{'field_type': 'input', 'id': 'f21bd46d-5331-451f-91c3-fec31095c8ca', 'label': 'Score'}, {'field_type': 'textarea', 'id': '06257dce-6067-42ef-a9a7-2df458c6c4b9', 'label': 'Comment'}], 'title': 'S1'}], 'version': '1.0'}]}
#x1B[32mINFO    #x1B[0m app:form.py:46 Form 9a7e3f94-3598-46ea-b0e4-884bcbcdb023 created successfully by user anomaly_tester (ID: acd7f596-ebe2-4480-ba2c-75a5cc895b08)
#x1B[32mINFO    #x1B[0m app:responses.py:26 Received submission for form_id: 9a7e3f94-3598-46ea-b0e4-884bcbcdb023
#x1B[32mINFO    #x1B[0m app:responses.py:61 Parsed JSON submission: {'ed2dc456-a5a8-49e8-ae32-08615c5806db': {'06257dce-6067-42ef-a9a7-2df458c6c4b9': 'Everything is working fine.', 'f21bd46d-5331-451f-91c3-fec31095c8ca': 10}}
#x1B[32mINFO    #x1B[0m app:responses.py:98 Current user: acd7f596-ebe2-4480-ba2c-75a5cc895b08, Form title: Anomaly Test Form
#x1B[32mINFO    #x1B[0m app:validation.py:78 Processing section: ed2dc456-a5a8-49e8-ae32-08615c5806db, repeatable=False
#x1B[35mDEBUG   #x1B[0m app:validation.py:126 Checking question f21bd46d-5331-451f-91c3-fec31095c8ca, label=Score
#x1B[35mDEBUG   #x1B[0m app:validation.py:126 Checking question 06257dce-6067-42ef-a9a7-2df458c6c4b9, label=Comment
#x1B[32mINFO    #x1B[0m app:responses.py:125 Submission saved: response_id=a3d648db-ba83-44c7-9ff3-b861dc40ed92, is_draft=False
#x1B[32mINFO    #x1B[0m app:responses.py:26 Received submission for form_id: 9a7e3f94-3598-46ea-b0e4-884bcbcdb023
#x1B[32mINFO    #x1B[0m app:responses.py:61 Parsed JSON submission: {'ed2dc456-a5a8-49e8-ae32-08615c5806db': {'06257dce-6067-42ef-a9a7-2df458c6c4b9': 'Everything is working fine.', 'f21bd46d-5331-451f-91c3-fec31095c8ca': 10}}
#x1B[32mINFO    #x1B[0m app:responses.py:98 Current user: acd7f596-ebe2-4480-ba2c-75a5cc895b08, Form title: Anomaly Test Form
#x1B[32mINFO    #x1B[0m app:validation.py:78 Processing section: ed2dc456-a5a8-49e8-ae32-08615c5806db, repeatable=False
#x1B[35mDEBUG   #x1B[0m app:validation.py:126 Checking question f21bd46d-5331-451f-91c3-fec31095c8ca, label=Score
#x1B[35mDEBUG   #x1B[0m app:validation.py:126 Checking question 06257dce-6067-42ef-a9a7-2df458c6c4b9, label=Comment
#x1B[32mINFO    #x1B[0m app:responses.py:125 Submission saved: response_id=2ef3f73c-499a-4f5f-afbe-8c1da686aebc, is_draft=False
#x1B[32mINFO    #x1B[0m app:responses.py:26 Received submission for form_id: 9a7e3f94-3598-46ea-b0e4-884bcbcdb023
#x1B[32mINFO    #x1B[0m app:responses.py:61 Parsed JSON submission: {'ed2dc456-a5a8-49e8-ae32-08615c5806db': {'06257dce-6067-42ef-a9a7-2df458c6c4b9': 'Everything is working fine.', 'f21bd46d-5331-451f-91c3-fec31095c8ca': 10}}
#x1B[32mINFO    #x1B[0m app:responses.py:98 Current user: acd7f596-ebe2-4480-ba2c-75a5cc895b08, Form title: Anomaly Test Form
#x1B[32mINFO    #x1B[0m app:validation.py:78 Processing section: ed2dc456-a5a8-49e8-ae32-08615c5806db, repeatable=False
#x1B[35mDEBUG   #x1B[0m app:validation.py:126 Checking question f21bd46d-5331-451f-91c3-fec31095c8ca, label=Score
#x1B[35mDEBUG   #x1B[0m app:validation.py:126 Checking question 06257dce-6067-42ef-a9a7-2df458c6c4b9, label=Comment
#x1B[32mINFO    #x1B[0m app:responses.py:125 Submission saved: response_id=5bae269a-8560-46c1-b597-78da8571dddc, is_draft=False
#x1B[32mINFO    #x1B[0m app:responses.py:26 Received submission for form_id: 9a7e3f94-3598-46ea-b0e4-884bcbcdb023
#x1B[32mINFO    #x1B[0m app:responses.py:61 Parsed JSON submission: {'ed2dc456-a5a8-49e8-ae32-08615c5806db': {'06257dce-6067-42ef-a9a7-2df458c6c4b9': 'Everything is working fine.', 'f21bd46d-5331-451f-91c3-fec31095c8ca': 10}}
#x1B[32mINFO    #x1B[0m app:responses.py:98 Current user: acd7f596-ebe2-4480-ba2c-75a5cc895b08, Form title: Anomaly Test Form
#x1B[32mINFO    #x1B[0m app:validation.py:78 Processing section: ed2dc456-a5a8-49e8-ae32-08615c5806db, repeatable=False
#x1B[35mDEBUG   #x1B[0m app:validation.py:126 Checking question f21bd46d-5331-451f-91c3-fec31095c8ca, label=Score
#x1B[35mDEBUG   #x1B[0m app:validation.py:126 Checking question 06257dce-6067-42ef-a9a7-2df458c6c4b9, label=Comment
#x1B[32mINFO    #x1B[0m app:responses.py:125 Submission saved: response_id=5f49a65f-de68-40e4-82d8-67e06b58943a, is_draft=False
#x1B[32mINFO    #x1B[0m app:responses.py:26 Received submission for form_id: 9a7e3f94-3598-46ea-b0e4-884bcbcdb023
#x1B[32mINFO    #x1B[0m app:responses.py:61 Parsed JSON submission: {'ed2dc456-a5a8-49e8-ae32-08615c5806db': {'06257dce-6067-42ef-a9a7-2df458c6c4b9': 'Everything is working fine.', 'f21bd46d-5331-451f-91c3-fec31095c8ca': 10}}
#x1B[32mINFO    #x1B[0m app:responses.py:98 Current user: acd7f596-ebe2-4480-ba2c-75a5cc895b08, Form title: Anomaly Test Form
#x1B[32mINFO    #x1B[0m app:validation.py:78 Processing section: ed2dc456-a5a8-49e8-ae32-08615c5806db, repeatable=False
#x1B[35mDEBUG   #x1B[0m app:validation.py:126 Checking question f21bd46d-5331-451f-91c3-fec31095c8ca, label=Score
#x1B[35mDEBUG   #x1B[0m app:validation.py:126 Checking question 06257dce-6067-42ef-a9a7-2df458c6c4b9, label=Comment
#x1B[32mINFO    #x1B[0m app:responses.py:125 Submission saved: response_id=8b48a742-8fbd-4174-8307-d6e8e20bfb20, is_draft=False
#x1B[32mINFO    #x1B[0m app:responses.py:26 Received submission for form_id: 9a7e3f94-3598-46ea-b0e4-884bcbcdb023
#x1B[32mINFO    #x1B[0m app:responses.py:61 Parsed JSON submission: {'ed2dc456-a5a8-49e8-ae32-08615c5806db': {'06257dce-6067-42ef-a9a7-2df458c6c4b9': 'Outlier data', 'f21bd46d-5331-451f-91c3-fec31095c8ca': 500}}
#x1B[32mINFO    #x1B[0m app:responses.py:98 Current user: acd7f596-ebe2-4480-ba2c-75a5cc895b08, Form title: Anomaly Test Form
#x1B[32mINFO    #x1B[0m app:validation.py:78 Processing section: ed2dc456-a5a8-49e8-ae32-08615c5806db, repeatable=False
#x1B[35mDEBUG   #x1B[0m app:validation.py:126 Checking question f21bd46d-5331-451f-91c3-fec31095c8ca, label=Score
#x1B[35mDEBUG   #x1B[0m app:validation.py:126 Checking question 06257dce-6067-42ef-a9a7-2df458c6c4b9, label=Comment
#x1B[32mINFO    #x1B[0m app:responses.py:125 Submission saved: response_id=6bbcf6d4-6ed1-407e-bbe8-64030268254d, is_draft=False
#x1B[32mINFO    #x1B[0m app:responses.py:26 Received submission for form_id: 9a7e3f94-3598-46ea-b0e4-884bcbcdb023
#x1B[32mINFO    #x1B[0m app:responses.py:61 Parsed JSON submission: {'ed2dc456-a5a8-49e8-ae32-08615c5806db': {'06257dce-6067-42ef-a9a7-2df458c6c4b9': 'Everything is working fine.', 'f21bd46d-5331-451f-91c3-fec31095c8ca': 10}}
#x1B[32mINFO    #x1B[0m app:responses.py:98 Current user: acd7f596-ebe2-4480-ba2c-75a5cc895b08, Form title: Anomaly Test Form
#x1B[32mINFO    #x1B[0m app:validation.py:78 Processing section: ed2dc456-a5a8-49e8-ae32-08615c5806db, repeatable=False
#x1B[35mDEBUG   #x1B[0m app:validation.py:126 Checking question f21bd46d-5331-451f-91c3-fec31095c8ca, label=Score
#x1B[35mDEBUG   #x1B[0m app:validation.py:126 Checking question 06257dce-6067-42ef-a9a7-2df458c6c4b9, label=Comment
#x1B[32mINFO    #x1B[0m app:responses.py:125 Submission saved: response_id=3b14f5cc-db37-4cd9-b6e5-c049011e1a65, is_draft=False
#x1B[32mINFO    #x1B[0m app:responses.py:26 Received submission for form_id: 9a7e3f94-3598-46ea-b0e4-884bcbcdb023
#x1B[32mINFO    #x1B[0m app:responses.py:61 Parsed JSON submission: {'ed2dc456-a5a8-49e8-ae32-08615c5806db': {'06257dce-6067-42ef-a9a7-2df458c6c4b9': 'qwrtpsdfghjklzxcvbnm', 'f21bd46d-5331-451f-91c3-fec31095c8ca': 10}}
#x1B[32mINFO    #x1B[0m app:responses.py:98 Current user: acd7f596-ebe2-4480-ba2c-75a5cc895b08, Form title: Anomaly Test Form
#x1B[32mINFO    #x1B[0m app:validation.py:78 Processing section: ed2dc456-a5a8-49e8-ae32-08615c5806db, repeatable=False
#x1B[35mDEBUG   #x1B[0m app:validation.py:126 Checking question f21bd46d-5331-451f-91c3-fec31095c8ca, label=Score
#x1B[35mDEBUG   #x1B[0m app:validation.py:126 Checking question 06257dce-6067-42ef-a9a7-2df458c6c4b9, label=Comment
#x1B[32mINFO    #x1B[0m app:responses.py:125 Submission saved: response_id=faf84c5d-fbe8-479d-970a-e3f95cb549d8, is_draft=False
--------------------------------- Captured Out ---------------------------------

</system-out><system-err>--------------------------------- Captured Err ---------------------------------
INFO:app:Received registration data: {'email': 'anomaly@example.com', 'mobile': '9993334445', 'roles': ['admin'], 'user_type': 'employee', 'username': 'anomaly_tester'}
INFO:app:#x1F512 Password set for user: anomaly_tester
INFO:app:✅ User registered successfully: anomaly_tester (anomaly@example.com)
INFO:app:Received login request
DEBUG:app:Request JSON data: {'email': 'anomaly@example.com', 'password': 'AdminPassword123'}
INFO:app:Employee login attempt with identifier: anomaly@example.com
INFO:app:Login successful for employee user anomaly@example.com
INFO:app:Issued JWT for user anomaly_tester (ID: acd7f596-ebe2-4480-ba2c-75a5cc895b08), roles: ['admin']
INFO:app:Returning JSON response for user anomaly_tester
DEBUG:app:Checking access for roles: ('creator', 'admin'), require_all: False
INFO:app:User anomaly_tester (ID: acd7f596-ebe2-4480-ba2c-75a5cc895b08) is attempting to create a form with data: {'id': '9a7e3f94-3598-46ea-b0e4-884bcbcdb023', 'slug': 'anomaly-test-df68bb', 'status': 'published', 'title': 'Anomaly Test Form', 'versions': [{'sections': [{'id': 'ed2dc456-a5a8-49e8-ae32-08615c5806db', 'questions': [{'field_type': 'input', 'id': 'f21bd46d-5331-451f-91c3-fec31095c8ca', 'label': 'Score'}, {'field_type': 'textarea', 'id': '06257dce-6067-42ef-a9a7-2df458c6c4b9', 'label': 'Comment'}], 'title': 'S1'}], 'version': '1.0'}]}
INFO:app:Form 9a7e3f94-3598-46ea-b0e4-884bcbcdb023 created successfully by user anomaly_tester (ID: acd7f596-ebe2-4480-ba2c-75a5cc895b08)
INFO:app:Received submission for form_id: 9a7e3f94-3598-46ea-b0e4-884bcbcdb023
INFO:app:Parsed JSON submission: {'ed2dc456-a5a8-49e8-ae32-08615c5806db': {'06257dce-6067-42ef-a9a7-2df458c6c4b9': 'Everything is working fine.', 'f21bd46d-5331-451f-91c3-fec31095c8ca': 10}}
INFO:app:Current user: acd7f596-ebe2-4480-ba2c-75a5cc895b08, Form title: Anomaly Test Form
INFO:app:Processing section: ed2dc456-a5a8-49e8-ae32-08615c5806db, repeatable=False
DEBUG:app:Checking question f21bd46d-5331-451f-91c3-fec31095c8ca, label=Score
DEBUG:app:Checking question 06257dce-6067-42ef-a9a7-2df458c6c4b9, label=Comment
INFO:app:Submission saved: response_id=a3d648db-ba83-44c7-9ff3-b861dc40ed92, is_draft=False
INFO:app:Received submission for form_id: 9a7e3f94-3598-46ea-b0e4-884bcbcdb023
INFO:app:Parsed JSON submission: {'ed2dc456-a5a8-49e8-ae32-08615c5806db': {'06257dce-6067-42ef-a9a7-2df458c6c4b9': 'Everything is working fine.', 'f21bd46d-5331-451f-91c3-fec31095c8ca': 10}}
INFO:app:Current user: acd7f596-ebe2-4480-ba2c-75a5cc895b08, Form title: Anomaly Test Form
INFO:app:Processing section: ed2dc456-a5a8-49e8-ae32-08615c5806db, repeatable=False
DEBUG:app:Checking question f21bd46d-5331-451f-91c3-fec31095c8ca, label=Score
DEBUG:app:Checking question 06257dce-6067-42ef-a9a7-2df458c6c4b9, label=Comment
INFO:app:Submission saved: response_id=2ef3f73c-499a-4f5f-afbe-8c1da686aebc, is_draft=False
INFO:app:Received submission for form_id: 9a7e3f94-3598-46ea-b0e4-884bcbcdb023
INFO:app:Parsed JSON submission: {'ed2dc456-a5a8-49e8-ae32-08615c5806db': {'06257dce-6067-42ef-a9a7-2df458c6c4b9': 'Everything is working fine.', 'f21bd46d-5331-451f-91c3-fec31095c8ca': 10}}
INFO:app:Current user: acd7f596-ebe2-4480-ba2c-75a5cc895b08, Form title: Anomaly Test Form
INFO:app:Processing section: ed2dc456-a5a8-49e8-ae32-08615c5806db, repeatable=False
DEBUG:app:Checking question f21bd46d-5331-451f-91c3-fec31095c8ca, label=Score
DEBUG:app:Checking question 06257dce-6067-42ef-a9a7-2df458c6c4b9, label=Comment
INFO:app:Submission saved: response_id=5bae269a-8560-46c1-b597-78da8571dddc, is_draft=False
INFO:app:Received submission for form_id: 9a7e3f94-3598-46ea-b0e4-884bcbcdb023
INFO:app:Parsed JSON submission: {'ed2dc456-a5a8-49e8-ae32-08615c5806db': {'06257dce-6067-42ef-a9a7-2df458c6c4b9': 'Everything is working fine.', 'f21bd46d-5331-451f-91c3-fec31095c8ca': 10}}
INFO:app:Current user: acd7f596-ebe2-4480-ba2c-75a5cc895b08, Form title: Anomaly Test Form
INFO:app:Processing section: ed2dc456-a5a8-49e8-ae32-08615c5806db, repeatable=False
DEBUG:app:Checking question f21bd46d-5331-451f-91c3-fec31095c8ca, label=Score
DEBUG:app:Checking question 06257dce-6067-42ef-a9a7-2df458c6c4b9, label=Comment
INFO:app:Submission saved: response_id=5f49a65f-de68-40e4-82d8-67e06b58943a, is_draft=False
INFO:app:Received submission for form_id: 9a7e3f94-3598-46ea-b0e4-884bcbcdb023
INFO:app:Parsed JSON submission: {'ed2dc456-a5a8-49e8-ae32-08615c5806db': {'06257dce-6067-42ef-a9a7-2df458c6c4b9': 'Everything is working fine.', 'f21bd46d-5331-451f-91c3-fec31095c8ca': 10}}
INFO:app:Current user: acd7f596-ebe2-4480-ba2c-75a5cc895b08, Form title: Anomaly Test Form
INFO:app:Processing section: ed2dc456-a5a8-49e8-ae32-08615c5806db, repeatable=False
DEBUG:app:Checking question f21bd46d-5331-451f-91c3-fec31095c8ca, label=Score
DEBUG:app:Checking question 06257dce-6067-42ef-a9a7-2df458c6c4b9, label=Comment
INFO:app:Submission saved: response_id=8b48a742-8fbd-4174-8307-d6e8e20bfb20, is_draft=False
INFO:app:Received submission for form_id: 9a7e3f94-3598-46ea-b0e4-884bcbcdb023
INFO:app:Parsed JSON submission: {'ed2dc456-a5a8-49e8-ae32-08615c5806db': {'06257dce-6067-42ef-a9a7-2df458c6c4b9': 'Outlier data', 'f21bd46d-5331-451f-91c3-fec31095c8ca': 500}}
INFO:app:Current user: acd7f596-ebe2-4480-ba2c-75a5cc895b08, Form title: Anomaly Test Form
INFO:app:Processing section: ed2dc456-a5a8-49e8-ae32-08615c5806db, repeatable=False
DEBUG:app:Checking question f21bd46d-5331-451f-91c3-fec31095c8ca, label=Score
DEBUG:app:Checking question 06257dce-6067-42ef-a9a7-2df458c6c4b9, label=Comment
INFO:app:Submission saved: response_id=6bbcf6d4-6ed1-407e-bbe8-64030268254d, is_draft=False
INFO:app:Received submission for form_id: 9a7e3f94-3598-46ea-b0e4-884bcbcdb023
INFO:app:Parsed JSON submission: {'ed2dc456-a5a8-49e8-ae32-08615c5806db': {'06257dce-6067-42ef-a9a7-2df458c6c4b9': 'Everything is working fine.', 'f21bd46d-5331-451f-91c3-fec31095c8ca': 10}}
INFO:app:Current user: acd7f596-ebe2-4480-ba2c-75a5cc895b08, Form title: Anomaly Test Form
INFO:app:Processing section: ed2dc456-a5a8-49e8-ae32-08615c5806db, repeatable=False
DEBUG:app:Checking question f21bd46d-5331-451f-91c3-fec31095c8ca, label=Score
DEBUG:app:Checking question 06257dce-6067-42ef-a9a7-2df458c6c4b9, label=Comment
INFO:app:Submission saved: response_id=3b14f5cc-db37-4cd9-b6e5-c049011e1a65, is_draft=False
INFO:app:Received submission for form_id: 9a7e3f94-3598-46ea-b0e4-884bcbcdb023
INFO:app:Parsed JSON submission: {'ed2dc456-a5a8-49e8-ae32-08615c5806db': {'06257dce-6067-42ef-a9a7-2df458c6c4b9': 'qwrtpsdfghjklzxcvbnm', 'f21bd46d-5331-451f-91c3-fec31095c8ca': 10}}
INFO:app:Current user: acd7f596-ebe2-4480-ba2c-75a5cc895b08, Form title: Anomaly Test Form
INFO:app:Processing section: ed2dc456-a5a8-49e8-ae32-08615c5806db, repeatable=False
DEBUG:app:Checking question f21bd46d-5331-451f-91c3-fec31095c8ca, label=Score
DEBUG:app:Checking question 06257dce-6067-42ef-a9a7-2df458c6c4b9, label=Comment
INFO:app:Submission saved: response_id=faf84c5d-fbe8-479d-970a-e3f95cb549d8, is_draft=False

</system-err></testcase><testcase classname="tests.test_ai_generation" name="test_ai_form_generation" time="0.491"><system-out>--------------------------------- Captured Log ---------------------------------
#x1B[32mINFO    #x1B[0m app:auth_route.py:25 Received registration data: {'email': 'gen@example.com', 'mobile': '9998881112', 'roles': ['admin'], 'user_type': 'employee', 'username': 'gen_tester'}
#x1B[32mINFO    #x1B[0m app:auth_route.py:46 #x1F512 Password set for user: gen_tester
#x1B[32mINFO    #x1B[0m app:auth_route.py:50 ✅ User registered successfully: gen_tester (gen@example.com)
#x1B[32mINFO    #x1B[0m app:auth_route.py:59 Received login request
#x1B[35mDEBUG   #x1B[0m app:auth_route.py:62 Request JSON data: {'email': 'gen@example.com', 'password': 'AdminPassword123'}
#x1B[32mINFO    #x1B[0m app:auth_route.py:77 Employee login attempt with identifier: gen@example.com
#x1B[32mINFO    #x1B[0m app:auth_route.py:104 Login successful for employee user gen@example.com
#x1B[32mINFO    #x1B[0m app:auth_route.py:137 Issued JWT for user gen_tester (ID: 6846dcb7-8cef-47a1-99b7-24637295e8f5), roles: ['admin']
#x1B[32mINFO    #x1B[0m app:auth_route.py:175 Returning JSON response for user gen_tester
--------------------------------- Captured Out ---------------------------------

</system-out><system-err>--------------------------------- Captured Err ---------------------------------
INFO:app:Received registration data: {'email': 'gen@example.com', 'mobile': '9998881112', 'roles': ['admin'], 'user_type': 'employee', 'username': 'gen_tester'}
INFO:app:#x1F512 Password set for user: gen_tester
INFO:app:✅ User registered successfully: gen_tester (gen@example.com)
INFO:app:Received login request
DEBUG:app:Request JSON data: {'email': 'gen@example.com', 'password': 'AdminPassword123'}
INFO:app:Employee login attempt with identifier: gen@example.com
INFO:app:Login successful for employee user gen@example.com
INFO:app:Issued JWT for user gen_tester (ID: 6846dcb7-8cef-47a1-99b7-24637295e8f5), roles: ['admin']
INFO:app:Returning JSON response for user gen_tester

</system-err></testcase><testcase classname="tests.test_ai_moderation" name="test_ai_moderation" time="0.497"><system-out>--------------------------------- Captured Log ---------------------------------
#x1B[32mINFO    #x1B[0m app:auth_route.py:25 Received registration data: {'email': 'mod@example.com', 'mobile': '9990001112', 'roles': ['admin'], 'user_type': 'employee', 'username': 'mod_tester'}
#x1B[32mINFO    #x1B[0m app:auth_route.py:46 #x1F512 Password set for user: mod_tester
#x1B[32mINFO    #x1B[0m app:auth_route.py:50 ✅ User registered successfully: mod_tester (mod@example.com)
#x1B[32mINFO    #x1B[0m app:auth_route.py:59 Received login request
#x1B[35mDEBUG   #x1B[0m app:auth_route.py:62 Request JSON data: {'email': 'mod@example.com', 'password': 'AdminPassword123'}
#x1B[32mINFO    #x1B[0m app:auth_route.py:77 Employee login attempt with identifier: mod@example.com
#x1B[32mINFO    #x1B[0m app:auth_route.py:104 Login successful for employee user mod@example.com
#x1B[32mINFO    #x1B[0m app:auth_route.py:137 Issued JWT for user mod_tester (ID: cd9a2552-851b-469e-8d33-70c18c4b4270), roles: ['admin']
#x1B[32mINFO    #x1B[0m app:auth_route.py:175 Returning JSON response for user mod_tester
#x1B[35mDEBUG   #x1B[0m app:decorator.py:23 Checking access for roles: ('creator', 'admin'), require_all: False
#x1B[32mINFO    #x1B[0m app:form.py:29 User mod_tester (ID: cd9a2552-851b-469e-8d33-70c18c4b4270) is attempting to create a form with data: {'id': '1692c9e2-fd45-49d4-b026-c80e2b62562c', 'slug': 'mod-test-10f8cf', 'status': 'published', 'title': 'Moderation Test Form', 'versions': [{'sections': [{'id': '178a4dd1-cfea-4a97-9a86-9c2c02b5da9f', 'questions': [{'field_type': 'textarea', 'id': 'b404424b-b6d0-4534-a150-31fdb86f243b', 'label': 'Text'}], 'title': 'S1'}], 'version': '1.0'}]}
#x1B[32mINFO    #x1B[0m app:form.py:46 Form 1692c9e2-fd45-49d4-b026-c80e2b62562c created successfully by user mod_tester (ID: cd9a2552-851b-469e-8d33-70c18c4b4270)
#x1B[32mINFO    #x1B[0m app:responses.py:26 Received submission for form_id: 1692c9e2-fd45-49d4-b026-c80e2b62562c
#x1B[32mINFO    #x1B[0m app:responses.py:61 Parsed JSON submission: {'178a4dd1-cfea-4a97-9a86-9c2c02b5da9f': {'b404424b-b6d0-4534-a150-31fdb86f243b': 'Patient has diabetes. SSN is 111-22-3333. This comment is offensive. &lt;script&gt;alert(1)&lt;/script&gt;'}}
#x1B[32mINFO    #x1B[0m app:responses.py:98 Current user: cd9a2552-851b-469e-8d33-70c18c4b4270, Form title: Moderation Test Form
#x1B[32mINFO    #x1B[0m app:validation.py:78 Processing section: 178a4dd1-cfea-4a97-9a86-9c2c02b5da9f, repeatable=False
#x1B[35mDEBUG   #x1B[0m app:validation.py:126 Checking question b404424b-b6d0-4534-a150-31fdb86f243b, label=Text
#x1B[32mINFO    #x1B[0m app:responses.py:125 Submission saved: response_id=9a0e6112-12ba-49d8-bc4e-50710c8e4582, is_draft=False
--------------------------------- Captured Out ---------------------------------

</system-out><system-err>--------------------------------- Captured Err ---------------------------------
INFO:app:Received registration data: {'email': 'mod@example.com', 'mobile': '9990001112', 'roles': ['admin'], 'user_type': 'employee', 'username': 'mod_tester'}
INFO:app:#x1F512 Password set for user: mod_tester
INFO:app:✅ User registered successfully: mod_tester (mod@example.com)
INFO:app:Received login request
DEBUG:app:Request JSON data: {'email': 'mod@example.com', 'password': 'AdminPassword123'}
INFO:app:Employee login attempt with identifier: mod@example.com
INFO:app:Login successful for employee user mod@example.com
INFO:app:Issued JWT for user mod_tester (ID: cd9a2552-851b-469e-8d33-70c18c4b4270), roles: ['admin']
INFO:app:Returning JSON response for user mod_tester
DEBUG:app:Checking access for roles: ('creator', 'admin'), require_all: False
INFO:app:User mod_tester (ID: cd9a2552-851b-469e-8d33-70c18c4b4270) is attempting to create a form with data: {'id': '1692c9e2-fd45-49d4-b026-c80e2b62562c', 'slug': 'mod-test-10f8cf', 'status': 'published', 'title': 'Moderation Test Form', 'versions': [{'sections': [{'id': '178a4dd1-cfea-4a97-9a86-9c2c02b5da9f', 'questions': [{'field_type': 'textarea', 'id': 'b404424b-b6d0-4534-a150-31fdb86f243b', 'label': 'Text'}], 'title': 'S1'}], 'version': '1.0'}]}
INFO:app:Form 1692c9e2-fd45-49d4-b026-c80e2b62562c created successfully by user mod_tester (ID: cd9a2552-851b-469e-8d33-70c18c4b4270)
INFO:app:Received submission for form_id: 1692c9e2-fd45-49d4-b026-c80e2b62562c
INFO:app:Parsed JSON submission: {'178a4dd1-cfea-4a97-9a86-9c2c02b5da9f': {'b404424b-b6d0-4534-a150-31fdb86f243b': 'Patient has diabetes. SSN is 111-22-3333. This comment is offensive. &lt;script&gt;alert(1)&lt;/script&gt;'}}
INFO:app:Current user: cd9a2552-851b-469e-8d33-70c18c4b4270, Form title: Moderation Test Form
INFO:app:Processing section: 178a4dd1-cfea-4a97-9a86-9c2c02b5da9f, repeatable=False
DEBUG:app:Checking question b404424b-b6d0-4534-a150-31fdb86f243b, label=Text
INFO:app:Submission saved: response_id=9a0e6112-12ba-49d8-bc4e-50710c8e4582, is_draft=False

</system-err></testcase><testcase classname="tests.test_ai_search" name="test_ai_search" time="0.529"><system-out>--------------------------------- Captured Log ---------------------------------
#x1B[32mINFO    #x1B[0m app:auth_route.py:25 Received registration data: {'email': 'search@example.com', 'mobile': '9992223334', 'roles': ['admin'], 'user_type': 'employee', 'username': 'search_tester'}
#x1B[32mINFO    #x1B[0m app:auth_route.py:46 #x1F512 Password set for user: search_tester
#x1B[32mINFO    #x1B[0m app:auth_route.py:50 ✅ User registered successfully: search_tester (search@example.com)
#x1B[32mINFO    #x1B[0m app:auth_route.py:59 Received login request
#x1B[35mDEBUG   #x1B[0m app:auth_route.py:62 Request JSON data: {'email': 'search@example.com', 'password': 'AdminPassword123'}
#x1B[32mINFO    #x1B[0m app:auth_route.py:77 Employee login attempt with identifier: search@example.com
#x1B[32mINFO    #x1B[0m app:auth_route.py:104 Login successful for employee user search@example.com
#x1B[32mINFO    #x1B[0m app:auth_route.py:137 Issued JWT for user search_tester (ID: e4159729-9d24-4744-80c8-ed7637e6ea79), roles: ['admin']
#x1B[32mINFO    #x1B[0m app:auth_route.py:175 Returning JSON response for user search_tester
#x1B[35mDEBUG   #x1B[0m app:decorator.py:23 Checking access for roles: ('creator', 'admin'), require_all: False
#x1B[32mINFO    #x1B[0m app:form.py:29 User search_tester (ID: e4159729-9d24-4744-80c8-ed7637e6ea79) is attempting to create a form with data: {'id': '0a56e96a-2b2a-4352-8265-69720eab9377', 'slug': 'search-test-44d8ec', 'status': 'published', 'title': 'Search Test Form', 'versions': [{'sections': [{'id': '783a7522-67b4-43d1-879f-672aa076a9af', 'questions': [{'field_type': 'input', 'id': '804728bb-280f-4c97-94a8-14670d7ea59e', 'label': 'Name'}, {'field_type': 'input', 'id': '6b3070f5-25e8-4777-ba1c-668d3412c676', 'label': 'Age'}, {'field_type': 'input', 'id': 'a02f9ca2-1d51-4e89-a05f-619f8c5ea9a1', 'label': 'Condition'}], 'title': 'S1'}], 'version': '1.0'}]}
#x1B[32mINFO    #x1B[0m app:form.py:46 Form 0a56e96a-2b2a-4352-8265-69720eab9377 created successfully by user search_tester (ID: e4159729-9d24-4744-80c8-ed7637e6ea79)
#x1B[32mINFO    #x1B[0m app:responses.py:26 Received submission for form_id: 0a56e96a-2b2a-4352-8265-69720eab9377
#x1B[32mINFO    #x1B[0m app:responses.py:61 Parsed JSON submission: {'783a7522-67b4-43d1-879f-672aa076a9af': {'6b3070f5-25e8-4777-ba1c-668d3412c676': 65, '804728bb-280f-4c97-94a8-14670d7ea59e': 'John', 'a02f9ca2-1d51-4e89-a05f-619f8c5ea9a1': 'Diabetes'}}
#x1B[32mINFO    #x1B[0m app:responses.py:98 Current user: e4159729-9d24-4744-80c8-ed7637e6ea79, Form title: Search Test Form
#x1B[32mINFO    #x1B[0m app:validation.py:78 Processing section: 783a7522-67b4-43d1-879f-672aa076a9af, repeatable=False
#x1B[35mDEBUG   #x1B[0m app:validation.py:126 Checking question 804728bb-280f-4c97-94a8-14670d7ea59e, label=Name
#x1B[35mDEBUG   #x1B[0m app:validation.py:126 Checking question 6b3070f5-25e8-4777-ba1c-668d3412c676, label=Age
#x1B[35mDEBUG   #x1B[0m app:validation.py:126 Checking question a02f9ca2-1d51-4e89-a05f-619f8c5ea9a1, label=Condition
#x1B[32mINFO    #x1B[0m app:responses.py:125 Submission saved: response_id=6a6f7792-cbc4-481f-9e34-31d7811c7bbf, is_draft=False
#x1B[32mINFO    #x1B[0m app:responses.py:26 Received submission for form_id: 0a56e96a-2b2a-4352-8265-69720eab9377
#x1B[32mINFO    #x1B[0m app:responses.py:61 Parsed JSON submission: {'783a7522-67b4-43d1-879f-672aa076a9af': {'6b3070f5-25e8-4777-ba1c-668d3412c676': 25, '804728bb-280f-4c97-94a8-14670d7ea59e': 'Jane', 'a02f9ca2-1d51-4e89-a05f-619f8c5ea9a1': 'Healthy'}}
#x1B[32mINFO    #x1B[0m app:responses.py:98 Current user: e4159729-9d24-4744-80c8-ed7637e6ea79, Form title: Search Test Form
#x1B[32mINFO    #x1B[0m app:validation.py:78 Processing section: 783a7522-67b4-43d1-879f-672aa076a9af, repeatable=False
#x1B[35mDEBUG   #x1B[0m app:validation.py:126 Checking question 804728bb-280f-4c97-94a8-14670d7ea59e, label=Name
#x1B[35mDEBUG   #x1B[0m app:validation.py:126 Checking question 6b3070f5-25e8-4777-ba1c-668d3412c676, label=Age
#x1B[35mDEBUG   #x1B[0m app:validation.py:126 Checking question a02f9ca2-1d51-4e89-a05f-619f8c5ea9a1, label=Condition
#x1B[32mINFO    #x1B[0m app:responses.py:125 Submission saved: response_id=e67123e6-4dd6-4953-84f2-26593465eda2, is_draft=False
#x1B[32mINFO    #x1B[0m app:responses.py:26 Received submission for form_id: 0a56e96a-2b2a-4352-8265-69720eab9377
#x1B[32mINFO    #x1B[0m app:responses.py:61 Parsed JSON submission: {'783a7522-67b4-43d1-879f-672aa076a9af': {'6b3070f5-25e8-4777-ba1c-668d3412c676': 70, '804728bb-280f-4c97-94a8-14670d7ea59e': 'Bob', 'a02f9ca2-1d51-4e89-a05f-619f8c5ea9a1': 'Flu'}}
#x1B[32mINFO    #x1B[0m app:responses.py:98 Current user: e4159729-9d24-4744-80c8-ed7637e6ea79, Form title: Search Test Form
#x1B[32mINFO    #x1B[0m app:validation.py:78 Processing section: 783a7522-67b4-43d1-879f-672aa076a9af, repeatable=False
#x1B[35mDEBUG   #x1B[0m app:validation.py:126 Checking question 804728bb-280f-4c97-94a8-14670d7ea59e, label=Name
#x1B[35mDEBUG   #x1B[0m app:validation.py:126 Checking question 6b3070f5-25e8-4777-ba1c-668d3412c676, label=Age
#x1B[35mDEBUG   #x1B[0m app:validation.py:126 Checking question a02f9ca2-1d51-4e89-a05f-619f8c5ea9a1, label=Condition
#x1B[32mINFO    #x1B[0m app:responses.py:125 Submission saved: response_id=317aa5c0-8064-4955-9f67-efc70ae0aee6, is_draft=False
--------------------------------- Captured Out ---------------------------------

</system-out><system-err>--------------------------------- Captured Err ---------------------------------
INFO:app:Received registration data: {'email': 'search@example.com', 'mobile': '9992223334', 'roles': ['admin'], 'user_type': 'employee', 'username': 'search_tester'}
INFO:app:#x1F512 Password set for user: search_tester
INFO:app:✅ User registered successfully: search_tester (search@example.com)
INFO:app:Received login request
DEBUG:app:Request JSON data: {'email': 'search@example.com', 'password': 'AdminPassword123'}
INFO:app:Employee login attempt with identifier: search@example.com
INFO:app:Login successful for employee user search@example.com
INFO:app:Issued JWT for user search_tester (ID: e4159729-9d24-4744-80c8-ed7637e6ea79), roles: ['admin']
INFO:app:Returning JSON response for user search_tester
DEBUG:app:Checking access for roles: ('creator', 'admin'), require_all: False
INFO:app:User search_tester (ID: e4159729-9d24-4744-80c8-ed7637e6ea79) is attempting to create a form with data: {'id': '0a56e96a-2b2a-4352-8265-69720eab9377', 'slug': 'search-test-44d8ec', 'status': 'published', 'title': 'Search Test Form', 'versions': [{'sections': [{'id': '783a7522-67b4-43d1-879f-672aa076a9af', 'questions': [{'field_type': 'input', 'id': '804728bb-280f-4c97-94a8-14670d7ea59e', 'label': 'Name'}, {'field_type': 'input', 'id': '6b3070f5-25e8-4777-ba1c-668d3412c676', 'label': 'Age'}, {'field_type': 'input', 'id': 'a02f9ca2-1d51-4e89-a05f-619f8c5ea9a1', 'label': 'Condition'}], 'title': 'S1'}], 'version': '1.0'}]}
INFO:app:Form 0a56e96a-2b2a-4352-8265-69720eab9377 created successfully by user search_tester (ID: e4159729-9d24-4744-80c8-ed7637e6ea79)
INFO:app:Received submission for form_id: 0a56e96a-2b2a-4352-8265-69720eab9377
INFO:app:Parsed JSON submission: {'783a7522-67b4-43d1-879f-672aa076a9af': {'6b3070f5-25e8-4777-ba1c-668d3412c676': 65, '804728bb-280f-4c97-94a8-14670d7ea59e': 'John', 'a02f9ca2-1d51-4e89-a05f-619f8c5ea9a1': 'Diabetes'}}
INFO:app:Current user: e4159729-9d24-4744-80c8-ed7637e6ea79, Form title: Search Test Form
INFO:app:Processing section: 783a7522-67b4-43d1-879f-672aa076a9af, repeatable=False
DEBUG:app:Checking question 804728bb-280f-4c97-94a8-14670d7ea59e, label=Name
DEBUG:app:Checking question 6b3070f5-25e8-4777-ba1c-668d3412c676, label=Age
DEBUG:app:Checking question a02f9ca2-1d51-4e89-a05f-619f8c5ea9a1, label=Condition
INFO:app:Submission saved: response_id=6a6f7792-cbc4-481f-9e34-31d7811c7bbf, is_draft=False
INFO:app:Received submission for form_id: 0a56e96a-2b2a-4352-8265-69720eab9377
INFO:app:Parsed JSON submission: {'783a7522-67b4-43d1-879f-672aa076a9af': {'6b3070f5-25e8-4777-ba1c-668d3412c676': 25, '804728bb-280f-4c97-94a8-14670d7ea59e': 'Jane', 'a02f9ca2-1d51-4e89-a05f-619f8c5ea9a1': 'Healthy'}}
INFO:app:Current user: e4159729-9d24-4744-80c8-ed7637e6ea79, Form title: Search Test Form
INFO:app:Processing section: 783a7522-67b4-43d1-879f-672aa076a9af, repeatable=False
DEBUG:app:Checking question 804728bb-280f-4c97-94a8-14670d7ea59e, label=Name
DEBUG:app:Checking question 6b3070f5-25e8-4777-ba1c-668d3412c676, label=Age
DEBUG:app:Checking question a02f9ca2-1d51-4e89-a05f-619f8c5ea9a1, label=Condition
INFO:app:Submission saved: response_id=e67123e6-4dd6-4953-84f2-26593465eda2, is_draft=False
INFO:app:Received submission for form_id: 0a56e96a-2b2a-4352-8265-69720eab9377
INFO:app:Parsed JSON submission: {'783a7522-67b4-43d1-879f-672aa076a9af': {'6b3070f5-25e8-4777-ba1c-668d3412c676': 70, '804728bb-280f-4c97-94a8-14670d7ea59e': 'Bob', 'a02f9ca2-1d51-4e89-a05f-619f8c5ea9a1': 'Flu'}}
INFO:app:Current user: e4159729-9d24-4744-80c8-ed7637e6ea79, Form title: Search Test Form
INFO:app:Processing section: 783a7522-67b4-43d1-879f-672aa076a9af, repeatable=False
DEBUG:app:Checking question 804728bb-280f-4c97-94a8-14670d7ea59e, label=Name
DEBUG:app:Checking question 6b3070f5-25e8-4777-ba1c-668d3412c676, label=Age
DEBUG:app:Checking question a02f9ca2-1d51-4e89-a05f-619f8c5ea9a1, label=Condition
INFO:app:Submission saved: response_id=317aa5c0-8064-4955-9f67-efc70ae0aee6, is_draft=False

</system-err></testcase><testcase classname="tests.test_ai_security_scan" name="test_ai_security_scan" time="0.502"><system-out>--------------------------------- Captured Log ---------------------------------
#x1B[32mINFO    #x1B[0m app:auth_route.py:25 Received registration data: {'email': 'sec@example.com', 'mobile': '9998881112', 'roles': ['admin'], 'user_type': 'employee', 'username': 'sec_tester'}
#x1B[32mINFO    #x1B[0m app:auth_route.py:46 #x1F512 Password set for user: sec_tester
#x1B[32mINFO    #x1B[0m app:auth_route.py:50 ✅ User registered successfully: sec_tester (sec@example.com)
#x1B[32mINFO    #x1B[0m app:auth_route.py:59 Received login request
#x1B[35mDEBUG   #x1B[0m app:auth_route.py:62 Request JSON data: {'email': 'sec@example.com', 'password': 'AdminPassword123'}
#x1B[32mINFO    #x1B[0m app:auth_route.py:77 Employee login attempt with identifier: sec@example.com
#x1B[32mINFO    #x1B[0m app:auth_route.py:104 Login successful for employee user sec@example.com
#x1B[32mINFO    #x1B[0m app:auth_route.py:137 Issued JWT for user sec_tester (ID: 2bd555ba-a51b-49c6-884d-f956ac0a70e8), roles: ['admin']
#x1B[32mINFO    #x1B[0m app:auth_route.py:175 Returning JSON response for user sec_tester
#x1B[35mDEBUG   #x1B[0m app:decorator.py:23 Checking access for roles: ('creator', 'admin'), require_all: False
#x1B[32mINFO    #x1B[0m app:form.py:29 User sec_tester (ID: 2bd555ba-a51b-49c6-884d-f956ac0a70e8) is attempting to create a form with data: {'id': '593b5a8c-eec1-45b0-baa7-afb586273e58', 'is_public': True, 'slug': 'sec-test-96cf6d', 'status': 'published', 'title': 'Insecure Form', 'versions': [{'sections': [{'id': '86215061-2a63-4413-926c-27b1eec1ed4a', 'questions': [{'field_type': 'input', 'id': '6c87f1a1-1feb-4428-a9be-7ff9462c45f6', 'label': 'Full Name'}, {'field_type': 'textarea', 'id': 'ab88b321-ea7c-481e-8b27-0ac325291238', 'label': 'Address'}, {'field_type': 'input', 'id': 'a34469a4-e8e5-4c45-afd4-1f68d45d47db', 'label': 'SSN'}, {'field_type': 'textarea', 'id': 'e77ed79f-fd04-4698-8139-963e9604ca91', 'label': 'Comments'}, {'field_type': 'textarea', 'id': '94071732-8264-4e15-8ad6-ccdb82b13779', 'label': 'Notes'}, {'field_type': 'textarea', 'id': '720bda25-4c2a-4a30-8477-8c925dd8f96f', 'label': 'Feedback'}], 'title': 'S1'}], 'version': '1.0'}]}
#x1B[32mINFO    #x1B[0m app:form.py:46 Form 593b5a8c-eec1-45b0-baa7-afb586273e58 created successfully by user sec_tester (ID: 2bd555ba-a51b-49c6-884d-f956ac0a70e8)
#x1B[35mDEBUG   #x1B[0m app:decorator.py:23 Checking access for roles: ('creator', 'admin'), require_all: False
#x1B[32mINFO    #x1B[0m app:form.py:29 User sec_tester (ID: 2bd555ba-a51b-49c6-884d-f956ac0a70e8) is attempting to create a form with data: {'id': '72de81a9-626a-4857-b4ac-d94c3de52aea', 'is_public': False, 'slug': 'secure-test-cc82ee', 'status': 'published', 'title': 'Secure Form', 'versions': [{'sections': [{'id': '86215061-2a63-4413-926c-27b1eec1ed4a', 'questions': [{'field_type': 'input', 'id': '3aea8602-3861-47fd-a085-c76f992ee796', 'is_required': True, 'label': 'Name'}], 'title': 'S1'}], 'version': '1.0'}]}
#x1B[32mINFO    #x1B[0m app:form.py:46 Form 72de81a9-626a-4857-b4ac-d94c3de52aea created successfully by user sec_tester (ID: 2bd555ba-a51b-49c6-884d-f956ac0a70e8)
--------------------------------- Captured Out ---------------------------------

</system-out><system-err>--------------------------------- Captured Err ---------------------------------
INFO:app:Received registration data: {'email': 'sec@example.com', 'mobile': '9998881112', 'roles': ['admin'], 'user_type': 'employee', 'username': 'sec_tester'}
INFO:app:#x1F512 Password set for user: sec_tester
INFO:app:✅ User registered successfully: sec_tester (sec@example.com)
INFO:app:Received login request
DEBUG:app:Request JSON data: {'email': 'sec@example.com', 'password': 'AdminPassword123'}
INFO:app:Employee login attempt with identifier: sec@example.com
INFO:app:Login successful for employee user sec@example.com
INFO:app:Issued JWT for user sec_tester (ID: 2bd555ba-a51b-49c6-884d-f956ac0a70e8), roles: ['admin']
INFO:app:Returning JSON response for user sec_tester
DEBUG:app:Checking access for roles: ('creator', 'admin'), require_all: False
INFO:app:User sec_tester (ID: 2bd555ba-a51b-49c6-884d-f956ac0a70e8) is attempting to create a form with data: {'id': '593b5a8c-eec1-45b0-baa7-afb586273e58', 'is_public': True, 'slug': 'sec-test-96cf6d', 'status': 'published', 'title': 'Insecure Form', 'versions': [{'sections': [{'id': '86215061-2a63-4413-926c-27b1eec1ed4a', 'questions': [{'field_type': 'input', 'id': '6c87f1a1-1feb-4428-a9be-7ff9462c45f6', 'label': 'Full Name'}, {'field_type': 'textarea', 'id': 'ab88b321-ea7c-481e-8b27-0ac325291238', 'label': 'Address'}, {'field_type': 'input', 'id': 'a34469a4-e8e5-4c45-afd4-1f68d45d47db', 'label': 'SSN'}, {'field_type': 'textarea', 'id': 'e77ed79f-fd04-4698-8139-963e9604ca91', 'label': 'Comments'}, {'field_type': 'textarea', 'id': '94071732-8264-4e15-8ad6-ccdb82b13779', 'label': 'Notes'}, {'field_type': 'textarea', 'id': '720bda25-4c2a-4a30-8477-8c925dd8f96f', 'label': 'Feedback'}], 'title': 'S1'}], 'version': '1.0'}]}
INFO:app:Form 593b5a8c-eec1-45b0-baa7-afb586273e58 created successfully by user sec_tester (ID: 2bd555ba-a51b-49c6-884d-f956ac0a70e8)
DEBUG:app:Checking access for roles: ('creator', 'admin'), require_all: False
INFO:app:User sec_tester (ID: 2bd555ba-a51b-49c6-884d-f956ac0a70e8) is attempting to create a form with data: {'id': '72de81a9-626a-4857-b4ac-d94c3de52aea', 'is_public': False, 'slug': 'secure-test-cc82ee', 'status': 'published', 'title': 'Secure Form', 'versions': [{'sections': [{'id': '86215061-2a63-4413-926c-27b1eec1ed4a', 'questions': [{'field_type': 'input', 'id': '3aea8602-3861-47fd-a085-c76f992ee796', 'is_required': True, 'label': 'Name'}], 'title': 'S1'}], 'version': '1.0'}]}
INFO:app:Form 72de81a9-626a-4857-b4ac-d94c3de52aea created successfully by user sec_tester (ID: 2bd555ba-a51b-49c6-884d-f956ac0a70e8)

</system-err></testcase><testcase classname="tests.test_ai_templates" name="test_ai_template_generation" time="0.492"><system-out>--------------------------------- Captured Log ---------------------------------
#x1B[32mINFO    #x1B[0m app:auth_route.py:25 Received registration data: {'email': 'tpl@example.com', 'mobile': '9997771112', 'roles': ['admin'], 'user_type': 'employee', 'username': 'tpl_tester'}
#x1B[32mINFO    #x1B[0m app:auth_route.py:46 #x1F512 Password set for user: tpl_tester
#x1B[32mINFO    #x1B[0m app:auth_route.py:50 ✅ User registered successfully: tpl_tester (tpl@example.com)
#x1B[32mINFO    #x1B[0m app:auth_route.py:59 Received login request
#x1B[35mDEBUG   #x1B[0m app:auth_route.py:62 Request JSON data: {'email': 'tpl@example.com', 'password': 'AdminPassword123'}
#x1B[32mINFO    #x1B[0m app:auth_route.py:77 Employee login attempt with identifier: tpl@example.com
#x1B[32mINFO    #x1B[0m app:auth_route.py:104 Login successful for employee user tpl@example.com
#x1B[32mINFO    #x1B[0m app:auth_route.py:137 Issued JWT for user tpl_tester (ID: 7ae7fd0b-34f0-4531-8c5d-b875e3c0cb34), roles: ['admin']
#x1B[32mINFO    #x1B[0m app:auth_route.py:175 Returning JSON response for user tpl_tester
--------------------------------- Captured Out ---------------------------------

</system-out><system-err>--------------------------------- Captured Err ---------------------------------
INFO:app:Received registration data: {'email': 'tpl@example.com', 'mobile': '9997771112', 'roles': ['admin'], 'user_type': 'employee', 'username': 'tpl_tester'}
INFO:app:#x1F512 Password set for user: tpl_tester
INFO:app:✅ User registered successfully: tpl_tester (tpl@example.com)
INFO:app:Received login request
DEBUG:app:Request JSON data: {'email': 'tpl@example.com', 'password': 'AdminPassword123'}
INFO:app:Employee login attempt with identifier: tpl@example.com
[...]
#x1B[32mINFO    #x1B[0m app:auth_route.py:77 Employee login attempt with identifier: admin_test@example.com
#x1B[32mINFO    #x1B[0m app:auth_route.py:104 Login successful for employee user admin_test@example.com
#x1B[32mINFO    #x1B[0m app:auth_route.py:137 Issued JWT for user admin_user (ID: 36a531b6-f345-4ff9-b492-96785ef9552a), roles: ['admin']
#x1B[32mINFO    #x1B[0m app:auth_route.py:175 Returning JSON response for user admin_user
#x1B[35mDEBUG   #x1B[0m app:decorator.py:23 Checking access for roles: ('admin', 'superadmin'), require_all: False
#x1B[35mDEBUG   #x1B[0m app:decorator.py:23 Checking access for roles: ('admin', 'superadmin'), require_all: False
#x1B[35mDEBUG   #x1B[0m app:decorator.py:23 Checking access for roles: ('admin', 'superadmin'), require_all: False
#x1B[33mWARNING #x1B[0m auth:User.py:97 User 273e7eec-4b5f-47ed-b5d2-3e59987c4990 locked until 2026-01-13 06:30:49.729395+00:00
#x1B[35mDEBUG   #x1B[0m app:decorator.py:23 Checking access for roles: ('admin', 'superadmin'), require_all: False
#x1B[35mDEBUG   #x1B[0m app:decorator.py:23 Checking access for roles: ('admin', 'superadmin'), require_all: False
#x1B[32mINFO    #x1B[0m auth:User.py:104 User 273e7eec-4b5f-47ed-b5d2-3e59987c4990 manually unlocked
#x1B[35mDEBUG   #x1B[0m app:decorator.py:23 Checking access for roles: ('admin', 'superadmin'), require_all: False
--------------------------------- Captured Out ---------------------------------

</system-out><system-err>--------------------------------- Captured Err ---------------------------------
INFO:app:Received registration data: {'email': 'admin_test@example.com', 'employee_id': 'ADM001', 'mobile': '9988776655', 'roles': ['admin'], 'user_type': 'employee', 'username': 'admin_user'}
INFO:app:#x1F512 Password set for user: admin_user
INFO:app:✅ User registered successfully: admin_user (admin_test@example.com)
INFO:app:Received login request
DEBUG:app:Request JSON data: {'email': 'admin_test@example.com', 'password': 'AdminPassword123'}
INFO:app:Employee login attempt with identifier: admin_test@example.com
INFO:app:Login successful for employee user admin_test@example.com
INFO:app:Issued JWT for user admin_user (ID: 36a531b6-f345-4ff9-b492-96785ef9552a), roles: ['admin']
INFO:app:Returning JSON response for user admin_user
DEBUG:app:Checking access for roles: ('admin', 'superadmin'), require_all: False
DEBUG:app:Checking access for roles: ('admin', 'superadmin'), require_all: False
DEBUG:app:Checking access for roles: ('admin', 'superadmin'), require_all: False
WARNING:auth:User 273e7eec-4b5f-47ed-b5d2-3e59987c4990 locked until 2026-01-13 06:30:49.729395+00:00
DEBUG:app:Checking access for roles: ('admin', 'superadmin'), require_all: False
DEBUG:app:Checking access for roles: ('admin', 'superadmin'), require_all: False
INFO:auth:User 273e7eec-4b5f-47ed-b5d2-3e59987c4990 manually unlocked
DEBUG:app:Checking access for roles: ('admin', 'superadmin'), require_all: False

</system-err></testcase><testcase classname="tests.test_user" name="test_change_password" time="0.983"><system-out>--------------------------------- Captured Log ---------------------------------
#x1B[32mINFO    #x1B[0m app:auth_route.py:25 Received registration data: {'email': 'pw@example.com', 'employee_id': 'PW001', 'mobile': '6655443322', 'roles': ['user'], 'user_type': 'employee', 'username': 'pwuser'}
#x1B[32mINFO    #x1B[0m app:auth_route.py:46 #x1F512 Password set for user: pwuser
#x1B[32mINFO    #x1B[0m app:auth_route.py:50 ✅ User registered successfully: pwuser (pw@example.com)
#x1B[32mINFO    #x1B[0m app:auth_route.py:59 Received login request
#x1B[35mDEBUG   #x1B[0m app:auth_route.py:62 Request JSON data: {'email': 'pw@example.com', 'password': 'OldPassword123'}
#x1B[32mINFO    #x1B[0m app:auth_route.py:77 Employee login attempt with identifier: pw@example.com
#x1B[32mINFO    #x1B[0m app:auth_route.py:104 Login successful for employee user pw@example.com
#x1B[32mINFO    #x1B[0m app:auth_route.py:137 Issued JWT for user pwuser (ID: 8953c26c-b8db-49db-ae90-715ff1957c9d), roles: ['user']
#x1B[32mINFO    #x1B[0m app:auth_route.py:175 Returning JSON response for user pwuser
#x1B[32mINFO    #x1B[0m app:auth_route.py:59 Received login request
#x1B[35mDEBUG   #x1B[0m app:auth_route.py:62 Request JSON data: {'email': 'pw@example.com', 'password': 'NewPassword123!'}
#x1B[32mINFO    #x1B[0m app:auth_route.py:77 Employee login attempt with identifier: pw@example.com
#x1B[32mINFO    #x1B[0m app:auth_route.py:104 Login successful for employee user pw@example.com
#x1B[32mINFO    #x1B[0m app:auth_route.py:137 Issued JWT for user pwuser (ID: 8953c26c-b8db-49db-ae90-715ff1957c9d), roles: ['user']
#x1B[32mINFO    #x1B[0m app:auth_route.py:175 Returning JSON response for user pwuser
--------------------------------- Captured Out ---------------------------------

</system-out><system-err>--------------------------------- Captured Err ---------------------------------
INFO:app:Received registration data: {'email': 'pw@example.com', 'employee_id': 'PW001', 'mobile': '6655443322', 'roles': ['user'], 'user_type': 'employee', 'username': 'pwuser'}
INFO:app:#x1F512 Password set for user: pwuser
INFO:app:✅ User registered successfully: pwuser (pw@example.com)
INFO:app:Received login request
DEBUG:app:Request JSON data: {'email': 'pw@example.com', 'password': 'OldPassword123'}
INFO:app:Employee login attempt with identifier: pw@example.com
INFO:app:Login successful for employee user pw@example.com
INFO:app:Issued JWT for user pwuser (ID: 8953c26c-b8db-49db-ae90-715ff1957c9d), roles: ['user']
INFO:app:Returning JSON response for user pwuser
INFO:app:Received login request
DEBUG:app:Request JSON data: {'email': 'pw@example.com', 'password': 'NewPassword123!'}
INFO:app:Employee login attempt with identifier: pw@example.com
INFO:app:Login successful for employee user pw@example.com
INFO:app:Issued JWT for user pwuser (ID: 8953c26c-b8db-49db-ae90-715ff1957c9d), roles: ['user']
INFO:app:Returning JSON response for user pwuser

</system-err></testcase><testcase classname="tests.test_workflow" name="test_workflow_crud" time="0.503"><system-out>--------------------------------- Captured Log ---------------------------------
#x1B[32mINFO    #x1B[0m app:auth_route.py:25 Received registration data: {'email': 'admin_wf@example.com', 'employee_id': 'ADM_WF', 'mobile': '9998887771', 'roles': ['admin'], 'user_type': 'employee', 'username': 'admin_wf'}
#x1B[32mINFO    #x1B[0m app:auth_route.py:46 #x1F512 Password set for user: admin_wf
#x1B[32mINFO    #x1B[0m app:auth_route.py:50 ✅ User registered successfully: admin_wf (admin_wf@example.com)
#x1B[32mINFO    #x1B[0m app:auth_route.py:59 Received login request
#x1B[35mDEBUG   #x1B[0m app:auth_route.py:62 Request JSON data: {'email': 'admin_wf@example.com', 'password': 'Password123'}
#x1B[32mINFO    #x1B[0m app:auth_route.py:77 Employee login attempt with identifier: admin_wf@example.com
#x1B[32mINFO    #x1B[0m app:auth_route.py:104 Login successful for employee user admin_wf@example.com
#x1B[32mINFO    #x1B[0m app:auth_route.py:137 Issued JWT for user admin_wf (ID: 84ae2bf0-878c-41b0-a4e3-8e83bf8ee10f), roles: ['admin']
#x1B[32mINFO    #x1B[0m app:auth_route.py:175 Returning JSON response for user admin_wf
#x1B[35mDEBUG   #x1B[0m app:decorator.py:23 Checking access for roles: ('creator', 'admin'), require_all: False
#x1B[32mINFO    #x1B[0m app:form.py:29 User admin_wf (ID: 84ae2bf0-878c-41b0-a4e3-8e83bf8ee10f) is attempting to create a form with data: {'slug': 'workflow-source', 'status': 'published', 'title': 'Workflow Source', 'versions': [{'sections': [{'questions': [{'field_type': 'input', 'is_required': False, 'label': 'Name'}, {'field_type': 'input', 'is_required': False, 'label': 'Age'}], 'title': 'Section 1'}], 'version': '1.0'}]}
#x1B[32mINFO    #x1B[0m app:form.py:46 Form 2f816c30-2e71-4dc1-9b38-9536115a86f3 created successfully by user admin_wf (ID: 84ae2bf0-878c-41b0-a4e3-8e83bf8ee10f)
#x1B[35mDEBUG   #x1B[0m app:decorator.py:23 Checking access for roles: ('creator', 'admin'), require_all: False
#x1B[32mINFO    #x1B[0m app:form.py:29 User admin_wf (ID: 84ae2bf0-878c-41b0-a4e3-8e83bf8ee10f) is attempting to create a form with data: {'slug': 'workflow-target', 'status': 'published', 'title': 'Workflow Target', 'versions': [{'sections': [{'questions': [{'field_type': 'input', 'is_required': False, 'label': 'Name'}, {'field_type': 'input', 'is_required': False, 'label': 'Age'}], 'title': 'Section 1'}], 'version': '1.0'}]}
#x1B[32mINFO    #x1B[0m app:form.py:46 Form 096676a7-583e-41ff-8dfe-36f12f12e0f7 created successfully by user admin_wf (ID: 84ae2bf0-878c-41b0-a4e3-8e83bf8ee10f)
#x1B[35mDEBUG   #x1B[0m app:decorator.py:23 Checking access for roles: ('admin', 'superadmin'), require_all: False
#x1B[35mDEBUG   #x1B[0m app:decorator.py:23 Checking access for roles: ('admin', 'superadmin'), require_all: False
#x1B[35mDEBUG   #x1B[0m app:decorator.py:23 Checking access for roles: ('admin', 'superadmin'), require_all: False
#x1B[35mDEBUG   #x1B[0m app:decorator.py:23 Checking access for roles: ('admin', 'superadmin'), require_all: False
#x1B[35mDEBUG   #x1B[0m app:decorator.py:23 Checking access for roles: ('admin', 'superadmin'), require_all: False
--------------------------------- Captured Out ---------------------------------

</system-out><system-err>--------------------------------- Captured Err ---------------------------------
INFO:app:Received registration data: {'email': 'admin_wf@example.com', 'employee_id': 'ADM_WF', 'mobile': '9998887771', 'roles': ['admin'], 'user_type': 'employee', 'username': 'admin_wf'}
INFO:app:#x1F512 Password set for user: admin_wf
INFO:app:✅ User registered successfully: admin_wf (admin_wf@example.com)
INFO:app:Received login request
DEBUG:app:Request JSON data: {'email': 'admin_wf@example.com', 'password': 'Password123'}
INFO:app:Employee login attempt with identifier: admin_wf@example.com
INFO:app:Login successful for employee user admin_wf@example.com
INFO:app:Issued JWT for user admin_wf (ID: 84ae2bf0-878c-41b0-a4e3-8e83bf8ee10f), roles: ['admin']
INFO:app:Returning JSON response for user admin_wf
DEBUG:app:Checking access for roles: ('creator', 'admin'), require_all: False
INFO:app:User admin_wf (ID: 84ae2bf0-878c-41b0-a4e3-8e83bf8ee10f) is attempting to create a form with data: {'slug': 'workflow-source', 'status': 'published', 'title': 'Workflow Source', 'versions': [{'sections': [{'questions': [{'field_type': 'input', 'is_required': False, 'label': 'Name'}, {'field_type': 'input', 'is_required': False, 'label': 'Age'}], 'title': 'Section 1'}], 'version': '1.0'}]}
INFO:app:Form 2f816c30-2e71-4dc1-9b38-9536115a86f3 created successfully by user admin_wf (ID: 84ae2bf0-878c-41b0-a4e3-8e83bf8ee10f)
DEBUG:app:Checking access for roles: ('creator', 'admin'), require_all: False
INFO:app:User admin_wf (ID: 84ae2bf0-878c-41b0-a4e3-8e83bf8ee10f) is attempting to create a form with data: {'slug': 'workflow-target', 'status': 'published', 'title': 'Workflow Target', 'versions': [{'sections': [{'questions': [{'field_type': 'input', 'is_required': False, 'label': 'Name'}, {'field_type': 'input', 'is_required': False, 'label': 'Age'}], 'title': 'Section 1'}], 'version': '1.0'}]}
INFO:app:Form 096676a7-583e-41ff-8dfe-36f12f12e0f7 created successfully by user admin_wf (ID: 84ae2bf0-878c-41b0-a4e3-8e83bf8ee10f)
DEBUG:app:Checking access for roles: ('admin', 'superadmin'), require_all: False
DEBUG:app:Checking access for roles: ('admin', 'superadmin'), require_all: False
DEBUG:app:Checking access for roles: ('admin', 'superadmin'), require_all: False
DEBUG:app:Checking access for roles: ('admin', 'superadmin'), require_all: False
DEBUG:app:Checking access for roles: ('admin', 'superadmin'), require_all: False

</system-err></testcase><testcase classname="tests.test_workflow" name="test_workflow_execution" time="0.504"><system-out>--------------------------------- Captured Log ---------------------------------
#x1B[32mINFO    #x1B[0m app:auth_route.py:25 Received registration data: {'email': 'admin_wf@example.com', 'employee_id': 'ADM_WF', 'mobile': '9998887771', 'roles': ['admin'], 'user_type': 'employee', 'username': 'admin_wf'}
#x1B[32mINFO    #x1B[0m app:auth_route.py:46 #x1F512 Password set for user: admin_wf
#x1B[32mINFO    #x1B[0m app:auth_route.py:50 ✅ User registered successfully: admin_wf (admin_wf@example.com)
#x1B[32mINFO    #x1B[0m app:auth_route.py:59 Received login request
#x1B[35mDEBUG   #x1B[0m app:auth_route.py:62 Request JSON data: {'email': 'admin_wf@example.com', 'password': 'Password123'}
#x1B[32mINFO    #x1B[0m app:auth_route.py:77 Employee login attempt with identifier: admin_wf@example.com
#x1B[32mINFO    #x1B[0m app:auth_route.py:104 Login successful for employee user admin_wf@example.com
#x1B[32mINFO    #x1B[0m app:auth_route.py:137 Issued JWT for user admin_wf (ID: 59558235-73da-4ed4-8587-56d5ebc9b829), roles: ['admin']
#x1B[32mINFO    #x1B[0m app:auth_route.py:175 Returning JSON response for user admin_wf
#x1B[35mDEBUG   #x1B[0m app:decorator.py:23 Checking access for roles: ('creator', 'admin'), require_all: False
#x1B[32mINFO    #x1B[0m app:form.py:29 User admin_wf (ID: 59558235-73da-4ed4-8587-56d5ebc9b829) is attempting to create a form with data: {'slug': 'source-form-exec', 'status': 'published', 'title': 'Source Form Exec', 'versions': [{'sections': [{'questions': [{'field_type': 'input', 'is_required': False, 'label': 'Name'}, {'field_type': 'input', 'is_required': False, 'label': 'Age'}], 'title': 'Section 1'}], 'version': '1.0'}]}
#x1B[32mINFO    #x1B[0m app:form.py:46 Form dc930a03-2570-4343-8de3-32cee72c4ec0 created successfully by user admin_wf (ID: 59558235-73da-4ed4-8587-56d5ebc9b829)
#x1B[35mDEBUG   #x1B[0m app:decorator.py:23 Checking access for roles: ('creator', 'admin'), require_all: False
#x1B[32mINFO    #x1B[0m app:form.py:29 User admin_wf (ID: 59558235-73da-4ed4-8587-56d5ebc9b829) is attempting to create a form with data: {'slug': 'target-form-exec', 'status': 'published', 'title': 'Target Form Exec', 'versions': [{'sections': [{'questions': [{'field_type': 'input', 'is_required': False, 'label': 'Name'}, {'field_type': 'input', 'is_required': False, 'label': 'Age'}], 'title': 'Section 1'}], 'version': '1.0'}]}
#x1B[32mINFO    #x1B[0m app:form.py:46 Form e72fa15e-3347-498b-a21f-cab39980d401 created successfully by user admin_wf (ID: 59558235-73da-4ed4-8587-56d5ebc9b829)
#x1B[35mDEBUG   #x1B[0m app:decorator.py:23 Checking access for roles: ('admin', 'superadmin'), require_all: False
#x1B[32mINFO    #x1B[0m app:responses.py:26 Received submission for form_id: dc930a03-2570-4343-8de3-32cee72c4ec0
#x1B[32mINFO    #x1B[0m app:responses.py:61 Parsed JSON submission: {'5f4e28c4-746e-4308-9b92-dcaa38c0a089': {'299906a9-40a7-410d-aaa8-ed114b845aab': 25, 'b14a5242-e2ae-4062-992f-eef42b7c119b': 'Alice'}}
#x1B[32mINFO    #x1B[0m app:responses.py:98 Current user: 59558235-73da-4ed4-8587-56d5ebc9b829, Form title: Source Form Exec
#x1B[32mINFO    #x1B[0m app:validation.py:78 Processing section: 5f4e28c4-746e-4308-9b92-dcaa38c0a089, repeatable=False
#x1B[35mDEBUG   #x1B[0m app:validation.py:126 Checking question b14a5242-e2ae-4062-992f-eef42b7c119b, label=Name
#x1B[35mDEBUG   #x1B[0m app:validation.py:126 Checking question 299906a9-40a7-410d-aaa8-ed114b845aab, label=Age
#x1B[32mINFO    #x1B[0m app:responses.py:125 Submission saved: response_id=2a2fdc08-afcf-48a2-990d-6a2d8ab677cb, is_draft=False
#x1B[32mINFO    #x1B[0m app:responses.py:26 Received submission for form_id: dc930a03-2570-4343-8de3-32cee72c4ec0
#x1B[32mINFO    #x1B[0m app:responses.py:61 Parsed JSON submission: {'5f4e28c4-746e-4308-9b92-dcaa38c0a089': {'299906a9-40a7-410d-aaa8-ed114b845aab': 15, 'b14a5242-e2ae-4062-992f-eef42b7c119b': 'Bob'}}
#x1B[32mINFO    #x1B[0m app:responses.py:98 Current user: 59558235-73da-4ed4-8587-56d5ebc9b829, Form title: Source Form Exec
#x1B[32mINFO    #x1B[0m app:validation.py:78 Processing section: 5f4e28c4-746e-4308-9b92-dcaa38c0a089, repeatable=False
#x1B[35mDEBUG   #x1B[0m app:validation.py:126 Checking question b14a5242-e2ae-4062-992f-eef42b7c119b, label=Name
#x1B[35mDEBUG   #x1B[0m app:validation.py:126 Checking question 299906a9-40a7-410d-aaa8-ed114b845aab, label=Age
#x1B[32mINFO    #x1B[0m app:responses.py:125 Submission saved: response_id=b3aadeb0-8e74-45d6-9e06-9bbb8411c806, is_draft=False
--------------------------------- Captured Out ---------------------------------

</system-out><system-err>--------------------------------- Captured Err ---------------------------------
INFO:app:Received registration data: {'email': 'admin_wf@example.com', 'employee_id': 'ADM_WF', 'mobile': '9998887771', 'roles': ['admin'], 'user_type': 'employee', 'username': 'admin_wf'}
INFO:app:#x1F512 Password set for user: admin_wf
INFO:app:✅ User registered successfully: admin_wf (admin_wf@example.com)
INFO:app:Received login request
DEBUG:app:Request JSON data: {'email': 'admin_wf@example.com', 'password': 'Password123'}
INFO:app:Employee login attempt with identifier: admin_wf@example.com
INFO:app:Login successful for employee user admin_wf@example.com
INFO:app:Issued JWT for user admin_wf (ID: 59558235-73da-4ed4-8587-56d5ebc9b829), roles: ['admin']
INFO:app:Returning JSON response for user admin_wf
DEBUG:app:Checking access for roles: ('creator', 'admin'), require_all: False
INFO:app:User admin_wf (ID: 59558235-73da-4ed4-8587-56d5ebc9b829) is attempting to create a form with data: {'slug': 'source-form-exec', 'status': 'published', 'title': 'Source Form Exec', 'versions': [{'sections': [{'questions': [{'field_type': 'input', 'is_required': False, 'label': 'Name'}, {'field_type': 'input', 'is_required': False, 'label': 'Age'}], 'title': 'Section 1'}], 'version': '1.0'}]}
INFO:app:Form dc930a03-2570-4343-8de3-32cee72c4ec0 created successfully by user admin_wf (ID: 59558235-73da-4ed4-8587-56d5ebc9b829)
DEBUG:app:Checking access for roles: ('creator', 'admin'), require_all: False
INFO:app:User admin_wf (ID: 59558235-73da-4ed4-8587-56d5ebc9b829) is attempting to create a form with data: {'slug': 'target-form-exec', 'status': 'published', 'title': 'Target Form Exec', 'versions': [{'sections': [{'questions': [{'field_type': 'input', 'is_required': False, 'label': 'Name'}, {'field_type': 'input', 'is_required': False, 'label': 'Age'}], 'title': 'Section 1'}], 'version': '1.0'}]}
INFO:app:Form e72fa15e-3347-498b-a21f-cab39980d401 created successfully by user admin_wf (ID: 59558235-73da-4ed4-8587-56d5ebc9b829)
DEBUG:app:Checking access for roles: ('admin', 'superadmin'), require_all: False
INFO:app:Received submission for form_id: dc930a03-2570-4343-8de3-32cee72c4ec0
INFO:app:Parsed JSON submission: {'5f4e28c4-746e-4308-9b92-dcaa38c0a089': {'299906a9-40a7-410d-aaa8-ed114b845aab': 25, 'b14a5242-e2ae-4062-992f-eef42b7c119b': 'Alice'}}
INFO:app:Current user: 59558235-73da-4ed4-8587-56d5ebc9b829, Form title: Source Form Exec
INFO:app:Processing section: 5f4e28c4-746e-4308-9b92-dcaa38c0a089, repeatable=False
DEBUG:app:Checking question b14a5242-e2ae-4062-992f-eef42b7c119b, label=Name
DEBUG:app:Checking question 299906a9-40a7-410d-aaa8-ed114b845aab, label=Age
INFO:app:Submission saved: response_id=2a2fdc08-afcf-48a2-990d-6a2d8ab677cb, is_draft=False
INFO:app:Received submission for form_id: dc930a03-2570-4343-8de3-32cee72c4ec0
INFO:app:Parsed JSON submission: {'5f4e28c4-746e-4308-9b92-dcaa38c0a089': {'299906a9-40a7-410d-aaa8-ed114b845aab': 15, 'b14a5242-e2ae-4062-992f-eef42b7c119b': 'Bob'}}
INFO:app:Current user: 59558235-73da-4ed4-8587-56d5ebc9b829, Form title: Source Form Exec
INFO:app:Processing section: 5f4e28c4-746e-4308-9b92-dcaa38c0a089, repeatable=False
DEBUG:app:Checking question b14a5242-e2ae-4062-992f-eef42b7c119b, label=Name
DEBUG:app:Checking question 299906a9-40a7-410d-aaa8-ed114b845aab, label=Age
INFO:app:Submission saved: response_id=b3aadeb0-8e74-45d6-9e06-9bbb8411c806, is_draft=False

</system-err></testcase></testsuite></testsuites>