<?xml version="1.0" encoding="utf-8"?><testsuites name="pytest tests"><testsuite name="pytest" errors="0" failures="0" skipped="0" tests="78" time="52.198" timestamp="2026-01-09T19:52:26.123553+05:30" hostname="ravi-HP-Laptop-14-gr1xxx"><testcase classname="tests.test_advanced_features" name="test_conditional_required" time="0.993"><system-out>--------------------------------- Captured Log ---------------------------------
#x1B[32mINFO    #x1B[0m app:__init__.py:36 Logging configured.
#x1B[32mINFO    #x1B[0m app:__init__.py:47 Using config: TestingConfig
#x1B[32mINFO    #x1B[0m app:__init__.py:62 MongoDB connected via MOCK
#x1B[32mINFO    #x1B[0m app:__init__.py:84 Middleware loaded: Compress, CORS
#x1B[32mINFO    #x1B[0m app:__init__.py:18 Blueprints registered: form, user, auth, ai, dashboards, workflows
#x1B[32mINFO    #x1B[0m app:__init__.py:88 Blueprints registered.
#x1B[32mINFO    #x1B[0m app:__init__.py:92 ✅ Flask app created successfully.
#x1B[32mINFO    #x1B[0m app:auth_route.py:25 Received registration data: {'email': 'admin_d1c1d1@ex.com', 'employee_id': 'A_d1c1d1', 'mobile': '2587083078', 'roles': ['admin'], 'user_type': 'employee', 'username': 'admin_d1c1d1'}
#x1B[32mINFO    #x1B[0m app:auth_route.py:46 #x1F512 Password set for user: admin_d1c1d1
#x1B[32mINFO    #x1B[0m app:auth_route.py:50 ✅ User registered successfully: admin_d1c1d1 (admin_d1c1d1@ex.com)
#x1B[32mINFO    #x1B[0m app:auth_route.py:59 Received login request
#x1B[35mDEBUG   #x1B[0m app:auth_route.py:62 Request JSON data: {'email': 'admin_d1c1d1@ex.com', 'password': 'Pass'}
#x1B[32mINFO    #x1B[0m app:auth_route.py:77 Employee login attempt with identifier: admin_d1c1d1@ex.com
#x1B[32mINFO    #x1B[0m app:auth_route.py:104 Login successful for employee user admin_d1c1d1@ex.com
#x1B[32mINFO    #x1B[0m app:auth_route.py:137 Issued JWT for user admin_d1c1d1 (ID: e1270cd0-8bb6-4343-846f-5bbc94d708ff), roles: ['admin']
#x1B[32mINFO    #x1B[0m app:auth_route.py:175 Returning JSON response for user admin_d1c1d1
#x1B[32mINFO    #x1B[0m app:auth_route.py:25 Received registration data: {'email': 'sub_470a67@ex.com', 'employee_id': 'S_470a67', 'mobile': '2093352576', 'roles': ['user'], 'user_type': 'employee', 'username': 'sub_470a67'}
#x1B[32mINFO    #x1B[0m app:auth_route.py:46 #x1F512 Password set for user: sub_470a67
#x1B[32mINFO    #x1B[0m app:auth_route.py:50 ✅ User registered successfully: sub_470a67 (sub_470a67@ex.com)
#x1B[32mINFO    #x1B[0m app:auth_route.py:59 Received login request
#x1B[35mDEBUG   #x1B[0m app:auth_route.py:62 Request JSON data: {'email': 'sub_470a67@ex.com', 'password': 'Pass'}
#x1B[32mINFO    #x1B[0m app:auth_route.py:77 Employee login attempt with identifier: sub_470a67@ex.com
#x1B[32mINFO    #x1B[0m app:auth_route.py:104 Login successful for employee user sub_470a67@ex.com
#x1B[32mINFO    #x1B[0m app:auth_route.py:137 Issued JWT for user sub_470a67 (ID: 92104741-4035-45c5-955f-45853be4c012), roles: ['user']
#x1B[32mINFO    #x1B[0m app:auth_route.py:175 Returning JSON response for user sub_470a67
#x1B[35mDEBUG   #x1B[0m app:decorator.py:23 Checking access for roles: ('creator', 'admin'), require_all: False
#x1B[32mINFO    #x1B[0m app:form.py:29 User admin_d1c1d1 (ID: e1270cd0-8bb6-4343-846f-5bbc94d708ff) is attempting to create a form with data: {'is_public': True, 'slug': 'cond-f27ec2', 'status': 'published', 'title': 'Cond Form', 'versions': [{'sections': [{'id': '57aed1d2-d7b1-4ff1-a602-b30f7c5fe9be', 'questions': [{'field_type': 'input', 'id': '42bfffa8-7643-4d11-a384-d340bac31aa8', 'label': 'Q1'}, {'field_type': 'input', 'id': 'd6172b1a-0826-41e5-8d43-a4b20d47f509', 'label': 'Q2', 'required_condition': "42bfffa8-7643-4d11-a384-d340bac31aa8 == 'yes'"}], 'title': 'S1'}], 'version': '1.0'}]}
#x1B[32mINFO    #x1B[0m app:form.py:46 Form a71184e1-e5e2-456f-872a-28d707a411c1 created successfully by user admin_d1c1d1 (ID: e1270cd0-8bb6-4343-846f-5bbc94d708ff)
#x1B[32mINFO    #x1B[0m app:responses.py:26 Received submission for form_id: a71184e1-e5e2-456f-872a-28d707a411c1
#x1B[32mINFO    #x1B[0m app:responses.py:61 Parsed JSON submission: {'57aed1d2-d7b1-4ff1-a602-b30f7c5fe9be': {'42bfffa8-7643-4d11-a384-d340bac31aa8': 'no'}}
#x1B[32mINFO    #x1B[0m app:responses.py:98 Current user: 92104741-4035-45c5-955f-45853be4c012, Form title: Cond Form
#x1B[32mINFO    #x1B[0m app:validation.py:78 Processing section: 57aed1d2-d7b1-4ff1-a602-b30f7c5fe9be, repeatable=False
#x1B[35mDEBUG   #x1B[0m app:validation.py:126 Checking question 42bfffa8-7643-4d11-a384-d340bac31aa8, label=Q1
#x1B[35mDEBUG   #x1B[0m app:validation.py:126 Checking question d6172b1a-0826-41e5-8d43-a4b20d47f509, label=Q2
#x1B[35mDEBUG   #x1B[0m app:validation.py:46 Sanitized condition: 42bfffa8-7643-4d11-a384-d340bac31aa8 == 'yes' -&gt; v_42bfffa8_7643_4d11_a384_d340bac31aa8 == 'yes'
#x1B[32mINFO    #x1B[0m app:responses.py:125 Submission saved: response_id=18f101f5-e4a0-4a21-8276-d782adb80a4c, is_draft=False
#x1B[32mINFO    #x1B[0m app:responses.py:26 Received submission for form_id: a71184e1-e5e2-456f-872a-28d707a411c1
#x1B[32mINFO    #x1B[0m app:responses.py:61 Parsed JSON submission: {'57aed1d2-d7b1-4ff1-a602-b30f7c5fe9be': {'42bfffa8-7643-4d11-a384-d340bac31aa8': 'yes'}}
#x1B[32mINFO    #x1B[0m app:responses.py:98 Current user: 92104741-4035-45c5-955f-45853be4c012, Form title: Cond Form
#x1B[32mINFO    #x1B[0m app:validation.py:78 Processing section: 57aed1d2-d7b1-4ff1-a602-b30f7c5fe9be, repeatable=False
#x1B[35mDEBUG   #x1B[0m app:validation.py:126 Checking question 42bfffa8-7643-4d11-a384-d340bac31aa8, label=Q1
#x1B[35mDEBUG   #x1B[0m app:validation.py:126 Checking question d6172b1a-0826-41e5-8d43-a4b20d47f509, label=Q2
#x1B[35mDEBUG   #x1B[0m app:validation.py:46 Sanitized condition: 42bfffa8-7643-4d11-a384-d340bac31aa8 == 'yes' -&gt; v_42bfffa8_7643_4d11_a384_d340bac31aa8 == 'yes'
#x1B[35mDEBUG   #x1B[0m app:validation.py:143 Field d6172b1a-0826-41e5-8d43-a4b20d47f509 is mandatory due to condition: 42bfffa8-7643-4d11-a384-d340bac31aa8 == 'yes'
#x1B[33mWARNING #x1B[0m app:validation.py:186 d6172b1a-0826-41e5-8d43-a4b20d47f509: Required field missing
#x1B[33mWARNING #x1B[0m app:responses.py:112 Validation failed with errors: [{'id': 'd6172b1a-0826-41e5-8d43-a4b20d47f509', 'error': 'Required field missing'}]
#x1B[32mINFO    #x1B[0m app:responses.py:26 Received submission for form_id: a71184e1-e5e2-456f-872a-28d707a411c1
#x1B[32mINFO    #x1B[0m app:responses.py:61 Parsed JSON submission: {'57aed1d2-d7b1-4ff1-a602-b30f7c5fe9be': {'42bfffa8-7643-4d11-a384-d340bac31aa8': 'yes', 'd6172b1a-0826-41e5-8d43-a4b20d47f509': 'val'}}
#x1B[32mINFO    #x1B[0m app:responses.py:98 Current user: 92104741-4035-45c5-955f-45853be4c012, Form title: Cond Form
#x1B[32mINFO    #x1B[0m app:validation.py:78 Processing section: 57aed1d2-d7b1-4ff1-a602-b30f7c5fe9be, repeatable=False
#x1B[35mDEBUG   #x1B[0m app:validation.py:126 Checking question 42bfffa8-7643-4d11-a384-d340bac31aa8, label=Q1
#x1B[35mDEBUG   #x1B[0m app:validation.py:126 Checking question d6172b1a-0826-41e5-8d43-a4b20d47f509, label=Q2
#x1B[35mDEBUG   #x1B[0m app:validation.py:46 Sanitized condition: 42bfffa8-7643-4d11-a384-d340bac31aa8 == 'yes' -&gt; v_42bfffa8_7643_4d11_a384_d340bac31aa8 == 'yes'
#x1B[35mDEBUG   #x1B[0m app:validation.py:143 Field d6172b1a-0826-41e5-8d43-a4b20d47f509 is mandatory due to condition: 42bfffa8-7643-4d11-a384-d340bac31aa8 == 'yes'
#x1B[32mINFO    #x1B[0m app:responses.py:125 Submission saved: response_id=a25a17a3-6f07-4fd5-ac02-c2d33ea32cb1, is_draft=False
--------------------------------- Captured Out ---------------------------------

</system-out><system-err>--------------------------------- Captured Err ---------------------------------
INFO:app:Logging configured.
INFO:app:Using config: TestingConfig
INFO:app:MongoDB connected via MOCK
INFO:app:Middleware loaded: Compress, CORS
INFO:app:Blueprints registered: form, user, auth, ai, dashboards, workflows
INFO:app:Blueprints registered.
INFO:app:✅ Flask app created successfully.
INFO:app:Received registration data: {'email': 'admin_d1c1d1@ex.com', 'employee_id': 'A_d1c1d1', 'mobile': '2587083078', 'roles': ['admin'], 'user_type': 'employee', 'username': 'admin_d1c1d1'}
INFO:app:#x1F512 Password set for user: admin_d1c1d1
INFO:app:✅ User registered successfully: admin_d1c1d1 (admin_d1c1d1@ex.com)
INFO:app:Received login request
DEBUG:app:Request JSON data: {'email': 'admin_d1c1d1@ex.com', 'password': 'Pass'}
INFO:app:Employee login attempt with identifier: admin_d1c1d1@ex.com
INFO:app:Login successful for employee user admin_d1c1d1@ex.com
INFO:app:Issued JWT for user admin_d1c1d1 (ID: e1270cd0-8bb6-4343-846f-5bbc94d708ff), roles: ['admin']
INFO:app:Returning JSON response for user admin_d1c1d1
INFO:app:Received registration data: {'email': 'sub_470a67@ex.com', 'employee_id': 'S_470a67', 'mobile': '2093352576', 'roles': ['user'], 'user_type': 'employee', 'username': 'sub_470a67'}
INFO:app:#x1F512 Password set for user: sub_470a67
INFO:app:✅ User registered successfully: sub_470a67 (sub_470a67@ex.com)
INFO:app:Received login request
DEBUG:app:Request JSON data: {'email': 'sub_470a67@ex.com', 'password': 'Pass'}
INFO:app:Employee login attempt with identifier: sub_470a67@ex.com
INFO:app:Login successful for employee user sub_470a67@ex.com
INFO:app:Issued JWT for user sub_470a67 (ID: 92104741-4035-45c5-955f-45853be4c012), roles: ['user']
INFO:app:Returning JSON response for user sub_470a67
DEBUG:app:Checking access for roles: ('creator', 'admin'), require_all: False
INFO:app:User admin_d1c1d1 (ID: e1270cd0-8bb6-4343-846f-5bbc94d708ff) is attempting to create a form with data: {'is_public': True, 'slug': 'cond-f27ec2', 'status': 'published', 'title': 'Cond Form', 'versions': [{'sections': [{'id': '57aed1d2-d7b1-4ff1-a602-b30f7c5fe9be', 'questions': [{'field_type': 'input', 'id': '42bfffa8-7643-4d11-a384-d340bac31aa8', 'label': 'Q1'}, {'field_type': 'input', 'id': 'd6172b1a-0826-41e5-8d43-a4b20d47f509', 'label': 'Q2', 'required_condition': "42bfffa8-7643-4d11-a384-d340bac31aa8 == 'yes'"}], 'title': 'S1'}], 'version': '1.0'}]}
INFO:app:Form a71184e1-e5e2-456f-872a-28d707a411c1 created successfully by user admin_d1c1d1 (ID: e1270cd0-8bb6-4343-846f-5bbc94d708ff)
INFO:app:Received submission for form_id: a71184e1-e5e2-456f-872a-28d707a411c1
INFO:app:Parsed JSON submission: {'57aed1d2-d7b1-4ff1-a602-b30f7c5fe9be': {'42bfffa8-7643-4d11-a384-d340bac31aa8': 'no'}}
INFO:app:Current user: 92104741-4035-45c5-955f-45853be4c012, Form title: Cond Form
INFO:app:Processing section: 57aed1d2-d7b1-4ff1-a602-b30f7c5fe9be, repeatable=False
DEBUG:app:Checking question 42bfffa8-7643-4d11-a384-d340bac31aa8, label=Q1
DEBUG:app:Checking question d6172b1a-0826-41e5-8d43-a4b20d47f509, label=Q2
DEBUG:app:Sanitized condition: 42bfffa8-7643-4d11-a384-d340bac31aa8 == 'yes' -&gt; v_42bfffa8_7643_4d11_a384_d340bac31aa8 == 'yes'
INFO:app:Submission saved: response_id=18f101f5-e4a0-4a21-8276-d782adb80a4c, is_draft=False
INFO:app:Received submission for form_id: a71184e1-e5e2-456f-872a-28d707a411c1
INFO:app:Parsed JSON submission: {'57aed1d2-d7b1-4ff1-a602-b30f7c5fe9be': {'42bfffa8-7643-4d11-a384-d340bac31aa8': 'yes'}}
INFO:app:Current user: 92104741-4035-45c5-955f-45853be4c012, Form title: Cond Form
INFO:app:Processing section: 57aed1d2-d7b1-4ff1-a602-b30f7c5fe9be, repeatable=False
DEBUG:app:Checking question 42bfffa8-7643-4d11-a384-d340bac31aa8, label=Q1
DEBUG:app:Checking question d6172b1a-0826-41e5-8d43-a4b20d47f509, label=Q2
DEBUG:app:Sanitized condition: 42bfffa8-7643-4d11-a384-d340bac31aa8 == 'yes' -&gt; v_42bfffa8_7643_4d11_a384_d340bac31aa8 == 'yes'
DEBUG:app:Field d6172b1a-0826-41e5-8d43-a4b20d47f509 is mandatory due to condition: 42bfffa8-7643-4d11-a384-d340bac31aa8 == 'yes'
WARNING:app:d6172b1a-0826-41e5-8d43-a4b20d47f509: Required field missing
WARNING:app:Validation failed with errors: [{'id': 'd6172b1a-0826-41e5-8d43-a4b20d47f509', 'error': 'Required field missing'}]
INFO:app:Received submission for form_id: a71184e1-e5e2-456f-872a-28d707a411c1
INFO:app:Parsed JSON submission: {'57aed1d2-d7b1-4ff1-a602-b30f7c5fe9be': {'42bfffa8-7643-4d11-a384-d340bac31aa8': 'yes', 'd6172b1a-0826-41e5-8d43-a4b20d47f509': 'val'}}
INFO:app:Current user: 92104741-4035-45c5-955f-45853be4c012, Form title: Cond Form
INFO:app:Processing section: 57aed1d2-d7b1-4ff1-a602-b30f7c5fe9be, repeatable=False
DEBUG:app:Checking question 42bfffa8-7643-4d11-a384-d340bac31aa8, label=Q1
DEBUG:app:Checking question d6172b1a-0826-41e5-8d43-a4b20d47f509, label=Q2
DEBUG:app:Sanitized condition: 42bfffa8-7643-4d11-a384-d340bac31aa8 == 'yes' -&gt; v_42bfffa8_7643_4d11_a384_d340bac31aa8 == 'yes'
DEBUG:app:Field d6172b1a-0826-41e5-8d43-a4b20d47f509 is mandatory due to condition: 42bfffa8-7643-4d11-a384-d340bac31aa8 == 'yes'
INFO:app:Submission saved: response_id=a25a17a3-6f07-4fd5-ac02-c2d33ea32cb1, is_draft=False

</system-err></testcase><testcase classname="tests.test_advanced_features" name="test_history_tracking" time="0.995"><system-out>--------------------------------- Captured Log ---------------------------------
#x1B[32mINFO    #x1B[0m app:auth_route.py:25 Received registration data: {'email': 'admin_a63981@ex.com', 'employee_id': 'A_a63981', 'mobile': '2711631768', 'roles': ['admin'], 'user_type': 'employee', 'username': 'admin_a63981'}
#x1B[32mINFO    #x1B[0m app:auth_route.py:46 #x1F512 Password set for user: admin_a63981
#x1B[32mINFO    #x1B[0m app:auth_route.py:50 ✅ User registered successfully: admin_a63981 (admin_a63981@ex.com)
#x1B[32mINFO    #x1B[0m app:auth_route.py:59 Received login request
#x1B[35mDEBUG   #x1B[0m app:auth_route.py:62 Request JSON data: {'email': 'admin_a63981@ex.com', 'password': 'Pass'}
#x1B[32mINFO    #x1B[0m app:auth_route.py:77 Employee login attempt with identifier: admin_a63981@ex.com
#x1B[32mINFO    #x1B[0m app:auth_route.py:104 Login successful for employee user admin_a63981@ex.com
#x1B[32mINFO    #x1B[0m app:auth_route.py:137 Issued JWT for user admin_a63981 (ID: ef38ebc7-2465-4e89-84f6-0d3e33a27d9b), roles: ['admin']
#x1B[32mINFO    #x1B[0m app:auth_route.py:175 Returning JSON response for user admin_a63981
#x1B[32mINFO    #x1B[0m app:auth_route.py:25 Received registration data: {'email': 'sub_bd20b2@ex.com', 'employee_id': 'S_bd20b2', 'mobile': '2628969700', 'roles': ['user'], 'user_type': 'employee', 'username': 'sub_bd20b2'}
#x1B[32mINFO    #x1B[0m app:auth_route.py:46 #x1F512 Password set for user: sub_bd20b2
#x1B[32mINFO    #x1B[0m app:auth_route.py:50 ✅ User registered successfully: sub_bd20b2 (sub_bd20b2@ex.com)
#x1B[32mINFO    #x1B[0m app:auth_route.py:59 Received login request
#x1B[35mDEBUG   #x1B[0m app:auth_route.py:62 Request JSON data: {'email': 'sub_bd20b2@ex.com', 'password': 'Pass'}
#x1B[32mINFO    #x1B[0m app:auth_route.py:77 Employee login attempt with identifier: sub_bd20b2@ex.com
#x1B[32mINFO    #x1B[0m app:auth_route.py:104 Login successful for employee user sub_bd20b2@ex.com
#x1B[32mINFO    #x1B[0m app:auth_route.py:137 Issued JWT for user sub_bd20b2 (ID: 551243bc-92ae-45b2-8611-4e4c116ecbb6), roles: ['user']
#x1B[32mINFO    #x1B[0m app:auth_route.py:175 Returning JSON response for user sub_bd20b2
#x1B[35mDEBUG   #x1B[0m app:decorator.py:23 Checking access for roles: ('creator', 'admin'), require_all: False
#x1B[32mINFO    #x1B[0m app:form.py:29 User admin_a63981 (ID: ef38ebc7-2465-4e89-84f6-0d3e33a27d9b) is attempting to create a form with data: {'is_public': True, 'slug': 'hist-ff5971', 'status': 'published', 'title': 'Hist Form', 'versions': [{'sections': [{'id': '12e03e4c-cf26-4e40-ab1d-9adead8dda83', 'questions': [], 'title': 'S1'}], 'version': '1.0'}]}
#x1B[32mINFO    #x1B[0m app:form.py:46 Form 557731d4-3651-42fb-9d63-be1437dbd1fa created successfully by user admin_a63981 (ID: ef38ebc7-2465-4e89-84f6-0d3e33a27d9b)
#x1B[32mINFO    #x1B[0m app:responses.py:26 Received submission for form_id: 557731d4-3651-42fb-9d63-be1437dbd1fa
#x1B[32mINFO    #x1B[0m app:responses.py:61 Parsed JSON submission: {'foo': 'bar'}
#x1B[32mINFO    #x1B[0m app:responses.py:98 Current user: 551243bc-92ae-45b2-8611-4e4c116ecbb6, Form title: Hist Form
#x1B[32mINFO    #x1B[0m app:validation.py:78 Processing section: 12e03e4c-cf26-4e40-ab1d-9adead8dda83, repeatable=False
#x1B[32mINFO    #x1B[0m app:responses.py:125 Submission saved: response_id=245191d2-bb25-49f2-863f-845cc4a5be37, is_draft=False
#x1B[32mINFO    #x1B[0m app:responses.py:306 Updating submission form=557731d4-3651-42fb-9d63-be1437dbd1fa resp=245191d2-bb25-49f2-863f-845cc4a5be37
#x1B[32mINFO    #x1B[0m app:validation.py:78 Processing section: 12e03e4c-cf26-4e40-ab1d-9adead8dda83, repeatable=False
--------------------------------- Captured Out ---------------------------------

</system-out><system-err>--------------------------------- Captured Err ---------------------------------
INFO:app:Received registration data: {'email': 'admin_a63981@ex.com', 'employee_id': 'A_a63981', 'mobile': '2711631768', 'roles': ['admin'], 'user_type': 'employee', 'username': 'admin_a63981'}
INFO:app:#x1F512 Password set for user: admin_a63981
INFO:app:✅ User registered successfully: admin_a63981 (admin_a63981@ex.com)
INFO:app:Received login request
DEBUG:app:Request JSON data: {'email': 'admin_a63981@ex.com', 'password': 'Pass'}
INFO:app:Employee login attempt with identifier: admin_a63981@ex.com
INFO:app:Login successful for employee user admin_a63981@ex.com
INFO:app:Issued JWT for user admin_a63981 (ID: ef38ebc7-2465-4e89-84f6-0d3e33a27d9b), roles: ['admin']
INFO:app:Returning JSON response for user admin_a63981
INFO:app:Received registration data: {'email': 'sub_bd20b2@ex.com', 'employee_id': 'S_bd20b2', 'mobile': '2628969700', 'roles': ['user'], 'user_type': 'employee', 'username': 'sub_bd20b2'}
INFO:app:#x1F512 Password set for user: sub_bd20b2
INFO:app:✅ User registered successfully: sub_bd20b2 (sub_bd20b2@ex.com)
INFO:app:Received login request
DEBUG:app:Request JSON data: {'email': 'sub_bd20b2@ex.com', 'password': 'Pass'}
INFO:app:Employee login attempt with identifier: sub_bd20b2@ex.com
INFO:app:Login successful for employee user sub_bd20b2@ex.com
INFO:app:Issued JWT for user sub_bd20b2 (ID: 551243bc-92ae-45b2-8611-4e4c116ecbb6), roles: ['user']
INFO:app:Returning JSON response for user sub_bd20b2
DEBUG:app:Checking access for roles: ('creator', 'admin'), require_all: False
INFO:app:User admin_a63981 (ID: ef38ebc7-2465-4e89-84f6-0d3e33a27d9b) is attempting to create a form with data: {'is_public': True, 'slug': 'hist-ff5971', 'status': 'published', 'title': 'Hist Form', 'versions': [{'sections': [{'id': '12e03e4c-cf26-4e40-ab1d-9adead8dda83', 'questions': [], 'title': 'S1'}], 'version': '1.0'}]}
INFO:app:Form 557731d4-3651-42fb-9d63-be1437dbd1fa created successfully by user admin_a63981 (ID: ef38ebc7-2465-4e89-84f6-0d3e33a27d9b)
INFO:app:Received submission for form_id: 557731d4-3651-42fb-9d63-be1437dbd1fa
INFO:app:Parsed JSON submission: {'foo': 'bar'}
INFO:app:Current user: 551243bc-92ae-45b2-8611-4e4c116ecbb6, Form title: Hist Form
INFO:app:Processing section: 12e03e4c-cf26-4e40-ab1d-9adead8dda83, repeatable=False
INFO:app:Submission saved: response_id=245191d2-bb25-49f2-863f-845cc4a5be37, is_draft=False
INFO:app:Updating submission form=557731d4-3651-42fb-9d63-be1437dbd1fa resp=245191d2-bb25-49f2-863f-845cc4a5be37
INFO:app:Processing section: 12e03e4c-cf26-4e40-ab1d-9adead8dda83, repeatable=False

</system-err></testcase><testcase classname="tests.test_advanced_features" name="test_webhooks" time="0.996"><system-out>--------------------------------- Captured Log ---------------------------------
#x1B[32mINFO    #x1B[0m app:auth_route.py:25 Received registration data: {'email': 'admin_64de10@ex.com', 'employee_id': 'A_64de10', 'mobile': '3123002264', 'roles': ['admin'], 'user_type': 'employee', 'username': 'admin_64de10'}
#x1B[32mINFO    #x1B[0m app:auth_route.py:46 #x1F512 Password set for user: admin_64de10
#x1B[32mINFO    #x1B[0m app:auth_route.py:50 ✅ User registered successfully: admin_64de10 (admin_64de10@ex.com)
#x1B[32mINFO    #x1B[0m app:auth_route.py:59 Received login request
#x1B[35mDEBUG   #x1B[0m app:auth_route.py:62 Request JSON data: {'email': 'admin_64de10@ex.com', 'password': 'Pass'}
#x1B[32mINFO    #x1B[0m app:auth_route.py:77 Employee login attempt with identifier: admin_64de10@ex.com
#x1B[32mINFO    #x1B[0m app:auth_route.py:104 Login successful for employee user admin_64de10@ex.com
#x1B[32mINFO    #x1B[0m app:auth_route.py:137 Issued JWT for user admin_64de10 (ID: a8fcdfe4-515a-4de4-8488-9577d68a1029), roles: ['admin']
#x1B[32mINFO    #x1B[0m app:auth_route.py:175 Returning JSON response for user admin_64de10
#x1B[32mINFO    #x1B[0m app:auth_route.py:25 Received registration data: {'email': 'sub_f7f545@ex.com', 'employee_id': 'S_f7f545', 'mobile': '2977815352', 'roles': ['user'], 'user_type': 'employee', 'username': 'sub_f7f545'}
#x1B[32mINFO    #x1B[0m app:auth_route.py:46 #x1F512 Password set for user: sub_f7f545
#x1B[32mINFO    #x1B[0m app:auth_route.py:50 ✅ User registered successfully: sub_f7f545 (sub_f7f545@ex.com)
#x1B[32mINFO    #x1B[0m app:auth_route.py:59 Received login request
#x1B[35mDEBUG   #x1B[0m app:auth_route.py:62 Request JSON data: {'email': 'sub_f7f545@ex.com', 'password': 'Pass'}
#x1B[32mINFO    #x1B[0m app:auth_route.py:77 Employee login attempt with identifier: sub_f7f545@ex.com
#x1B[32mINFO    #x1B[0m app:auth_route.py:104 Login successful for employee user sub_f7f545@ex.com
#x1B[32mINFO    #x1B[0m app:auth_route.py:137 Issued JWT for user sub_f7f545 (ID: 66d4eced-bf1c-4f6a-9cba-8b42e188cfc1), roles: ['user']
#x1B[32mINFO    #x1B[0m app:auth_route.py:175 Returning JSON response for user sub_f7f545
#x1B[35mDEBUG   #x1B[0m app:decorator.py:23 Checking access for roles: ('creator', 'admin'), require_all: False
#x1B[32mINFO    #x1B[0m app:form.py:29 User admin_64de10 (ID: a8fcdfe4-515a-4de4-8488-9577d68a1029) is attempting to create a form with data: {'is_public': True, 'slug': 'hook-f2c09b', 'status': 'published', 'title': 'Hook Form', 'versions': [{'sections': [{'id': 'b713386d-be6a-419c-9372-99c01ed34d48', 'questions': [], 'title': 'S1'}], 'version': '1.0'}], 'webhooks': [{'events': ['submitted'], 'secret': 'xyz', 'url': 'http://mock-hook.com'}]}
#x1B[32mINFO    #x1B[0m app:form.py:46 Form df2d88ea-5924-4b20-8fc8-eaefc76a2520 created successfully by user admin_64de10 (ID: a8fcdfe4-515a-4de4-8488-9577d68a1029)
#x1B[32mINFO    #x1B[0m app:responses.py:26 Received submission for form_id: df2d88ea-5924-4b20-8fc8-eaefc76a2520
#x1B[32mINFO    #x1B[0m app:responses.py:61 Parsed JSON submission: {}
#x1B[32mINFO    #x1B[0m app:responses.py:98 Current user: 66d4eced-bf1c-4f6a-9cba-8b42e188cfc1, Form title: Hook Form
#x1B[32mINFO    #x1B[0m app:validation.py:78 Processing section: b713386d-be6a-419c-9372-99c01ed34d48, repeatable=False
#x1B[32mINFO    #x1B[0m app:responses.py:125 Submission saved: response_id=5508c2f0-3640-40ee-96e6-308838441030, is_draft=False
#x1B[32mINFO    #x1B[0m app:webhooks.py:53 Webhook sent to http://mock-hook.com for event submitted. Status: &lt;MagicMock name='post().status_code' id='139201019028416'&gt;
--------------------------------- Captured Out ---------------------------------

</system-out><system-err>--------------------------------- Captured Err ---------------------------------
INFO:app:Received registration data: {'email': 'admin_64de10@ex.com', 'employee_id': 'A_64de10', 'mobile': '3123002264', 'roles': ['admin'], 'user_type': 'employee', 'username': 'admin_64de10'}
INFO:app:#x1F512 Password set for user: admin_64de10
INFO:app:✅ User registered successfully: admin_64de10 (admin_64de10@ex.com)
INFO:app:Received login request
DEBUG:app:Request JSON data: {'email': 'admin_64de10@ex.com', 'password': 'Pass'}
INFO:app:Employee login attempt with identifier: admin_64de10@ex.com
INFO:app:Login successful for employee user admin_64de10@ex.com
INFO:app:Issued JWT for user admin_64de10 (ID: a8fcdfe4-515a-4de4-8488-9577d68a1029), roles: ['admin']
INFO:app:Returning JSON response for user admin_64de10
INFO:app:Received registration data: {'email': 'sub_f7f545@ex.com', 'employee_id': 'S_f7f545', 'mobile': '2977815352', 'roles': ['user'], 'user_type': 'employee', 'username': 'sub_f7f545'}
INFO:app:#x1F512 Password set for user: sub_f7f545
INFO:app:✅ User registered successfully: sub_f7f545 (sub_f7f545@ex.com)
INFO:app:Received login request
DEBUG:app:Request JSON data: {'email': 'sub_f7f545@ex.com', 'password': 'Pass'}
INFO:app:Employee login attempt with identifier: sub_f7f545@ex.com
INFO:app:Login successful for employee user sub_f7f545@ex.com
INFO:app:Issued JWT for user sub_f7f545 (ID: 66d4eced-bf1c-4f6a-9cba-8b42e188cfc1), roles: ['user']
INFO:app:Returning JSON response for user sub_f7f545
DEBUG:app:Checking access for roles: ('creator', 'admin'), require_all: False
INFO:app:User admin_64de10 (ID: a8fcdfe4-515a-4de4-8488-9577d68a1029) is attempting to create a form with data: {'is_public': True, 'slug': 'hook-f2c09b', 'status': 'published', 'title': 'Hook Form', 'versions': [{'sections': [{'id': 'b713386d-be6a-419c-9372-99c01ed34d48', 'questions': [], 'title': 'S1'}], 'version': '1.0'}], 'webhooks': [{'events': ['submitted'], 'secret': 'xyz', 'url': 'http://mock-hook.com'}]}
INFO:app:Form df2d88ea-5924-4b20-8fc8-eaefc76a2520 created successfully by user admin_64de10 (ID: a8fcdfe4-515a-4de4-8488-9577d68a1029)
INFO:app:Received submission for form_id: df2d88ea-5924-4b20-8fc8-eaefc76a2520
INFO:app:Parsed JSON submission: {}
INFO:app:Current user: 66d4eced-bf1c-4f6a-9cba-8b42e188cfc1, Form title: Hook Form
INFO:app:Processing section: b713386d-be6a-419c-9372-99c01ed34d48, repeatable=False
INFO:app:Submission saved: response_id=5508c2f0-3640-40ee-96e6-308838441030, is_draft=False
INFO:app:Webhook sent to http://mock-hook.com for event submitted. Status: &lt;MagicMock name='post().status_code' id='139201019028416'&gt;

</system-err></testcase><testcase classname="tests.test_advanced_validation" name="test_global_custom_validation" time="0.482"><system-out>--------------------------------- Captured Log ---------------------------------
#x1B[32mINFO    #x1B[0m app:auth_route.py:25 Received registration data: {'email': 'adv_admin_a12da0@test.com', 'employee_id': 'EMP_36d6b9', 'mobile': '7751348936', 'roles': ['admin'], 'user_type': 'employee', 'username': 'adv_admin'}
#x1B[32mINFO    #x1B[0m app:auth_route.py:46 #x1F512 Password set for user: adv_admin
#x1B[32mINFO    #x1B[0m app:auth_route.py:50 ✅ User registered successfully: adv_admin (adv_admin_a12da0@test.com)
#x1B[32mINFO    #x1B[0m app:auth_route.py:59 Received login request
#x1B[35mDEBUG   #x1B[0m app:auth_route.py:62 Request JSON data: {'email': 'adv_admin_a12da0@test.com', 'password': 'SecurePassword123'}
#x1B[32mINFO    #x1B[0m app:auth_route.py:77 Employee login attempt with identifier: adv_admin_a12da0@test.com
#x1B[32mINFO    #x1B[0m app:auth_route.py:104 Login successful for employee user adv_admin_a12da0@test.com
#x1B[32mINFO    #x1B[0m app:auth_route.py:137 Issued JWT for user adv_admin (ID: d3dca02e-66ee-4bb7-af7b-9ded38664a3f), roles: ['admin']
#x1B[32mINFO    #x1B[0m app:auth_route.py:175 Returning JSON response for user adv_admin
#x1B[35mDEBUG   #x1B[0m app:decorator.py:23 Checking access for roles: ('creator', 'admin'), require_all: False
#x1B[32mINFO    #x1B[0m app:form.py:29 User adv_admin (ID: d3dca02e-66ee-4bb7-af7b-9ded38664a3f) is attempting to create a form with data: {'is_public': True, 'slug': 'cross-val-fb2f05', 'status': 'published', 'title': 'Cross Validation Form', 'versions': [{'custom_validations': [{'error_message': 'Start must be before End', 'expression': 'v_95e4216c_236e_46ff_919a_cafff57c3ec5 &lt; v_130d84be_bdaa_44ad_8bda_14f160613fc3'}], 'sections': [{'id': 'ab3ed0f1-47bb-477d-a27c-a9c8fb8f8ad6', 'questions': [{'field_type': 'input', 'id': '95e4216c-236e-46ff-919a-cafff57c3ec5', 'is_required': True, 'label': 'Start'}, {'field_type': 'input', 'id': '130d84be-bdaa-44ad-8bda-14f160613fc3', 'is_required': True, 'label': 'End'}], 'title': 'Dates'}], 'version': '1.0'}]}
#x1B[32mINFO    #x1B[0m app:form.py:46 Form 65c113ec-a6ad-43b3-b353-ae8201d53f05 created successfully by user adv_admin (ID: d3dca02e-66ee-4bb7-af7b-9ded38664a3f)
#x1B[32mINFO    #x1B[0m app:responses.py:26 Received submission for form_id: 65c113ec-a6ad-43b3-b353-ae8201d53f05
#x1B[32mINFO    #x1B[0m app:responses.py:61 Parsed JSON submission: {'ab3ed0f1-47bb-477d-a27c-a9c8fb8f8ad6': {'130d84be-bdaa-44ad-8bda-14f160613fc3': '2023-01-02', '95e4216c-236e-46ff-919a-cafff57c3ec5': '2023-01-01'}}
#x1B[32mINFO    #x1B[0m app:responses.py:98 Current user: d3dca02e-66ee-4bb7-af7b-9ded38664a3f, Form title: Cross Validation Form
#x1B[32mINFO    #x1B[0m app:validation.py:78 Processing section: ab3ed0f1-47bb-477d-a27c-a9c8fb8f8ad6, repeatable=False
#x1B[35mDEBUG   #x1B[0m app:validation.py:126 Checking question 95e4216c-236e-46ff-919a-cafff57c3ec5, label=Start
#x1B[35mDEBUG   #x1B[0m app:validation.py:126 Checking question 130d84be-bdaa-44ad-8bda-14f160613fc3, label=End
#x1B[32mINFO    #x1B[0m app:responses.py:125 Submission saved: response_id=4353b5cd-91c0-4955-94a0-02bf6a1e2293, is_draft=False
#x1B[32mINFO    #x1B[0m app:responses.py:26 Received submission for form_id: 65c113ec-a6ad-43b3-b353-ae8201d53f05
#x1B[32mINFO    #x1B[0m app:responses.py:61 Parsed JSON submission: {'ab3ed0f1-47bb-477d-a27c-a9c8fb8f8ad6': {'130d84be-bdaa-44ad-8bda-14f160613fc3': '2023-01-01', '95e4216c-236e-46ff-919a-cafff57c3ec5': '2023-02-01'}}
#x1B[32mINFO    #x1B[0m app:responses.py:98 Current user: d3dca02e-66ee-4bb7-af7b-9ded38664a3f, Form title: Cross Validation Form
#x1B[32mINFO    #x1B[0m app:validation.py:78 Processing section: ab3ed0f1-47bb-477d-a27c-a9c8fb8f8ad6, repeatable=False
#x1B[35mDEBUG   #x1B[0m app:validation.py:126 Checking question 95e4216c-236e-46ff-919a-cafff57c3ec5, label=Start
#x1B[35mDEBUG   #x1B[0m app:validation.py:126 Checking question 130d84be-bdaa-44ad-8bda-14f160613fc3, label=End
#x1B[33mWARNING #x1B[0m app:validation.py:285 Global validation failed: v_95e4216c_236e_46ff_919a_cafff57c3ec5 &lt; v_130d84be_bdaa_44ad_8bda_14f160613fc3
#x1B[33mWARNING #x1B[0m app:responses.py:112 Validation failed with errors: [{'global': True, 'error': 'Start must be before End'}]
--------------------------------- Captured Out ---------------------------------

</system-out><system-err>--------------------------------- Captured Err ---------------------------------
INFO:app:Received registration data: {'email': 'adv_admin_a12da0@test.com', 'employee_id': 'EMP_36d6b9', 'mobile': '7751348936', 'roles': ['admin'], 'user_type': 'employee', 'username': 'adv_admin'}
INFO:app:#x1F512 Password set for user: adv_admin
INFO:app:✅ User registered successfully: adv_admin (adv_admin_a12da0@test.com)
INFO:app:Received login request
DEBUG:app:Request JSON data: {'email': 'adv_admin_a12da0@test.com', 'password': 'SecurePassword123'}
INFO:app:Employee login attempt with identifier: adv_admin_a12da0@test.com
INFO:app:Login successful for employee user adv_admin_a12da0@test.com
INFO:app:Issued JWT for user adv_admin (ID: d3dca02e-66ee-4bb7-af7b-9ded38664a3f), roles: ['admin']
INFO:app:Returning JSON response for user adv_admin
DEBUG:app:Checking access for roles: ('creator', 'admin'), require_all: False
INFO:app:User adv_admin (ID: d3dca02e-66ee-4bb7-af7b-9ded38664a3f) is attempting to create a form with data: {'is_public': True, 'slug': 'cross-val-fb2f05', 'status': 'published', 'title': 'Cross Validation Form', 'versions': [{'custom_validations': [{'error_message': 'Start must be before End', 'expression': 'v_95e4216c_236e_46ff_919a_cafff57c3ec5 &lt; v_130d84be_bdaa_44ad_8bda_14f160613fc3'}], 'sections': [{'id': 'ab3ed0f1-47bb-477d-a27c-a9c8fb8f8ad6', 'questions': [{'field_type': 'input', 'id': '95e4216c-236e-46ff-919a-cafff57c3ec5', 'is_required': True, 'label': 'Start'}, {'field_type': 'input', 'id': '130d84be-bdaa-44ad-8bda-14f160613fc3', 'is_required': True, 'label': 'End'}], 'title': 'Dates'}], 'version': '1.0'}]}
INFO:app:Form 65c113ec-a6ad-43b3-b353-ae8201d53f05 created successfully by user adv_admin (ID: d3dca02e-66ee-4bb7-af7b-9ded38664a3f)
INFO:app:Received submission for form_id: 65c113ec-a6ad-43b3-b353-ae8201d53f05
INFO:app:Parsed JSON submission: {'ab3ed0f1-47bb-477d-a27c-a9c8fb8f8ad6': {'130d84be-bdaa-44ad-8bda-14f160613fc3': '2023-01-02', '95e4216c-236e-46ff-919a-cafff57c3ec5': '2023-01-01'}}
INFO:app:Current user: d3dca02e-66ee-4bb7-af7b-9ded38664a3f, Form title: Cross Validation Form
INFO:app:Processing section: ab3ed0f1-47bb-477d-a27c-a9c8fb8f8ad6, repeatable=False
DEBUG:app:Checking question 95e4216c-236e-46ff-919a-cafff57c3ec5, label=Start
DEBUG:app:Checking question 130d84be-bdaa-44ad-8bda-14f160613fc3, label=End
INFO:app:Submission saved: response_id=4353b5cd-91c0-4955-94a0-02bf6a1e2293, is_draft=False
INFO:app:Received submission for form_id: 65c113ec-a6ad-43b3-b353-ae8201d53f05
INFO:app:Parsed JSON submission: {'ab3ed0f1-47bb-477d-a27c-a9c8fb8f8ad6': {'130d84be-bdaa-44ad-8bda-14f160613fc3': '2023-01-01', '95e4216c-236e-46ff-919a-cafff57c3ec5': '2023-02-01'}}
INFO:app:Current user: d3dca02e-66ee-4bb7-af7b-9ded38664a3f, Form title: Cross Validation Form
INFO:app:Processing section: ab3ed0f1-47bb-477d-a27c-a9c8fb8f8ad6, repeatable=False
DEBUG:app:Checking question 95e4216c-236e-46ff-919a-cafff57c3ec5, label=Start
DEBUG:app:Checking question 130d84be-bdaa-44ad-8bda-14f160613fc3, label=End
WARNING:app:Global validation failed: v_95e4216c_236e_46ff_919a_cafff57c3ec5 &lt; v_130d84be_bdaa_44ad_8bda_14f160613fc3
WARNING:app:Validation failed with errors: [{'global': True, 'error': 'Start must be before End'}]

</system-err></testcase><testcase classname="tests.test_ai_analysis" name="test_ai_analysis" time="0.481"><system-out>--------------------------------- Captured Log ---------------------------------
#x1B[32mINFO    #x1B[0m app:auth_route.py:25 Received registration data: {'email': 'ai@example.com', 'mobile': '1112223334', 'roles': ['admin'], 'user_type': 'employee', 'username': 'ai_tester'}
#x1B[32mINFO    #x1B[0m app:auth_route.py:46 #x1F512 Password set for user: ai_tester
#x1B[32mINFO    #x1B[0m app:auth_route.py:50 ✅ User registered successfully: ai_tester (ai@example.com)
#x1B[32mINFO    #x1B[0m app:auth_route.py:59 Received login request
#x1B[35mDEBUG   #x1B[0m app:auth_route.py:62 Request JSON data: {'email': 'ai@example.com', 'password': 'AdminPassword123'}
#x1B[32mINFO    #x1B[0m app:auth_route.py:77 Employee login attempt with identifier: ai@example.com
#x1B[32mINFO    #x1B[0m app:auth_route.py:104 Login successful for employee user ai@example.com
#x1B[32mINFO    #x1B[0m app:auth_route.py:137 Issued JWT for user ai_tester (ID: 52374897-29ee-4842-bbad-001b877918b5), roles: ['admin']
#x1B[32mINFO    #x1B[0m app:auth_route.py:175 Returning JSON response for user ai_tester
#x1B[35mDEBUG   #x1B[0m app:decorator.py:23 Checking access for roles: ('creator', 'admin'), require_all: False
#x1B[32mINFO    #x1B[0m app:form.py:29 User ai_tester (ID: 52374897-29ee-4842-bbad-001b877918b5) is attempting to create a form with data: {'id': 'fad938a6-eb61-4d61-bdd6-9f62ce605446', 'slug': 'ai-test-f8479a', 'status': 'published', 'title': 'AI Test Form', 'versions': [{'sections': [{'id': '0ce3dfd2-0793-4f53-84d2-5067021f8a1c', 'questions': [{'field_type': 'textarea', 'id': 'f537ca8b-1281-40c9-bafe-9117e1198918', 'label': 'Feedback'}], 'title': 'S1'}], 'version': '1.0'}]}
#x1B[32mINFO    #x1B[0m app:form.py:46 Form fad938a6-eb61-4d61-bdd6-9f62ce605446 created successfully by user ai_tester (ID: 52374897-29ee-4842-bbad-001b877918b5)
#x1B[32mINFO    #x1B[0m app:responses.py:26 Received submission for form_id: fad938a6-eb61-4d61-bdd6-9f62ce605446
#x1B[32mINFO    #x1B[0m app:responses.py:61 Parsed JSON submission: {'0ce3dfd2-0793-4f53-84d2-5067021f8a1c': {'f537ca8b-1281-40c9-bafe-9117e1198918': 'This system is amazing! Contact me at test@example.com or 9998887776.'}}
#x1B[32mINFO    #x1B[0m app:responses.py:98 Current user: 52374897-29ee-4842-bbad-001b877918b5, Form title: AI Test Form
#x1B[32mINFO    #x1B[0m app:validation.py:78 Processing section: 0ce3dfd2-0793-4f53-84d2-5067021f8a1c, repeatable=False
#x1B[35mDEBUG   #x1B[0m app:validation.py:126 Checking question f537ca8b-1281-40c9-bafe-9117e1198918, label=Feedback
#x1B[32mINFO    #x1B[0m app:responses.py:125 Submission saved: response_id=08240e61-9652-4429-b15a-9553d08b685c, is_draft=False
--------------------------------- Captured Out ---------------------------------

</system-out><system-err>--------------------------------- Captured Err ---------------------------------
INFO:app:Received registration data: {'email': 'ai@example.com', 'mobile': '1112223334', 'roles': ['admin'], 'user_type': 'employee', 'username': 'ai_tester'}
INFO:app:#x1F512 Password set for user: ai_tester
INFO:app:✅ User registered successfully: ai_tester (ai@example.com)
INFO:app:Received login request
DEBUG:app:Request JSON data: {'email': 'ai@example.com', 'password': 'AdminPassword123'}
INFO:app:Employee login attempt with identifier: ai@example.com
INFO:app:Login successful for employee user ai@example.com
INFO:app:Issued JWT for user ai_tester (ID: 52374897-29ee-4842-bbad-001b877918b5), roles: ['admin']
INFO:app:Returning JSON response for user ai_tester
DEBUG:app:Checking access for roles: ('creator', 'admin'), require_all: False
INFO:app:User ai_tester (ID: 52374897-29ee-4842-bbad-001b877918b5) is attempting to create a form with data: {'id': 'fad938a6-eb61-4d61-bdd6-9f62ce605446', 'slug': 'ai-test-f8479a', 'status': 'published', 'title': 'AI Test Form', 'versions': [{'sections': [{'id': '0ce3dfd2-0793-4f53-84d2-5067021f8a1c', 'questions': [{'field_type': 'textarea', 'id': 'f537ca8b-1281-40c9-bafe-9117e1198918', 'label': 'Feedback'}], 'title': 'S1'}], 'version': '1.0'}]}
INFO:app:Form fad938a6-eb61-4d61-bdd6-9f62ce605446 created successfully by user ai_tester (ID: 52374897-29ee-4842-bbad-001b877918b5)
INFO:app:Received submission for form_id: fad938a6-eb61-4d61-bdd6-9f62ce605446
INFO:app:Parsed JSON submission: {'0ce3dfd2-0793-4f53-84d2-5067021f8a1c': {'f537ca8b-1281-40c9-bafe-9117e1198918': 'This system is amazing! Contact me at test@example.com or 9998887776.'}}
INFO:app:Current user: 52374897-29ee-4842-bbad-001b877918b5, Form title: AI Test Form
INFO:app:Processing section: 0ce3dfd2-0793-4f53-84d2-5067021f8a1c, repeatable=False
DEBUG:app:Checking question f537ca8b-1281-40c9-bafe-9117e1198918, label=Feedback
INFO:app:Submission saved: response_id=08240e61-9652-4429-b15a-9553d08b685c, is_draft=False

</system-err></testcase><testcase classname="tests.test_ai_anomalies" name="test_ai_anomaly_detection" time="0.493"><system-out>--------------------------------- Captured Log ---------------------------------
#x1B[32mINFO    #x1B[0m app:auth_route.py:25 Received registration data: {'email': 'anomaly@example.com', 'mobile': '9993334445', 'roles': ['admin'], 'user_type': 'employee', 'username': 'anomaly_tester'}
#x1B[32mINFO    #x1B[0m app:auth_route.py:46 #x1F512 Password set for user: anomaly_tester
#x1B[32mINFO    #x1B[0m app:auth_route.py:50 ✅ User registered successfully: anomaly_tester (anomaly@example.com)
#x1B[32mINFO    #x1B[0m app:auth_route.py:59 Received login request
#x1B[35mDEBUG   #x1B[0m app:auth_route.py:62 Request JSON data: {'email': 'anomaly@example.com', 'password': 'AdminPassword123'}
#x1B[32mINFO    #x1B[0m app:auth_route.py:77 Employee login attempt with identifier: anomaly@example.com
#x1B[32mINFO    #x1B[0m app:auth_route.py:104 Login successful for employee user anomaly@example.com
#x1B[32mINFO    #x1B[0m app:auth_route.py:137 Issued JWT for user anomaly_tester (ID: 8e9f13ed-a3a2-4e10-b0f2-13ed8eff72a8), roles: ['admin']
#x1B[32mINFO    #x1B[0m app:auth_route.py:175 Returning JSON response for user anomaly_tester
#x1B[35mDEBUG   #x1B[0m app:decorator.py:23 Checking access for roles: ('creator', 'admin'), require_all: False
#x1B[32mINFO    #x1B[0m app:form.py:29 User anomaly_tester (ID: 8e9f13ed-a3a2-4e10-b0f2-13ed8eff72a8) is attempting to create a form with data: {'id': 'e05170e6-7ffd-4044-8294-bd8e4776f16a', 'slug': 'anomaly-test-3c2404', 'status': 'published', 'title': 'Anomaly Test Form', 'versions': [{'sections': [{'id': '1b80f17c-c593-4331-a7bb-8a1b20efff1a', 'questions': [{'field_type': 'input', 'id': '9e3fca65-460d-4d50-8638-e914b0386eb2', 'label': 'Score'}, {'field_type': 'textarea', 'id': '4b33ab5b-9561-44f8-89f8-8c98cb30fd50', 'label': 'Comment'}], 'title': 'S1'}], 'version': '1.0'}]}
#x1B[32mINFO    #x1B[0m app:form.py:46 Form e05170e6-7ffd-4044-8294-bd8e4776f16a created successfully by user anomaly_tester (ID: 8e9f13ed-a3a2-4e10-b0f2-13ed8eff72a8)
#x1B[32mINFO    #x1B[0m app:responses.py:26 Received submission for form_id: e05170e6-7ffd-4044-8294-bd8e4776f16a
#x1B[32mINFO    #x1B[0m app:responses.py:61 Parsed JSON submission: {'1b80f17c-c593-4331-a7bb-8a1b20efff1a': {'4b33ab5b-9561-44f8-89f8-8c98cb30fd50': 'Everything is working fine.', '9e3fca65-460d-4d50-8638-e914b0386eb2': 10}}
#x1B[32mINFO    #x1B[0m app:responses.py:98 Current user: 8e9f13ed-a3a2-4e10-b0f2-13ed8eff72a8, Form title: Anomaly Test Form
#x1B[32mINFO    #x1B[0m app:validation.py:78 Processing section: 1b80f17c-c593-4331-a7bb-8a1b20efff1a, repeatable=False
#x1B[35mDEBUG   #x1B[0m app:validation.py:126 Checking question 9e3fca65-460d-4d50-8638-e914b0386eb2, label=Score
#x1B[35mDEBUG   #x1B[0m app:validation.py:126 Checking question 4b33ab5b-9561-44f8-89f8-8c98cb30fd50, label=Comment
#x1B[32mINFO    #x1B[0m app:responses.py:125 Submission saved: response_id=1c59cc90-70ff-4f78-a3c4-9080d8d0a5e6, is_draft=False
#x1B[32mINFO    #x1B[0m app:responses.py:26 Received submission for form_id: e05170e6-7ffd-4044-8294-bd8e4776f16a
#x1B[32mINFO    #x1B[0m app:responses.py:61 Parsed JSON submission: {'1b80f17c-c593-4331-a7bb-8a1b20efff1a': {'4b33ab5b-9561-44f8-89f8-8c98cb30fd50': 'Everything is working fine.', '9e3fca65-460d-4d50-8638-e914b0386eb2': 10}}
#x1B[32mINFO    #x1B[0m app:responses.py:98 Current user: 8e9f13ed-a3a2-4e10-b0f2-13ed8eff72a8, Form title: Anomaly Test Form
#x1B[32mINFO    #x1B[0m app:validation.py:78 Processing section: 1b80f17c-c593-4331-a7bb-8a1b20efff1a, repeatable=False
#x1B[35mDEBUG   #x1B[0m app:validation.py:126 Checking question 9e3fca65-460d-4d50-8638-e914b0386eb2, label=Score
#x1B[35mDEBUG   #x1B[0m app:validation.py:126 Checking question 4b33ab5b-9561-44f8-89f8-8c98cb30fd50, label=Comment
#x1B[32mINFO    #x1B[0m app:responses.py:125 Submission saved: response_id=cf140a1f-f504-4c18-9f1c-9d61e67413f1, is_draft=False
#x1B[32mINFO    #x1B[0m app:responses.py:26 Received submission for form_id: e05170e6-7ffd-4044-8294-bd8e4776f16a
#x1B[32mINFO    #x1B[0m app:responses.py:61 Parsed JSON submission: {'1b80f17c-c593-4331-a7bb-8a1b20efff1a': {'4b33ab5b-9561-44f8-89f8-8c98cb30fd50': 'Everything is working fine.', '9e3fca65-460d-4d50-8638-e914b0386eb2': 10}}
#x1B[32mINFO    #x1B[0m app:responses.py:98 Current user: 8e9f13ed-a3a2-4e10-b0f2-13ed8eff72a8, Form title: Anomaly Test Form
#x1B[32mINFO    #x1B[0m app:validation.py:78 Processing section: 1b80f17c-c593-4331-a7bb-8a1b20efff1a, repeatable=False
#x1B[35mDEBUG   #x1B[0m app:validation.py:126 Checking question 9e3fca65-460d-4d50-8638-e914b0386eb2, label=Score
#x1B[35mDEBUG   #x1B[0m app:validation.py:126 Checking question 4b33ab5b-9561-44f8-89f8-8c98cb30fd50, label=Comment
#x1B[32mINFO    #x1B[0m app:responses.py:125 Submission saved: response_id=05f1fabd-2451-4743-904d-f22e923dd1f6, is_draft=False
#x1B[32mINFO    #x1B[0m app:responses.py:26 Received submission for form_id: e05170e6-7ffd-4044-8294-bd8e4776f16a
#x1B[32mINFO    #x1B[0m app:responses.py:61 Parsed JSON submission: {'1b80f17c-c593-4331-a7bb-8a1b20efff1a': {'4b33ab5b-9561-44f8-89f8-8c98cb30fd50': 'Everything is working fine.', '9e3fca65-460d-4d50-8638-e914b0386eb2': 10}}
#x1B[32mINFO    #x1B[0m app:responses.py:98 Current user: 8e9f13ed-a3a2-4e10-b0f2-13ed8eff72a8, Form title: Anomaly Test Form
#x1B[32mINFO    #x1B[0m app:validation.py:78 Processing section: 1b80f17c-c593-4331-a7bb-8a1b20efff1a, repeatable=False
#x1B[35mDEBUG   #x1B[0m app:validation.py:126 Checking question 9e3fca65-460d-4d50-8638-e914b0386eb2, label=Score
#x1B[35mDEBUG   #x1B[0m app:validation.py:126 Checking question 4b33ab5b-9561-44f8-89f8-8c98cb30fd50, label=Comment
#x1B[32mINFO    #x1B[0m app:responses.py:125 Submission saved: response_id=2e2e8560-035e-4896-ac4b-ee440897a8fd, is_draft=False
#x1B[32mINFO    #x1B[0m app:responses.py:26 Received submission for form_id: e05170e6-7ffd-4044-8294-bd8e4776f16a
#x1B[32mINFO    #x1B[0m app:responses.py:61 Parsed JSON submission: {'1b80f17c-c593-4331-a7bb-8a1b20efff1a': {'4b33ab5b-9561-44f8-89f8-8c98cb30fd50': 'Everything is working fine.', '9e3fca65-460d-4d50-8638-e914b0386eb2': 10}}
#x1B[32mINFO    #x1B[0m app:responses.py:98 Current user: 8e9f13ed-a3a2-4e10-b0f2-13ed8eff72a8, Form title: Anomaly Test Form
#x1B[32mINFO    #x1B[0m app:validation.py:78 Processing section: 1b80f17c-c593-4331-a7bb-8a1b20efff1a, repeatable=False
#x1B[35mDEBUG   #x1B[0m app:validation.py:126 Checking question 9e3fca65-460d-4d50-8638-e914b0386eb2, label=Score
#x1B[35mDEBUG   #x1B[0m app:validation.py:126 Checking question 4b33ab5b-9561-44f8-89f8-8c98cb30fd50, label=Comment
#x1B[32mINFO    #x1B[0m app:responses.py:125 Submission saved: response_id=efcaa9a1-8a00-470c-86e8-1b9f6af2757a, is_draft=False
#x1B[32mINFO    #x1B[0m app:responses.py:26 Received submission for form_id: e05170e6-7ffd-4044-8294-bd8e4776f16a
#x1B[32mINFO    #x1B[0m app:responses.py:61 Parsed JSON submission: {'1b80f17c-c593-4331-a7bb-8a1b20efff1a': {'4b33ab5b-9561-44f8-89f8-8c98cb30fd50': 'Outlier data', '9e3fca65-460d-4d50-8638-e914b0386eb2': 500}}
#x1B[32mINFO    #x1B[0m app:responses.py:98 Current user: 8e9f13ed-a3a2-4e10-b0f2-13ed8eff72a8, Form title: Anomaly Test Form
#x1B[32mINFO    #x1B[0m app:validation.py:78 Processing section: 1b80f17c-c593-4331-a7bb-8a1b20efff1a, repeatable=False
#x1B[35mDEBUG   #x1B[0m app:validation.py:126 Checking question 9e3fca65-460d-4d50-8638-e914b0386eb2, label=Score
#x1B[35mDEBUG   #x1B[0m app:validation.py:126 Checking question 4b33ab5b-9561-44f8-89f8-8c98cb30fd50, label=Comment
#x1B[32mINFO    #x1B[0m app:responses.py:125 Submission saved: response_id=2a354a5c-a453-4041-82af-59765c11a45a, is_draft=False
#x1B[32mINFO    #x1B[0m app:responses.py:26 Received submission for form_id: e05170e6-7ffd-4044-8294-bd8e4776f16a
#x1B[32mINFO    #x1B[0m app:responses.py:61 Parsed JSON submission: {'1b80f17c-c593-4331-a7bb-8a1b20efff1a': {'4b33ab5b-9561-44f8-89f8-8c98cb30fd50': 'Everything is working fine.', '9e3fca65-460d-4d50-8638-e914b0386eb2': 10}}
#x1B[32mINFO    #x1B[0m app:responses.py:98 Current user: 8e9f13ed-a3a2-4e10-b0f2-13ed8eff72a8, Form title: Anomaly Test Form
#x1B[32mINFO    #x1B[0m app:validation.py:78 Processing section: 1b80f17c-c593-4331-a7bb-8a1b20efff1a, repeatable=False
#x1B[35mDEBUG   #x1B[0m app:validation.py:126 Checking question 9e3fca65-460d-4d50-8638-e914b0386eb2, label=Score
#x1B[35mDEBUG   #x1B[0m app:validation.py:126 Checking question 4b33ab5b-9561-44f8-89f8-8c98cb30fd50, label=Comment
#x1B[32mINFO    #x1B[0m app:responses.py:125 Submission saved: response_id=8ecb91d2-d3fb-47ae-b070-37a1edd2ae45, is_draft=False
#x1B[32mINFO    #x1B[0m app:responses.py:26 Received submission for form_id: e05170e6-7ffd-4044-8294-bd8e4776f16a
#x1B[32mINFO    #x1B[0m app:responses.py:61 Parsed JSON submission: {'1b80f17c-c593-4331-a7bb-8a1b20efff1a': {'4b33ab5b-9561-44f8-89f8-8c98cb30fd50': 'qwrtpsdfghjklzxcvbnm', '9e3fca65-460d-4d50-8638-e914b0386eb2': 10}}
#x1B[32mINFO    #x1B[0m app:responses.py:98 Current user: 8e9f13ed-a3a2-4e10-b0f2-13ed8eff72a8, Form title: Anomaly Test Form
#x1B[32mINFO    #x1B[0m app:validation.py:78 Processing section: 1b80f17c-c593-4331-a7bb-8a1b20efff1a, repeatable=False
#x1B[35mDEBUG   #x1B[0m app:validation.py:126 Checking question 9e3fca65-460d-4d50-8638-e914b0386eb2, label=Score
#x1B[35mDEBUG   #x1B[0m app:validation.py:126 Checking question 4b33ab5b-9561-44f8-89f8-8c98cb30fd50, label=Comment
#x1B[32mINFO    #x1B[0m app:responses.py:125 Submission saved: response_id=49b0b494-b591-4730-b8f0-c87dd31c6c9e, is_draft=False
--------------------------------- Captured Out ---------------------------------

</system-out><system-err>--------------------------------- Captured Err ---------------------------------
INFO:app:Received registration data: {'email': 'anomaly@example.com', 'mobile': '9993334445', 'roles': ['admin'], 'user_type': 'employee', 'username': 'anomaly_tester'}
INFO:app:#x1F512 Password set for user: anomaly_tester
INFO:app:✅ User registered successfully: anomaly_tester (anomaly@example.com)
INFO:app:Received login request
DEBUG:app:Request JSON data: {'email': 'anomaly@example.com', 'password': 'AdminPassword123'}
INFO:app:Employee login attempt with identifier: anomaly@example.com
INFO:app:Login successful for employee user anomaly@example.com
INFO:app:Issued JWT for user anomaly_tester (ID: 8e9f13ed-a3a2-4e10-b0f2-13ed8eff72a8), roles: ['admin']
INFO:app:Returning JSON response for user anomaly_tester
DEBUG:app:Checking access for roles: ('creator', 'admin'), require_all: False
INFO:app:User anomaly_tester (ID: 8e9f13ed-a3a2-4e10-b0f2-13ed8eff72a8) is attempting to create a form with data: {'id': 'e05170e6-7ffd-4044-8294-bd8e4776f16a', 'slug': 'anomaly-test-3c2404', 'status': 'published', 'title': 'Anomaly Test Form', 'versions': [{'sections': [{'id': '1b80f17c-c593-4331-a7bb-8a1b20efff1a', 'questions': [{'field_type': 'input', 'id': '9e3fca65-460d-4d50-8638-e914b0386eb2', 'label': 'Score'}, {'field_type': 'textarea', 'id': '4b33ab5b-9561-44f8-89f8-8c98cb30fd50', 'label': 'Comment'}], 'title': 'S1'}], 'version': '1.0'}]}
INFO:app:Form e05170e6-7ffd-4044-8294-bd8e4776f16a created successfully by user anomaly_tester (ID: 8e9f13ed-a3a2-4e10-b0f2-13ed8eff72a8)
INFO:app:Received submission for form_id: e05170e6-7ffd-4044-8294-bd8e4776f16a
INFO:app:Parsed JSON submission: {'1b80f17c-c593-4331-a7bb-8a1b20efff1a': {'4b33ab5b-9561-44f8-89f8-8c98cb30fd50': 'Everything is working fine.', '9e3fca65-460d-4d50-8638-e914b0386eb2': 10}}
INFO:app:Current user: 8e9f13ed-a3a2-4e10-b0f2-13ed8eff72a8, Form title: Anomaly Test Form
INFO:app:Processing section: 1b80f17c-c593-4331-a7bb-8a1b20efff1a, repeatable=False
DEBUG:app:Checking question 9e3fca65-460d-4d50-8638-e914b0386eb2, label=Score
DEBUG:app:Checking question 4b33ab5b-9561-44f8-89f8-8c98cb30fd50, label=Comment
INFO:app:Submission saved: response_id=1c59cc90-70ff-4f78-a3c4-9080d8d0a5e6, is_draft=False
INFO:app:Received submission for form_id: e05170e6-7ffd-4044-8294-bd8e4776f16a
INFO:app:Parsed JSON submission: {'1b80f17c-c593-4331-a7bb-8a1b20efff1a': {'4b33ab5b-9561-44f8-89f8-8c98cb30fd50': 'Everything is working fine.', '9e3fca65-460d-4d50-8638-e914b0386eb2': 10}}
INFO:app:Current user: 8e9f13ed-a3a2-4e10-b0f2-13ed8eff72a8, Form title: Anomaly Test Form
INFO:app:Processing section: 1b80f17c-c593-4331-a7bb-8a1b20efff1a, repeatable=False
DEBUG:app:Checking question 9e3fca65-460d-4d50-8638-e914b0386eb2, label=Score
DEBUG:app:Checking question 4b33ab5b-9561-44f8-89f8-8c98cb30fd50, label=Comment
INFO:app:Submission saved: response_id=cf140a1f-f504-4c18-9f1c-9d61e67413f1, is_draft=False
INFO:app:Received submission for form_id: e05170e6-7ffd-4044-8294-bd8e4776f16a
INFO:app:Parsed JSON submission: {'1b80f17c-c593-4331-a7bb-8a1b20efff1a': {'4b33ab5b-9561-44f8-89f8-8c98cb30fd50': 'Everything is working fine.', '9e3fca65-460d-4d50-8638-e914b0386eb2': 10}}
INFO:app:Current user: 8e9f13ed-a3a2-4e10-b0f2-13ed8eff72a8, Form title: Anomaly Test Form
INFO:app:Processing section: 1b80f17c-c593-4331-a7bb-8a1b20efff1a, repeatable=False
DEBUG:app:Checking question 9e3fca65-460d-4d50-8638-e914b0386eb2, label=Score
DEBUG:app:Checking question 4b33ab5b-9561-44f8-89f8-8c98cb30fd50, label=Comment
INFO:app:Submission saved: response_id=05f1fabd-2451-4743-904d-f22e923dd1f6, is_draft=False
INFO:app:Received submission for form_id: e05170e6-7ffd-4044-8294-bd8e4776f16a
INFO:app:Parsed JSON submission: {'1b80f17c-c593-4331-a7bb-8a1b20efff1a': {'4b33ab5b-9561-44f8-89f8-8c98cb30fd50': 'Everything is working fine.', '9e3fca65-460d-4d50-8638-e914b0386eb2': 10}}
INFO:app:Current user: 8e9f13ed-a3a2-4e10-b0f2-13ed8eff72a8, Form title: Anomaly Test Form
INFO:app:Processing section: 1b80f17c-c593-4331-a7bb-8a1b20efff1a, repeatable=False
DEBUG:app:Checking question 9e3fca65-460d-4d50-8638-e914b0386eb2, label=Score
DEBUG:app:Checking question 4b33ab5b-9561-44f8-89f8-8c98cb30fd50, label=Comment
INFO:app:Submission saved: response_id=2e2e8560-035e-4896-ac4b-ee440897a8fd, is_draft=False
INFO:app:Received submission for form_id: e05170e6-7ffd-4044-8294-bd8e4776f16a
INFO:app:Parsed JSON submission: {'1b80f17c-c593-4331-a7bb-8a1b20efff1a': {'4b33ab5b-9561-44f8-89f8-8c98cb30fd50': 'Everything is working fine.', '9e3fca65-460d-4d50-8638-e914b0386eb2': 10}}
INFO:app:Current user: 8e9f13ed-a3a2-4e10-b0f2-13ed8eff72a8, Form title: Anomaly Test Form
INFO:app:Processing section: 1b80f17c-c593-4331-a7bb-8a1b20efff1a, repeatable=False
DEBUG:app:Checking question 9e3fca65-460d-4d50-8638-e914b0386eb2, label=Score
DEBUG:app:Checking question 4b33ab5b-9561-44f8-89f8-8c98cb30fd50, label=Comment
INFO:app:Submission saved: response_id=efcaa9a1-8a00-470c-86e8-1b9f6af2757a, is_draft=False
INFO:app:Received submission for form_id: e05170e6-7ffd-4044-8294-bd8e4776f16a
INFO:app:Parsed JSON submission: {'1b80f17c-c593-4331-a7bb-8a1b20efff1a': {'4b33ab5b-9561-44f8-89f8-8c98cb30fd50': 'Outlier data', '9e3fca65-460d-4d50-8638-e914b0386eb2': 500}}
INFO:app:Current user: 8e9f13ed-a3a2-4e10-b0f2-13ed8eff72a8, Form title: Anomaly Test Form
INFO:app:Processing section: 1b80f17c-c593-4331-a7bb-8a1b20efff1a, repeatable=False
DEBUG:app:Checking question 9e3fca65-460d-4d50-8638-e914b0386eb2, label=Score
DEBUG:app:Checking question 4b33ab5b-9561-44f8-89f8-8c98cb30fd50, label=Comment
INFO:app:Submission saved: response_id=2a354a5c-a453-4041-82af-59765c11a45a, is_draft=False
INFO:app:Received submission for form_id: e05170e6-7ffd-4044-8294-bd8e4776f16a
INFO:app:Parsed JSON submission: {'1b80f17c-c593-4331-a7bb-8a1b20efff1a': {'4b33ab5b-9561-44f8-89f8-8c98cb30fd50': 'Everything is working fine.', '9e3fca65-460d-4d50-8638-e914b0386eb2': 10}}
INFO:app:Current user: 8e9f13ed-a3a2-4e10-b0f2-13ed8eff72a8, Form title: Anomaly Test Form
INFO:app:Processing section: 1b80f17c-c593-4331-a7bb-8a1b20efff1a, repeatable=False
DEBUG:app:Checking question 9e3fca65-460d-4d50-8638-e914b0386eb2, label=Score
DEBUG:app:Checking question 4b33ab5b-9561-44f8-89f8-8c98cb30fd50, label=Comment
INFO:app:Submission saved: response_id=8ecb91d2-d3fb-47ae-b070-37a1edd2ae45, is_draft=False
INFO:app:Received submission for form_id: e05170e6-7ffd-4044-8294-bd8e4776f16a
INFO:app:Parsed JSON submission: {'1b80f17c-c593-4331-a7bb-8a1b20efff1a': {'4b33ab5b-9561-44f8-89f8-8c98cb30fd50': 'qwrtpsdfghjklzxcvbnm', '9e3fca65-460d-4d50-8638-e914b0386eb2': 10}}
INFO:app:Current user: 8e9f13ed-a3a2-4e10-b0f2-13ed8eff72a8, Form title: Anomaly Test Form
INFO:app:Processing section: 1b80f17c-c593-4331-a7bb-8a1b20efff1a, repeatable=False
DEBUG:app:Checking question 9e3fca65-460d-4d50-8638-e914b0386eb2, label=Score
DEBUG:app:Checking question 4b33ab5b-9561-44f8-89f8-8c98cb30fd50, label=Comment
INFO:app:Submission saved: response_id=49b0b494-b591-4730-b8f0-c87dd31c6c9e, is_draft=False

</system-err></testcase><testcase classname="tests.test_ai_generation" name="test_ai_form_generation" time="0.541"><system-out>--------------------------------- Captured Log ---------------------------------
#x1B[32mINFO    #x1B[0m app:auth_route.py:25 Received registration data: {'email': 'gen@example.com', 'mobile': '9998881112', 'roles': ['admin'], 'user_type': 'employee', 'username': 'gen_tester'}
#x1B[32mINFO    #x1B[0m app:auth_route.py:46 #x1F512 Password set for user: gen_tester
#x1B[32mINFO    #x1B[0m app:auth_route.py:50 ✅ User registered successfully: gen_tester (gen@example.com)
#x1B[32mINFO    #x1B[0m app:auth_route.py:59 Received login request
#x1B[35mDEBUG   #x1B[0m app:auth_route.py:62 Request JSON data: {'email': 'gen@example.com', 'password': 'AdminPassword123'}
#x1B[32mINFO    #x1B[0m app:auth_route.py:77 Employee login attempt with identifier: gen@example.com
#x1B[32mINFO    #x1B[0m app:auth_route.py:104 Login successful for employee user gen@example.com
#x1B[32mINFO    #x1B[0m app:auth_route.py:137 Issued JWT for user gen_tester (ID: b8e35604-adb7-46b7-9101-c606d4559161), roles: ['admin']
#x1B[32mINFO    #x1B[0m app:auth_route.py:175 Returning JSON response for user gen_tester
--------------------------------- Captured Out ---------------------------------

</system-out><system-err>--------------------------------- Captured Err ---------------------------------
INFO:app:Received registration data: {'email': 'gen@example.com', 'mobile': '9998881112', 'roles': ['admin'], 'user_type': 'employee', 'username': 'gen_tester'}
INFO:app:#x1F512 Password set for user: gen_tester
INFO:app:✅ User registered successfully: gen_tester (gen@example.com)
INFO:app:Received login request
DEBUG:app:Request JSON data: {'email': 'gen@example.com', 'password': 'AdminPassword123'}
INFO:app:Employee login attempt with identifier: gen@example.com
INFO:app:Login successful for employee user gen@example.com
INFO:app:Issued JWT for user gen_tester (ID: b8e35604-adb7-46b7-9101-c606d4559161), roles: ['admin']
INFO:app:Returning JSON response for user gen_tester

</system-err></testcase><testcase classname="tests.test_ai_moderation" name="test_ai_moderation" time="0.486"><system-out>--------------------------------- Captured Log ---------------------------------
#x1B[32mINFO    #x1B[0m app:auth_route.py:25 Received registration data: {'email': 'mod@example.com', 'mobile': '9990001112', 'roles': ['admin'], 'user_type': 'employee', 'username': 'mod_tester'}
#x1B[32mINFO    #x1B[0m app:auth_route.py:46 #x1F512 Password set for user: mod_tester
#x1B[32mINFO    #x1B[0m app:auth_route.py:50 ✅ User registered successfully: mod_tester (mod@example.com)
#x1B[32mINFO    #x1B[0m app:auth_route.py:59 Received login request
#x1B[35mDEBUG   #x1B[0m app:auth_route.py:62 Request JSON data: {'email': 'mod@example.com', 'password': 'AdminPassword123'}
#x1B[32mINFO    #x1B[0m app:auth_route.py:77 Employee login attempt with identifier: mod@example.com
#x1B[32mINFO    #x1B[0m app:auth_route.py:104 Login successful for employee user mod@example.com
#x1B[32mINFO    #x1B[0m app:auth_route.py:137 Issued JWT for user mod_tester (ID: 73f45c2e-4f5e-46b2-8e96-5671032850d3), roles: ['admin']
#x1B[32mINFO    #x1B[0m app:auth_route.py:175 Returning JSON response for user mod_tester
#x1B[35mDEBUG   #x1B[0m app:decorator.py:23 Checking access for roles: ('creator', 'admin'), require_all: False
#x1B[32mINFO    #x1B[0m app:form.py:29 User mod_tester (ID: 73f45c2e-4f5e-46b2-8e96-5671032850d3) is attempting to create a form with data: {'id': 'ee07717a-4505-4f48-ab4e-a70a4c00785e', 'slug': 'mod-test-07ac7a', 'status': 'published', 'title': 'Moderation Test Form', 'versions': [{'sections': [{'id': '3f86c2ef-e0ac-4cbc-a201-f3c6026891dc', 'questions': [{'field_type': 'textarea', 'id': 'b16084e4-46c5-4728-941a-581c4c0bf046', 'label': 'Text'}], 'title': 'S1'}], 'version': '1.0'}]}
#x1B[32mINFO    #x1B[0m app:form.py:46 Form ee07717a-4505-4f48-ab4e-a70a4c00785e created successfully by user mod_tester (ID: 73f45c2e-4f5e-46b2-8e96-5671032850d3)
#x1B[32mINFO    #x1B[0m app:responses.py:26 Received submission for form_id: ee07717a-4505-4f48-ab4e-a70a4c00785e
#x1B[32mINFO    #x1B[0m app:responses.py:61 Parsed JSON submission: {'3f86c2ef-e0ac-4cbc-a201-f3c6026891dc': {'b16084e4-46c5-4728-941a-581c4c0bf046': 'Patient has diabetes. SSN is 111-22-3333. This comment is offensive. &lt;script&gt;alert(1)&lt;/script&gt;'}}
#x1B[32mINFO    #x1B[0m app:responses.py:98 Current user: 73f45c2e-4f5e-46b2-8e96-5671032850d3, Form title: Moderation Test Form
#x1B[32mINFO    #x1B[0m app:validation.py:78 Processing section: 3f86c2ef-e0ac-4cbc-a201-f3c6026891dc, repeatable=False
#x1B[35mDEBUG   #x1B[0m app:validation.py:126 Checking question b16084e4-46c5-4728-941a-581c4c0bf046, label=Text
#x1B[32mINFO    #x1B[0m app:responses.py:125 Submission saved: response_id=d1b476e4-6134-41db-9875-6a178048e662, is_draft=False
--------------------------------- Captured Out ---------------------------------

</system-out><system-err>--------------------------------- Captured Err ---------------------------------
INFO:app:Received registration data: {'email': 'mod@example.com', 'mobile': '9990001112', 'roles': ['admin'], 'user_type': 'employee', 'username': 'mod_tester'}
INFO:app:#x1F512 Password set for user: mod_tester
INFO:app:✅ User registered successfully: mod_tester (mod@example.com)
INFO:app:Received login request
DEBUG:app:Request JSON data: {'email': 'mod@example.com', 'password': 'AdminPassword123'}
INFO:app:Employee login attempt with identifier: mod@example.com
INFO:app:Login successful for employee user mod@example.com
INFO:app:Issued JWT for user mod_tester (ID: 73f45c2e-4f5e-46b2-8e96-5671032850d3), roles: ['admin']
INFO:app:Returning JSON response for user mod_tester
DEBUG:app:Checking access for roles: ('creator', 'admin'), require_all: False
INFO:app:User mod_tester (ID: 73f45c2e-4f5e-46b2-8e96-5671032850d3) is attempting to create a form with data: {'id': 'ee07717a-4505-4f48-ab4e-a70a4c00785e', 'slug': 'mod-test-07ac7a', 'status': 'published', 'title': 'Moderation Test Form', 'versions': [{'sections': [{'id': '3f86c2ef-e0ac-4cbc-a201-f3c6026891dc', 'questions': [{'field_type': 'textarea', 'id': 'b16084e4-46c5-4728-941a-581c4c0bf046', 'label': 'Text'}], 'title': 'S1'}], 'version': '1.0'}]}
INFO:app:Form ee07717a-4505-4f48-ab4e-a70a4c00785e created successfully by user mod_tester (ID: 73f45c2e-4f5e-46b2-8e96-5671032850d3)
INFO:app:Received submission for form_id: ee07717a-4505-4f48-ab4e-a70a4c00785e
INFO:app:Parsed JSON submission: {'3f86c2ef-e0ac-4cbc-a201-f3c6026891dc': {'b16084e4-46c5-4728-941a-581c4c0bf046': 'Patient has diabetes. SSN is 111-22-3333. This comment is offensive. &lt;script&gt;alert(1)&lt;/script&gt;'}}
INFO:app:Current user: 73f45c2e-4f5e-46b2-8e96-5671032850d3, Form title: Moderation Test Form
INFO:app:Processing section: 3f86c2ef-e0ac-4cbc-a201-f3c6026891dc, repeatable=False
DEBUG:app:Checking question b16084e4-46c5-4728-941a-581c4c0bf046, label=Text
INFO:app:Submission saved: response_id=d1b476e4-6134-41db-9875-6a178048e662, is_draft=False

</system-err></testcase><testcase classname="tests.test_ai_search" name="test_ai_search" time="0.496"><system-out>--------------------------------- Captured Log ---------------------------------
#x1B[32mINFO    #x1B[0m app:auth_route.py:25 Received registration data: {'email': 'search@example.com', 'mobile': '9992223334', 'roles': ['admin'], 'user_type': 'employee', 'username': 'search_tester'}
#x1B[32mINFO    #x1B[0m app:auth_route.py:46 #x1F512 Password set for user: search_tester
#x1B[32mINFO    #x1B[0m app:auth_route.py:50 ✅ User registered successfully: search_tester (search@example.com)
#x1B[32mINFO    #x1B[0m app:auth_route.py:59 Received login request
#x1B[35mDEBUG   #x1B[0m app:auth_route.py:62 Request JSON data: {'email': 'search@example.com', 'password': 'AdminPassword123'}
#x1B[32mINFO    #x1B[0m app:auth_route.py:77 Employee login attempt with identifier: search@example.com
#x1B[32mINFO    #x1B[0m app:auth_route.py:104 Login successful for employee user search@example.com
#x1B[32mINFO    #x1B[0m app:auth_route.py:137 Issued JWT for user search_tester (ID: 7cc7b5d3-a4e5-4234-ae92-685d9d9242f1), roles: ['admin']
#x1B[32mINFO    #x1B[0m app:auth_route.py:175 Returning JSON response for user search_tester
#x1B[35mDEBUG   #x1B[0m app:decorator.py:23 Checking access for roles: ('creator', 'admin'), require_all: False
#x1B[32mINFO    #x1B[0m app:form.py:29 User search_tester (ID: 7cc7b5d3-a4e5-4234-ae92-685d9d9242f1) is attempting to create a form with data: {'id': '4d4a1084-f8c4-4ebb-a78b-1c7e1f9e56ee', 'slug': 'search-test-a3fe89', 'status': 'published', 'title': 'Search Test Form', 'versions': [{'sections': [{'id': 'fd123374-65bf-42d7-af67-16ff08456d29', 'questions': [{'field_type': 'input', 'id': '6693f442-55b0-43af-9ff9-ece9b678741f', 'label': 'Name'}, {'field_type': 'input', 'id': 'df1454c8-157f-40e1-9811-115959039ed0', 'label': 'Age'}, {'field_type': 'input', 'id': 'b009eec6-ea80-4747-ad46-4af5c24984cf', 'label': 'Condition'}], 'title': 'S1'}], 'version': '1.0'}]}
#x1B[32mINFO    #x1B[0m app:form.py:46 Form 4d4a1084-f8c4-4ebb-a78b-1c7e1f9e56ee created successfully by user search_tester (ID: 7cc7b5d3-a4e5-4234-ae92-685d9d9242f1)
#x1B[32mINFO    #x1B[0m app:responses.py:26 Received submission for form_id: 4d4a1084-f8c4-4ebb-a78b-1c7e1f9e56ee
#x1B[32mINFO    #x1B[0m app:responses.py:61 Parsed JSON submission: {'fd123374-65bf-42d7-af67-16ff08456d29': {'6693f442-55b0-43af-9ff9-ece9b678741f': 'John', 'b009eec6-ea80-4747-ad46-4af5c24984cf': 'Diabetes', 'df1454c8-157f-40e1-9811-115959039ed0': 65}}
#x1B[32mINFO    #x1B[0m app:responses.py:98 Current user: 7cc7b5d3-a4e5-4234-ae92-685d9d9242f1, Form title: Search Test Form
#x1B[32mINFO    #x1B[0m app:validation.py:78 Processing section: fd123374-65bf-42d7-af67-16ff08456d29, repeatable=False
#x1B[35mDEBUG   #x1B[0m app:validation.py:126 Checking question 6693f442-55b0-43af-9ff9-ece9b678741f, label=Name
#x1B[35mDEBUG   #x1B[0m app:validation.py:126 Checking question df1454c8-157f-40e1-9811-115959039ed0, label=Age
#x1B[35mDEBUG   #x1B[0m app:validation.py:126 Checking question b009eec6-ea80-4747-ad46-4af5c24984cf, label=Condition
#x1B[32mINFO    #x1B[0m app:responses.py:125 Submission saved: response_id=cfc066f3-5d58-4ca0-8e9d-04340b2e035d, is_draft=False
#x1B[32mINFO    #x1B[0m app:responses.py:26 Received submission for form_id: 4d4a1084-f8c4-4ebb-a78b-1c7e1f9e56ee
#x1B[32mINFO    #x1B[0m app:responses.py:61 Parsed JSON submission: {'fd123374-65bf-42d7-af67-16ff08456d29': {'6693f442-55b0-43af-9ff9-ece9b678741f': 'Jane', 'b009eec6-ea80-4747-ad46-4af5c24984cf': 'Healthy', 'df1454c8-157f-40e1-9811-115959039ed0': 25}}
#x1B[32mINFO    #x1B[0m app:responses.py:98 Current user: 7cc7b5d3-a4e5-4234-ae92-685d9d9242f1, Form title: Search Test Form
#x1B[32mINFO    #x1B[0m app:validation.py:78 Processing section: fd123374-65bf-42d7-af67-16ff08456d29, repeatable=False
#x1B[35mDEBUG   #x1B[0m app:validation.py:126 Checking question 6693f442-55b0-43af-9ff9-ece9b678741f, label=Name
#x1B[35mDEBUG   #x1B[0m app:validation.py:126 Checking question df1454c8-157f-40e1-9811-115959039ed0, label=Age
#x1B[35mDEBUG   #x1B[0m app:validation.py:126 Checking question b009eec6-ea80-4747-ad46-4af5c24984cf, label=Condition
#x1B[32mINFO    #x1B[0m app:responses.py:125 Submission saved: response_id=580b3ed3-6add-4fbf-8387-08839475252a, is_draft=False
#x1B[32mINFO    #x1B[0m app:responses.py:26 Received submission for form_id: 4d4a1084-f8c4-4ebb-a78b-1c7e1f9e56ee
#x1B[32mINFO    #x1B[0m app:responses.py:61 Parsed JSON submission: {'fd123374-65bf-42d7-af67-16ff08456d29': {'6693f442-55b0-43af-9ff9-ece9b678741f': 'Bob', 'b009eec6-ea80-4747-ad46-4af5c24984cf': 'Flu', 'df1454c8-157f-40e1-9811-115959039ed0': 70}}
#x1B[32mINFO    #x1B[0m app:responses.py:98 Current user: 7cc7b5d3-a4e5-4234-ae92-685d9d9242f1, Form title: Search Test Form
#x1B[32mINFO    #x1B[0m app:validation.py:78 Processing section: fd123374-65bf-42d7-af67-16ff08456d29, repeatable=False
#x1B[35mDEBUG   #x1B[0m app:validation.py:126 Checking question 6693f442-55b0-43af-9ff9-ece9b678741f, label=Name
#x1B[35mDEBUG   #x1B[0m app:validation.py:126 Checking question df1454c8-157f-40e1-9811-115959039ed0, label=Age
#x1B[35mDEBUG   #x1B[0m app:validation.py:126 Checking question b009eec6-ea80-4747-ad46-4af5c24984cf, label=Condition
#x1B[32mINFO    #x1B[0m app:responses.py:125 Submission saved: response_id=9a02e38b-d2f7-483d-84f5-3eaea4e4b627, is_draft=False
--------------------------------- Captured Out ---------------------------------

</system-out><system-err>--------------------------------- Captured Err ---------------------------------
INFO:app:Received registration data: {'email': 'search@example.com', 'mobile': '9992223334', 'roles': ['admin'], 'user_type': 'employee', 'username': 'search_tester'}
INFO:app:#x1F512 Password set for user: search_tester
INFO:app:✅ User registered successfully: search_tester (search@example.com)
INFO:app:Received login request
DEBUG:app:Request JSON data: {'email': 'search@example.com', 'password': 'AdminPassword123'}
INFO:app:Employee login attempt with identifier: search@example.com
INFO:app:Login successful for employee user search@example.com
INFO:app:Issued JWT for user search_tester (ID: 7cc7b5d3-a4e5-4234-ae92-685d9d9242f1), roles: ['admin']
INFO:app:Returning JSON response for user search_tester
DEBUG:app:Checking access for roles: ('creator', 'admin'), require_all: False
INFO:app:User search_tester (ID: 7cc7b5d3-a4e5-4234-ae92-685d9d9242f1) is attempting to create a form with data: {'id': '4d4a1084-f8c4-4ebb-a78b-1c7e1f9e56ee', 'slug': 'search-test-a3fe89', 'status': 'published', 'title': 'Search Test Form', 'versions': [{'sections': [{'id': 'fd123374-65bf-42d7-af67-16ff08456d29', 'questions': [{'field_type': 'input', 'id': '6693f442-55b0-43af-9ff9-ece9b678741f', 'label': 'Name'}, {'field_type': 'input', 'id': 'df1454c8-157f-40e1-9811-115959039ed0', 'label': 'Age'}, {'field_type': 'input', 'id': 'b009eec6-ea80-4747-ad46-4af5c24984cf', 'label': 'Condition'}], 'title': 'S1'}], 'version': '1.0'}]}
INFO:app:Form 4d4a1084-f8c4-4ebb-a78b-1c7e1f9e56ee created successfully by user search_tester (ID: 7cc7b5d3-a4e5-4234-ae92-685d9d9242f1)
INFO:app:Received submission for form_id: 4d4a1084-f8c4-4ebb-a78b-1c7e1f9e56ee
INFO:app:Parsed JSON submission: {'fd123374-65bf-42d7-af67-16ff08456d29': {'6693f442-55b0-43af-9ff9-ece9b678741f': 'John', 'b009eec6-ea80-4747-ad46-4af5c24984cf': 'Diabetes', 'df1454c8-157f-40e1-9811-115959039ed0': 65}}
INFO:app:Current user: 7cc7b5d3-a4e5-4234-ae92-685d9d9242f1, Form title: Search Test Form
INFO:app:Processing section: fd123374-65bf-42d7-af67-16ff08456d29, repeatable=False
DEBUG:app:Checking question 6693f442-55b0-43af-9ff9-ece9b678741f, label=Name
DEBUG:app:Checking question df1454c8-157f-40e1-9811-115959039ed0, label=Age
DEBUG:app:Checking question b009eec6-ea80-4747-ad46-4af5c24984cf, label=Condition
INFO:app:Submission saved: response_id=cfc066f3-5d58-4ca0-8e9d-04340b2e035d, is_draft=False
INFO:app:Received submission for form_id: 4d4a1084-f8c4-4ebb-a78b-1c7e1f9e56ee
INFO:app:Parsed JSON submission: {'fd123374-65bf-42d7-af67-16ff08456d29': {'6693f442-55b0-43af-9ff9-ece9b678741f': 'Jane', 'b009eec6-ea80-4747-ad46-4af5c24984cf': 'Healthy', 'df1454c8-157f-40e1-9811-115959039ed0': 25}}
INFO:app:Current user: 7cc7b5d3-a4e5-4234-ae92-685d9d9242f1, Form title: Search Test Form
INFO:app:Processing section: fd123374-65bf-42d7-af67-16ff08456d29, repeatable=False
DEBUG:app:Checking question 6693f442-55b0-43af-9ff9-ece9b678741f, label=Name
DEBUG:app:Checking question df1454c8-157f-40e1-9811-115959039ed0, label=Age
DEBUG:app:Checking question b009eec6-ea80-4747-ad46-4af5c24984cf, label=Condition
INFO:app:Submission saved: response_id=580b3ed3-6add-4fbf-8387-08839475252a, is_draft=False
INFO:app:Received submission for form_id: 4d4a1084-f8c4-4ebb-a78b-1c7e1f9e56ee
INFO:app:Parsed JSON submission: {'fd123374-65bf-42d7-af67-16ff08456d29': {'6693f442-55b0-43af-9ff9-ece9b678741f': 'Bob', 'b009eec6-ea80-4747-ad46-4af5c24984cf': 'Flu', 'df1454c8-157f-40e1-9811-115959039ed0': 70}}
INFO:app:Current user: 7cc7b5d3-a4e5-4234-ae92-685d9d9242f1, Form title: Search Test Form
INFO:app:Processing section: fd123374-65bf-42d7-af67-16ff08456d29, repeatable=False
DEBUG:app:Checking question 6693f442-55b0-43af-9ff9-ece9b678741f, label=Name
DEBUG:app:Checking question df1454c8-157f-40e1-9811-115959039ed0, label=Age
DEBUG:app:Checking question b009eec6-ea80-4747-ad46-4af5c24984cf, label=Condition
INFO:app:Submission saved: response_id=9a02e38b-d2f7-483d-84f5-3eaea4e4b627, is_draft=False

</system-err></testcase><testcase classname="tests.test_ai_security_scan" name="test_ai_security_scan" time="0.490"><system-out>--------------------------------- Captured Log ---------------------------------
#x1B[32mINFO    #x1B[0m app:auth_route.py:25 Received registration data: {'email': 'sec@example.com', 'mobile': '9998881112', 'roles': ['admin'], 'user_type': 'employee', 'username': 'sec_tester'}
#x1B[32mINFO    #x1B[0m app:auth_route.py:46 #x1F512 Password set for user: sec_tester
#x1B[32mINFO    #x1B[0m app:auth_route.py:50 ✅ User registered successfully: sec_tester (sec@example.com)
#x1B[32mINFO    #x1B[0m app:auth_route.py:59 Received login request
#x1B[35mDEBUG   #x1B[0m app:auth_route.py:62 Request JSON data: {'email': 'sec@example.com', 'password': 'AdminPassword123'}
#x1B[32mINFO    #x1B[0m app:auth_route.py:77 Employee login attempt with identifier: sec@example.com
#x1B[32mINFO    #x1B[0m app:auth_route.py:104 Login successful for employee user sec@example.com
#x1B[32mINFO    #x1B[0m app:auth_route.py:137 Issued JWT for user sec_tester (ID: 7940293e-6269-4237-9d9e-708309816f65), roles: ['admin']
#x1B[32mINFO    #x1B[0m app:auth_route.py:175 Returning JSON response for user sec_tester
#x1B[35mDEBUG   #x1B[0m app:decorator.py:23 Checking access for roles: ('creator', 'admin'), require_all: False
#x1B[32mINFO    #x1B[0m app:form.py:29 User sec_tester (ID: 7940293e-6269-4237-9d9e-708309816f65) is attempting to create a form with data: {'id': 'ee8bd3c1-7584-469b-aa86-5b61f2f9d196', 'is_public': True, 'slug': 'sec-test-3ce374', 'status': 'published', 'title': 'Insecure Form', 'versions': [{'sections': [{'id': '27faa7a8-fcf5-40c0-854a-03f9e5420734', 'questions': [{'field_type': 'input', 'id': '2761d508-a0d5-4e36-b32c-61780ed67fc6', 'label': 'Full Name'}, {'field_type': 'textarea', 'id': '08dd217d-7763-499c-86d9-4c1ec047ad0e', 'label': 'Address'}, {'field_type': 'input', 'id': '7c7d1268-eb0d-4b77-a0a5-b8f6a655af6a', 'label': 'SSN'}, {'field_type': 'textarea', 'id': 'd03fb485-8a92-42d8-b547-1a8edcbea7d4', 'label': 'Comments'}, {'field_type': 'textarea', 'id': 'd5749d8b-7d94-47af-a17a-db11ffce999f', 'label': 'Notes'}, {'field_type': 'textarea', 'id': '1abea188-46dd-4e2f-857f-52228e17a159', 'label': 'Feedback'}], 'title': 'S1'}], 'version': '1.0'}]}
#x1B[32mINFO    #x1B[0m app:form.py:46 Form ee8bd3c1-7584-469b-aa86-5b61f2f9d196 created successfully by user sec_tester (ID: 7940293e-6269-4237-9d9e-708309816f65)
#x1B[35mDEBUG   #x1B[0m app:decorator.py:23 Checking access for roles: ('creator', 'admin'), require_all: False
#x1B[32mINFO    #x1B[0m app:form.py:29 User sec_tester (ID: 7940293e-6269-4237-9d9e-708309816f65) is attempting to create a form with data: {'id': '9138be24-97f0-46b2-a0d9-7dd299b1095c', 'is_public': False, 'slug': 'secure-test-868596', 'status': 'published', 'title': 'Secure Form', 'versions': [{'sections': [{'id': '27faa7a8-fcf5-40c0-854a-03f9e5420734', 'questions': [{'field_type': 'input', 'id': '8d2c477c-2bd4-4d3d-95b6-438b6aa65f57', 'is_required': True, 'label': 'Name'}], 'title': 'S1'}], 'version': '1.0'}]}
#x1B[32mINFO    #x1B[0m app:form.py:46 Form 9138be24-97f0-46b2-a0d9-7dd299b1095c created successfully by user sec_tester (ID: 7940293e-6269-4237-9d9e-708309816f65)
--------------------------------- Captured Out ---------------------------------

</system-out><system-err>--------------------------------- Captured Err ---------------------------------
INFO:app:Received registration data: {'email': 'sec@example.com', 'mobile': '9998881112', 'roles': ['admin'], 'user_type': 'employee', 'username': 'sec_tester'}
INFO:app:#x1F512 Password set for user: sec_tester
INFO:app:✅ User registered successfully: sec_tester (sec@example.com)
INFO:app:Received login request
DEBUG:app:Request JSON data: {'email': 'sec@example.com', 'password': 'AdminPassword123'}
INFO:app:Employee login attempt with identifier: sec@example.com
INFO:app:Login successful for employee user sec@example.com
INFO:app:Issued JWT for user sec_tester (ID: 7940293e-6269-4237-9d9e-708309816f65), roles: ['admin']
INFO:app:Returning JSON response for user sec_tester
DEBUG:app:Checking access for roles: ('creator', 'admin'), require_all: False
INFO:app:User sec_tester (ID: 7940293e-6269-4237-9d9e-708309816f65) is attempting to create a form with data: {'id': 'ee8bd3c1-7584-469b-aa86-5b61f2f9d196', 'is_public': True, 'slug': 'sec-test-3ce374', 'status': 'published', 'title': 'Insecure Form', 'versions': [{'sections': [{'id': '27faa7a8-fcf5-40c0-854a-03f9e5420734', 'questions': [{'field_type': 'input', 'id': '2761d508-a0d5-4e36-b32c-61780ed67fc6', 'label': 'Full Name'}, {'field_type': 'textarea', 'id': '08dd217d-7763-499c-86d9-4c1ec047ad0e', 'label': 'Address'}, {'field_type': 'input', 'id': '7c7d1268-eb0d-4b77-a0a5-b8f6a655af6a', 'label': 'SSN'}, {'field_type': 'textarea', 'id': 'd03fb485-8a92-42d8-b547-1a8edcbea7d4', 'label': 'Comments'}, {'field_type': 'textarea', 'id': 'd5749d8b-7d94-47af-a17a-db11ffce999f', 'label': 'Notes'}, {'field_type': 'textarea', 'id': '1abea188-46dd-4e2f-857f-52228e17a159', 'label': 'Feedback'}], 'title': 'S1'}], 'version': '1.0'}]}
INFO:app:Form ee8bd3c1-7584-469b-aa86-5b61f2f9d196 created successfully by user sec_tester (ID: 7940293e-6269-4237-9d9e-708309816f65)
DEBUG:app:Checking access for roles: ('creator', 'admin'), require_all: False
INFO:app:User sec_tester (ID: 7940293e-6269-4237-9d9e-708309816f65) is attempting to create a form with data: {'id': '9138be24-97f0-46b2-a0d9-7dd299b1095c', 'is_public': False, 'slug': 'secure-test-868596', 'status': 'published', 'title': 'Secure Form', 'versions': [{'sections': [{'id': '27faa7a8-fcf5-40c0-854a-03f9e5420734', 'questions': [{'field_type': 'input', 'id': '8d2c477c-2bd4-4d3d-95b6-438b6aa65f57', 'is_required': True, 'label': 'Name'}], 'title': 'S1'}], 'version': '1.0'}]}
INFO:app:Form 9138be24-97f0-46b2-a0d9-7dd299b1095c created successfully by user sec_tester (ID: 7940293e-6269-4237-9d9e-708309816f65)

</system-err></testcase><testcase classname="tests.test_ai_templates" name="test_ai_template_generation" time="0.495"><system-out>--------------------------------- Captured Log ---------------------------------
#x1B[32mINFO    #x1B[0m app:auth_route.py:25 Received registration data: {'email': 'tpl@example.com', 'mobile': '9997771112', 'roles': ['admin'], 'user_type': 'employee', 'username': 'tpl_tester'}
#x1B[32mINFO    #x1B[0m app:auth_route.py:46 #x1F512 Password set for user: tpl_tester
#x1B[32mINFO    #x1B[0m app:auth_route.py:50 ✅ User registered successfully: tpl_tester (tpl@example.com)
#x1B[32mINFO    #x1B[0m app:auth_route.py:59 Received login request
#x1B[35mDEBUG   #x1B[0m app:auth_route.py:62 Request JSON data: {'email': 'tpl@example.com', 'password': 'AdminPassword123'}
#x1B[32mINFO    #x1B[0m app:auth_route.py:77 Employee login attempt with identifier: tpl@example.com
#x1B[32mINFO    #x1B[0m app:auth_route.py:104 Login successful for employee user tpl@example.com
#x1B[32mINFO    #x1B[0m app:auth_route.py:137 Issued JWT for user tpl_tester (ID: 49ecf23a-0acc-40d1-8375-5f06133ce59f), roles: ['admin']
#x1B[32mINFO    #x1B[0m app:auth_route.py:175 Returning JSON response for user tpl_tester
--------------------------------- Captured Out ---------------------------------

</system-out><system-err>--------------------------------- Captured Err ---------------------------------
INFO:app:Received registration data: {'email': 'tpl@example.com', 'mobile': '9997771112', 'roles': ['admin'], 'user_type': 'employee', 'username': 'tpl_tester'}
INFO:app:#x1F512 Password set for user: tpl_tester
INFO:app:✅ User registered successfully: tpl_tester (tpl@example.com)
INFO:app:Received login request
DEBUG:app:Request JSON data: {'email': 'tpl@example.com', 'password': 'AdminPassword123'}
INFO:app:Employee login attempt with identifier: tpl@example.com
[...]
#x1B[32mINFO    #x1B[0m app:auth_route.py:77 Employee login attempt with identifier: admin_test@example.com
#x1B[32mINFO    #x1B[0m app:auth_route.py:104 Login successful for employee user admin_test@example.com
#x1B[32mINFO    #x1B[0m app:auth_route.py:137 Issued JWT for user admin_user (ID: 365b87c1-8bb3-43b7-8365-fd8ab12491c6), roles: ['admin']
#x1B[32mINFO    #x1B[0m app:auth_route.py:175 Returning JSON response for user admin_user
#x1B[35mDEBUG   #x1B[0m app:decorator.py:23 Checking access for roles: ('admin', 'superadmin'), require_all: False
#x1B[35mDEBUG   #x1B[0m app:decorator.py:23 Checking access for roles: ('admin', 'superadmin'), require_all: False
#x1B[35mDEBUG   #x1B[0m app:decorator.py:23 Checking access for roles: ('admin', 'superadmin'), require_all: False
#x1B[33mWARNING #x1B[0m auth:User.py:97 User a8334062-3358-4d04-9ff8-1a654d9593d4 locked until 2026-01-10 14:23:16.247205+00:00
#x1B[35mDEBUG   #x1B[0m app:decorator.py:23 Checking access for roles: ('admin', 'superadmin'), require_all: False
#x1B[35mDEBUG   #x1B[0m app:decorator.py:23 Checking access for roles: ('admin', 'superadmin'), require_all: False
#x1B[32mINFO    #x1B[0m auth:User.py:104 User a8334062-3358-4d04-9ff8-1a654d9593d4 manually unlocked
#x1B[35mDEBUG   #x1B[0m app:decorator.py:23 Checking access for roles: ('admin', 'superadmin'), require_all: False
--------------------------------- Captured Out ---------------------------------

</system-out><system-err>--------------------------------- Captured Err ---------------------------------
INFO:app:Received registration data: {'email': 'admin_test@example.com', 'employee_id': 'ADM001', 'mobile': '9988776655', 'roles': ['admin'], 'user_type': 'employee', 'username': 'admin_user'}
INFO:app:#x1F512 Password set for user: admin_user
INFO:app:✅ User registered successfully: admin_user (admin_test@example.com)
INFO:app:Received login request
DEBUG:app:Request JSON data: {'email': 'admin_test@example.com', 'password': 'AdminPassword123'}
INFO:app:Employee login attempt with identifier: admin_test@example.com
INFO:app:Login successful for employee user admin_test@example.com
INFO:app:Issued JWT for user admin_user (ID: 365b87c1-8bb3-43b7-8365-fd8ab12491c6), roles: ['admin']
INFO:app:Returning JSON response for user admin_user
DEBUG:app:Checking access for roles: ('admin', 'superadmin'), require_all: False
DEBUG:app:Checking access for roles: ('admin', 'superadmin'), require_all: False
DEBUG:app:Checking access for roles: ('admin', 'superadmin'), require_all: False
WARNING:auth:User a8334062-3358-4d04-9ff8-1a654d9593d4 locked until 2026-01-10 14:23:16.247205+00:00
DEBUG:app:Checking access for roles: ('admin', 'superadmin'), require_all: False
DEBUG:app:Checking access for roles: ('admin', 'superadmin'), require_all: False
INFO:auth:User a8334062-3358-4d04-9ff8-1a654d9593d4 manually unlocked
DEBUG:app:Checking access for roles: ('admin', 'superadmin'), require_all: False

</system-err></testcase><testcase classname="tests.test_user" name="test_change_password" time="1.033"><system-out>--------------------------------- Captured Log ---------------------------------
#x1B[32mINFO    #x1B[0m app:auth_route.py:25 Received registration data: {'email': 'pw@example.com', 'employee_id': 'PW001', 'mobile': '6655443322', 'roles': ['user'], 'user_type': 'employee', 'username': 'pwuser'}
#x1B[32mINFO    #x1B[0m app:auth_route.py:46 #x1F512 Password set for user: pwuser
#x1B[32mINFO    #x1B[0m app:auth_route.py:50 ✅ User registered successfully: pwuser (pw@example.com)
#x1B[32mINFO    #x1B[0m app:auth_route.py:59 Received login request
#x1B[35mDEBUG   #x1B[0m app:auth_route.py:62 Request JSON data: {'email': 'pw@example.com', 'password': 'OldPassword123'}
#x1B[32mINFO    #x1B[0m app:auth_route.py:77 Employee login attempt with identifier: pw@example.com
#x1B[32mINFO    #x1B[0m app:auth_route.py:104 Login successful for employee user pw@example.com
#x1B[32mINFO    #x1B[0m app:auth_route.py:137 Issued JWT for user pwuser (ID: cac13dce-95ac-42fe-8b01-85701d697d51), roles: ['user']
#x1B[32mINFO    #x1B[0m app:auth_route.py:175 Returning JSON response for user pwuser
#x1B[32mINFO    #x1B[0m app:auth_route.py:59 Received login request
#x1B[35mDEBUG   #x1B[0m app:auth_route.py:62 Request JSON data: {'email': 'pw@example.com', 'password': 'NewPassword123!'}
#x1B[32mINFO    #x1B[0m app:auth_route.py:77 Employee login attempt with identifier: pw@example.com
#x1B[32mINFO    #x1B[0m app:auth_route.py:104 Login successful for employee user pw@example.com
#x1B[32mINFO    #x1B[0m app:auth_route.py:137 Issued JWT for user pwuser (ID: cac13dce-95ac-42fe-8b01-85701d697d51), roles: ['user']
#x1B[32mINFO    #x1B[0m app:auth_route.py:175 Returning JSON response for user pwuser
--------------------------------- Captured Out ---------------------------------

</system-out><system-err>--------------------------------- Captured Err ---------------------------------
INFO:app:Received registration data: {'email': 'pw@example.com', 'employee_id': 'PW001', 'mobile': '6655443322', 'roles': ['user'], 'user_type': 'employee', 'username': 'pwuser'}
INFO:app:#x1F512 Password set for user: pwuser
INFO:app:✅ User registered successfully: pwuser (pw@example.com)
INFO:app:Received login request
DEBUG:app:Request JSON data: {'email': 'pw@example.com', 'password': 'OldPassword123'}
INFO:app:Employee login attempt with identifier: pw@example.com
INFO:app:Login successful for employee user pw@example.com
INFO:app:Issued JWT for user pwuser (ID: cac13dce-95ac-42fe-8b01-85701d697d51), roles: ['user']
INFO:app:Returning JSON response for user pwuser
INFO:app:Received login request
DEBUG:app:Request JSON data: {'email': 'pw@example.com', 'password': 'NewPassword123!'}
INFO:app:Employee login attempt with identifier: pw@example.com
INFO:app:Login successful for employee user pw@example.com
INFO:app:Issued JWT for user pwuser (ID: cac13dce-95ac-42fe-8b01-85701d697d51), roles: ['user']
INFO:app:Returning JSON response for user pwuser

</system-err></testcase><testcase classname="tests.test_workflow" name="test_workflow_crud" time="0.506"><system-out>--------------------------------- Captured Log ---------------------------------
#x1B[32mINFO    #x1B[0m app:auth_route.py:25 Received registration data: {'email': 'admin_wf@example.com', 'employee_id': 'ADM_WF', 'mobile': '9998887771', 'roles': ['admin'], 'user_type': 'employee', 'username': 'admin_wf'}
#x1B[32mINFO    #x1B[0m app:auth_route.py:46 #x1F512 Password set for user: admin_wf
#x1B[32mINFO    #x1B[0m app:auth_route.py:50 ✅ User registered successfully: admin_wf (admin_wf@example.com)
#x1B[32mINFO    #x1B[0m app:auth_route.py:59 Received login request
#x1B[35mDEBUG   #x1B[0m app:auth_route.py:62 Request JSON data: {'email': 'admin_wf@example.com', 'password': 'Password123'}
#x1B[32mINFO    #x1B[0m app:auth_route.py:77 Employee login attempt with identifier: admin_wf@example.com
#x1B[32mINFO    #x1B[0m app:auth_route.py:104 Login successful for employee user admin_wf@example.com
#x1B[32mINFO    #x1B[0m app:auth_route.py:137 Issued JWT for user admin_wf (ID: e4df4424-44c2-4387-ba08-45ab6c3c9145), roles: ['admin']
#x1B[32mINFO    #x1B[0m app:auth_route.py:175 Returning JSON response for user admin_wf
#x1B[35mDEBUG   #x1B[0m app:decorator.py:23 Checking access for roles: ('creator', 'admin'), require_all: False
#x1B[32mINFO    #x1B[0m app:form.py:29 User admin_wf (ID: e4df4424-44c2-4387-ba08-45ab6c3c9145) is attempting to create a form with data: {'slug': 'workflow-source', 'status': 'published', 'title': 'Workflow Source', 'versions': [{'sections': [{'questions': [{'field_type': 'input', 'is_required': False, 'label': 'Name'}, {'field_type': 'input', 'is_required': False, 'label': 'Age'}], 'title': 'Section 1'}], 'version': '1.0'}]}
#x1B[32mINFO    #x1B[0m app:form.py:46 Form 1342979d-726b-4069-bc3e-96ff1be478ba created successfully by user admin_wf (ID: e4df4424-44c2-4387-ba08-45ab6c3c9145)
#x1B[35mDEBUG   #x1B[0m app:decorator.py:23 Checking access for roles: ('creator', 'admin'), require_all: False
#x1B[32mINFO    #x1B[0m app:form.py:29 User admin_wf (ID: e4df4424-44c2-4387-ba08-45ab6c3c9145) is attempting to create a form with data: {'slug': 'workflow-target', 'status': 'published', 'title': 'Workflow Target', 'versions': [{'sections': [{'questions': [{'field_type': 'input', 'is_required': False, 'label': 'Name'}, {'field_type': 'input', 'is_required': False, 'label': 'Age'}], 'title': 'Section 1'}], 'version': '1.0'}]}
#x1B[32mINFO    #x1B[0m app:form.py:46 Form 054af288-e2ce-49a7-bfc9-cf4f8780f817 created successfully by user admin_wf (ID: e4df4424-44c2-4387-ba08-45ab6c3c9145)
#x1B[35mDEBUG   #x1B[0m app:decorator.py:23 Checking access for roles: ('admin', 'superadmin'), require_all: False
#x1B[35mDEBUG   #x1B[0m app:decorator.py:23 Checking access for roles: ('admin', 'superadmin'), require_all: False
#x1B[35mDEBUG   #x1B[0m app:decorator.py:23 Checking access for roles: ('admin', 'superadmin'), require_all: False
#x1B[35mDEBUG   #x1B[0m app:decorator.py:23 Checking access for roles: ('admin', 'superadmin'), require_all: False
#x1B[35mDEBUG   #x1B[0m app:decorator.py:23 Checking access for roles: ('admin', 'superadmin'), require_all: False
--------------------------------- Captured Out ---------------------------------

</system-out><system-err>--------------------------------- Captured Err ---------------------------------
INFO:app:Received registration data: {'email': 'admin_wf@example.com', 'employee_id': 'ADM_WF', 'mobile': '9998887771', 'roles': ['admin'], 'user_type': 'employee', 'username': 'admin_wf'}
INFO:app:#x1F512 Password set for user: admin_wf
INFO:app:✅ User registered successfully: admin_wf (admin_wf@example.com)
INFO:app:Received login request
DEBUG:app:Request JSON data: {'email': 'admin_wf@example.com', 'password': 'Password123'}
INFO:app:Employee login attempt with identifier: admin_wf@example.com
INFO:app:Login successful for employee user admin_wf@example.com
INFO:app:Issued JWT for user admin_wf (ID: e4df4424-44c2-4387-ba08-45ab6c3c9145), roles: ['admin']
INFO:app:Returning JSON response for user admin_wf
DEBUG:app:Checking access for roles: ('creator', 'admin'), require_all: False
INFO:app:User admin_wf (ID: e4df4424-44c2-4387-ba08-45ab6c3c9145) is attempting to create a form with data: {'slug': 'workflow-source', 'status': 'published', 'title': 'Workflow Source', 'versions': [{'sections': [{'questions': [{'field_type': 'input', 'is_required': False, 'label': 'Name'}, {'field_type': 'input', 'is_required': False, 'label': 'Age'}], 'title': 'Section 1'}], 'version': '1.0'}]}
INFO:app:Form 1342979d-726b-4069-bc3e-96ff1be478ba created successfully by user admin_wf (ID: e4df4424-44c2-4387-ba08-45ab6c3c9145)
DEBUG:app:Checking access for roles: ('creator', 'admin'), require_all: False
INFO:app:User admin_wf (ID: e4df4424-44c2-4387-ba08-45ab6c3c9145) is attempting to create a form with data: {'slug': 'workflow-target', 'status': 'published', 'title': 'Workflow Target', 'versions': [{'sections': [{'questions': [{'field_type': 'input', 'is_required': False, 'label': 'Name'}, {'field_type': 'input', 'is_required': False, 'label': 'Age'}], 'title': 'Section 1'}], 'version': '1.0'}]}
INFO:app:Form 054af288-e2ce-49a7-bfc9-cf4f8780f817 created successfully by user admin_wf (ID: e4df4424-44c2-4387-ba08-45ab6c3c9145)
DEBUG:app:Checking access for roles: ('admin', 'superadmin'), require_all: False
DEBUG:app:Checking access for roles: ('admin', 'superadmin'), require_all: False
DEBUG:app:Checking access for roles: ('admin', 'superadmin'), require_all: False
DEBUG:app:Checking access for roles: ('admin', 'superadmin'), require_all: False
DEBUG:app:Checking access for roles: ('admin', 'superadmin'), require_all: False

</system-err></testcase><testcase classname="tests.test_workflow" name="test_workflow_execution" time="0.531"><system-out>--------------------------------- Captured Log ---------------------------------
#x1B[32mINFO    #x1B[0m app:auth_route.py:25 Received registration data: {'email': 'admin_wf@example.com', 'employee_id': 'ADM_WF', 'mobile': '9998887771', 'roles': ['admin'], 'user_type': 'employee', 'username': 'admin_wf'}
#x1B[32mINFO    #x1B[0m app:auth_route.py:46 #x1F512 Password set for user: admin_wf
#x1B[32mINFO    #x1B[0m app:auth_route.py:50 ✅ User registered successfully: admin_wf (admin_wf@example.com)
#x1B[32mINFO    #x1B[0m app:auth_route.py:59 Received login request
#x1B[35mDEBUG   #x1B[0m app:auth_route.py:62 Request JSON data: {'email': 'admin_wf@example.com', 'password': 'Password123'}
#x1B[32mINFO    #x1B[0m app:auth_route.py:77 Employee login attempt with identifier: admin_wf@example.com
#x1B[32mINFO    #x1B[0m app:auth_route.py:104 Login successful for employee user admin_wf@example.com
#x1B[32mINFO    #x1B[0m app:auth_route.py:137 Issued JWT for user admin_wf (ID: 3f73cb3d-8cd6-41ee-972a-5cc69507c8ac), roles: ['admin']
#x1B[32mINFO    #x1B[0m app:auth_route.py:175 Returning JSON response for user admin_wf
#x1B[35mDEBUG   #x1B[0m app:decorator.py:23 Checking access for roles: ('creator', 'admin'), require_all: False
#x1B[32mINFO    #x1B[0m app:form.py:29 User admin_wf (ID: 3f73cb3d-8cd6-41ee-972a-5cc69507c8ac) is attempting to create a form with data: {'slug': 'source-form-exec', 'status': 'published', 'title': 'Source Form Exec', 'versions': [{'sections': [{'questions': [{'field_type': 'input', 'is_required': False, 'label': 'Name'}, {'field_type': 'input', 'is_required': False, 'label': 'Age'}], 'title': 'Section 1'}], 'version': '1.0'}]}
#x1B[32mINFO    #x1B[0m app:form.py:46 Form 860de877-0198-4df3-bc44-5d0e11d58be2 created successfully by user admin_wf (ID: 3f73cb3d-8cd6-41ee-972a-5cc69507c8ac)
#x1B[35mDEBUG   #x1B[0m app:decorator.py:23 Checking access for roles: ('creator', 'admin'), require_all: False
#x1B[32mINFO    #x1B[0m app:form.py:29 User admin_wf (ID: 3f73cb3d-8cd6-41ee-972a-5cc69507c8ac) is attempting to create a form with data: {'slug': 'target-form-exec', 'status': 'published', 'title': 'Target Form Exec', 'versions': [{'sections': [{'questions': [{'field_type': 'input', 'is_required': False, 'label': 'Name'}, {'field_type': 'input', 'is_required': False, 'label': 'Age'}], 'title': 'Section 1'}], 'version': '1.0'}]}
#x1B[32mINFO    #x1B[0m app:form.py:46 Form 4c45035d-eb50-4a97-9ddc-ab9b6779bbc5 created successfully by user admin_wf (ID: 3f73cb3d-8cd6-41ee-972a-5cc69507c8ac)
#x1B[35mDEBUG   #x1B[0m app:decorator.py:23 Checking access for roles: ('admin', 'superadmin'), require_all: False
#x1B[32mINFO    #x1B[0m app:responses.py:26 Received submission for form_id: 860de877-0198-4df3-bc44-5d0e11d58be2
#x1B[32mINFO    #x1B[0m app:responses.py:61 Parsed JSON submission: {'1980aefd-8bd1-4aba-9636-29ffb0f6bca3': {'6fdfddbb-43b4-4176-8d83-92002872a8b3': 25, 'c5c3241a-063f-4cf7-9d0c-8a0cb8ebcbd9': 'Alice'}}
#x1B[32mINFO    #x1B[0m app:responses.py:98 Current user: 3f73cb3d-8cd6-41ee-972a-5cc69507c8ac, Form title: Source Form Exec
#x1B[32mINFO    #x1B[0m app:validation.py:78 Processing section: 1980aefd-8bd1-4aba-9636-29ffb0f6bca3, repeatable=False
#x1B[35mDEBUG   #x1B[0m app:validation.py:126 Checking question c5c3241a-063f-4cf7-9d0c-8a0cb8ebcbd9, label=Name
#x1B[35mDEBUG   #x1B[0m app:validation.py:126 Checking question 6fdfddbb-43b4-4176-8d83-92002872a8b3, label=Age
#x1B[32mINFO    #x1B[0m app:responses.py:125 Submission saved: response_id=c219a4f0-8598-42db-a815-b3467bb7b2ec, is_draft=False
#x1B[32mINFO    #x1B[0m app:responses.py:26 Received submission for form_id: 860de877-0198-4df3-bc44-5d0e11d58be2
#x1B[32mINFO    #x1B[0m app:responses.py:61 Parsed JSON submission: {'1980aefd-8bd1-4aba-9636-29ffb0f6bca3': {'6fdfddbb-43b4-4176-8d83-92002872a8b3': 15, 'c5c3241a-063f-4cf7-9d0c-8a0cb8ebcbd9': 'Bob'}}
#x1B[32mINFO    #x1B[0m app:responses.py:98 Current user: 3f73cb3d-8cd6-41ee-972a-5cc69507c8ac, Form title: Source Form Exec
#x1B[32mINFO    #x1B[0m app:validation.py:78 Processing section: 1980aefd-8bd1-4aba-9636-29ffb0f6bca3, repeatable=False
#x1B[35mDEBUG   #x1B[0m app:validation.py:126 Checking question c5c3241a-063f-4cf7-9d0c-8a0cb8ebcbd9, label=Name
#x1B[35mDEBUG   #x1B[0m app:validation.py:126 Checking question 6fdfddbb-43b4-4176-8d83-92002872a8b3, label=Age
#x1B[32mINFO    #x1B[0m app:responses.py:125 Submission saved: response_id=503378ba-61f4-463f-8b4b-88285ca010cd, is_draft=False
--------------------------------- Captured Out ---------------------------------

</system-out><system-err>--------------------------------- Captured Err ---------------------------------
INFO:app:Received registration data: {'email': 'admin_wf@example.com', 'employee_id': 'ADM_WF', 'mobile': '9998887771', 'roles': ['admin'], 'user_type': 'employee', 'username': 'admin_wf'}
INFO:app:#x1F512 Password set for user: admin_wf
INFO:app:✅ User registered successfully: admin_wf (admin_wf@example.com)
INFO:app:Received login request
DEBUG:app:Request JSON data: {'email': 'admin_wf@example.com', 'password': 'Password123'}
INFO:app:Employee login attempt with identifier: admin_wf@example.com
INFO:app:Login successful for employee user admin_wf@example.com
INFO:app:Issued JWT for user admin_wf (ID: 3f73cb3d-8cd6-41ee-972a-5cc69507c8ac), roles: ['admin']
INFO:app:Returning JSON response for user admin_wf
DEBUG:app:Checking access for roles: ('creator', 'admin'), require_all: False
INFO:app:User admin_wf (ID: 3f73cb3d-8cd6-41ee-972a-5cc69507c8ac) is attempting to create a form with data: {'slug': 'source-form-exec', 'status': 'published', 'title': 'Source Form Exec', 'versions': [{'sections': [{'questions': [{'field_type': 'input', 'is_required': False, 'label': 'Name'}, {'field_type': 'input', 'is_required': False, 'label': 'Age'}], 'title': 'Section 1'}], 'version': '1.0'}]}
INFO:app:Form 860de877-0198-4df3-bc44-5d0e11d58be2 created successfully by user admin_wf (ID: 3f73cb3d-8cd6-41ee-972a-5cc69507c8ac)
DEBUG:app:Checking access for roles: ('creator', 'admin'), require_all: False
INFO:app:User admin_wf (ID: 3f73cb3d-8cd6-41ee-972a-5cc69507c8ac) is attempting to create a form with data: {'slug': 'target-form-exec', 'status': 'published', 'title': 'Target Form Exec', 'versions': [{'sections': [{'questions': [{'field_type': 'input', 'is_required': False, 'label': 'Name'}, {'field_type': 'input', 'is_required': False, 'label': 'Age'}], 'title': 'Section 1'}], 'version': '1.0'}]}
INFO:app:Form 4c45035d-eb50-4a97-9ddc-ab9b6779bbc5 created successfully by user admin_wf (ID: 3f73cb3d-8cd6-41ee-972a-5cc69507c8ac)
DEBUG:app:Checking access for roles: ('admin', 'superadmin'), require_all: False
INFO:app:Received submission for form_id: 860de877-0198-4df3-bc44-5d0e11d58be2
INFO:app:Parsed JSON submission: {'1980aefd-8bd1-4aba-9636-29ffb0f6bca3': {'6fdfddbb-43b4-4176-8d83-92002872a8b3': 25, 'c5c3241a-063f-4cf7-9d0c-8a0cb8ebcbd9': 'Alice'}}
INFO:app:Current user: 3f73cb3d-8cd6-41ee-972a-5cc69507c8ac, Form title: Source Form Exec
INFO:app:Processing section: 1980aefd-8bd1-4aba-9636-29ffb0f6bca3, repeatable=False
DEBUG:app:Checking question c5c3241a-063f-4cf7-9d0c-8a0cb8ebcbd9, label=Name
DEBUG:app:Checking question 6fdfddbb-43b4-4176-8d83-92002872a8b3, label=Age
INFO:app:Submission saved: response_id=c219a4f0-8598-42db-a815-b3467bb7b2ec, is_draft=False
INFO:app:Received submission for form_id: 860de877-0198-4df3-bc44-5d0e11d58be2
INFO:app:Parsed JSON submission: {'1980aefd-8bd1-4aba-9636-29ffb0f6bca3': {'6fdfddbb-43b4-4176-8d83-92002872a8b3': 15, 'c5c3241a-063f-4cf7-9d0c-8a0cb8ebcbd9': 'Bob'}}
INFO:app:Current user: 3f73cb3d-8cd6-41ee-972a-5cc69507c8ac, Form title: Source Form Exec
INFO:app:Processing section: 1980aefd-8bd1-4aba-9636-29ffb0f6bca3, repeatable=False
DEBUG:app:Checking question c5c3241a-063f-4cf7-9d0c-8a0cb8ebcbd9, label=Name
DEBUG:app:Checking question 6fdfddbb-43b4-4176-8d83-92002872a8b3, label=Age
INFO:app:Submission saved: response_id=503378ba-61f4-463f-8b4b-88285ca010cd, is_draft=False

</system-err></testcase></testsuite></testsuites>